Adam Mark
Alfreda Thomas
Amanda Williams
Andrea Garrett
Anna Allen
Anne Blythe
Anthony Richardson
April Rash
Barry Jaffe
Bertha Brown
Beth Dorado
Betsy Rodriguez
Bill Green
Brian Mccully
Bryan Wood
Carol Montgomery
Carter Stover
Cassie Larson
Catherine Gain
Charles Chastain
Cheryl Roes
Christopher Arline
Corey Bureau
Craig Benjamin
Dean Winget
Deon Forrest
Domingo Cain
Donna Thulin
Dora Gonzales
Eddy Fortier
Edward Broadway
Elva Thill
Eric Morrison
Ernest Treaster
Essie Schmidt
Flora Smith
Florence Ohara
Georgia Ray
Gussie Gardiner
Harry Meczywor
Hattie Peace
Heather Hendricks
Hector Smith
Helen Goodrich
Herb Radcliffe
Herbert Staples
Irene Henderson
Irene Wheeler
Irving Guidry
Ivan Catalano
James Pollard
Janet Smith
Janice Khan
Jason Beatty
Jason Kalman
Jason Randell
Jason Sanchez
Jeffery Demello
Jena Coker
Jennifer Shropshire
Jerome Lorenzen
Jessie Bourbon
Jimmy Gittens
Jinny Pluemer
Joanne Gomez
John Lewis
John Moscowitz
John Pate
John Zuniga
Johnnie Phillips
Johnny Legions
Joseph Martinez
June Meyers
Jutta Williams
Katherine Stillings
Kathleen Lee
Kathryn Roby
Keith Marcum
Kenneth Cox
Kenneth Jenkins
Kevin Jimenez
Leah Alvarado
Leo King
Lesa Weddle
Louise Mcgrath
Lyman Gutierrez
Marcellus Johnson
Margaret Sheridan
Mark Roberts
Marshall Favreau
Mary Palma
Mary Singletary
Mary Thomas
Mary Torres
Mary Wallace
Mary Wood
Melody Anderson
Michael Goodnight
Michale Brown
Michele Mcfadden
Michelle Wilkerson
Migdalia Little
Mireya Williams
Nancy Elias
Nicole Kim
Ofelia Adkins
Olive Eason
Patrice Lowery
Patricia Groves
Patricia Harrington
Paula Shrout
Peggy Allen
Phillip Burke
Ralph Omara
Ray Callihan
Raymond Cheeks
Renae Jackson
Richard Casson
Robert Martinez
Robert Oakley
Ruben Cassano
Sandy Mcgahan
Sandy Williamson
Sharon Adams
Shaun James
Shirley Byrd
Shirley Smith
Sidney Martin
Steve Satmary
Steven Schmidt
Sun Hawkins
Susan Moore
Thomas Bailey
Thomas Marshall
Thomas Petterson
Tonya Boyle
Travis Rivers
Velma Eraso
Vickie Mondragon
Vincent Ferris
Virginia Conrad
Walter Bailey
Willa Burgess
William Bay

