10007
4006 4075
8761 4006
6850 8761
7974 6850
561 7974
9975 561
103 9975
9478 103
622 9478
6218 622
5006 6218
8082 5006
6718 8082
6147 6718
5570 6147
5577 5570
7777 5577
8238 7777
8162 8238
5546 8162
7424 5546
7866 7424
5836 7866
1044 5836
4466 1044
963 4466
8742 963
8992 8742
1843 8992
4050 1843
3985 4050
1456 3985
8347 1456
6761 8347
1030 6761
9058 1030
490 9058
4314 490
8621 4314
428 8621
6448 428
3508 6448
2553 3508
8641 2553
874 8641
156 874
454 156
705 454
6808 705
3799 6808
4042 3799
97 4042
4867 97
6052 4867
3258 6052
4048 3258
6421 4048
4914 6421
4322 4914
6613 4322
8462 6613
577 8462
322 577
8367 322
7381 8367
4343 7381
8099 4343
476 8099
4713 476
4913 4713
8191 4913
9780 8191
6063 9780
7302 6063
4052 7302
4098 4052
3349 4098
788 3349
8789 788
3649 8789
7593 3649
1976 7593
7943 1976
5678 7943
7933 5678
2728 7933
9344 2728
1406 9344
4517 1406
3962 4517
7148 3962
7320 7148
5944 7320
6204 5944
1487 6204
9809 1487
5942 9809
122 5942
7506 122
1292 7506
8703 1292
2829 8703
3785 2829
4160 3785
2389 4160
9436 2389
3377 9436
3684 3377
139 3684
6706 139
3881 6706
8299 3881
8042 8299
6434 8042
472 6434
5870 472
8517 5870
6704 8517
2891 6704
4415 2891
6355 4415
7579 6355
8210 7579
1066 8210
6389 1066
1184 6389
1213 1184
7440 1213
6217 7440
6484 6217
2844 6484
1506 2844
9850 1506
5653 9850
9897 5653
5840 9897
8083 5840
3269 8083
7707 3269
9987 7707
715 9987
8024 715
6351 8024
6593 6351
1545 6593
4536 1545
1794 4536
4526 1794
9906 4526
3829 9906
13 3829
4579 13
2681 4579
7926 2681
2490 7926
2792 2490
2555 2792
9191 2555
6919 9191
829 6919
9352 829
9569 9352
9019 9569
8369 9019
3525 8369
4202 3525
6424 4202
2235 6424
2302 2235
9679 2302
2206 9679
9729 2206
9470 9729
9969 9470
6590 9969
1382 6590
6420 1382
4047 6420
9465 4047
1690 9465
8119 1690
8549 8119
9137 8549
4752 9137
9022 4752
8886 9022
9349 8886
643 9349
4158 643
6060 4158
8045 6060
4643 8045
1373 4643
9080 1373
4820 9080
176 4820
3302 176
2312 3302
8807 2312
7454 8807
6864 7454
3656 6864
7608 3656
2172 7608
8786 2172
7076 8786
7308 7076
2007 7308
4737 2007
9774 4737
7266 9774
4464 7266
634 4464
1824 634
7231 1824
7863 7231
7421 7863
820 7421
7428 820
2392 7428
7061 2392
8479 7061
3063 8479
2189 3063
3734 2189
3958 3734
2818 3958
9262 2818
9650 9262
3562 9650
2802 3562
1405 2802
6326 1405
8265 6326
8218 8265
2781 8218
6315 2781
2255 6315
5562 2255
2234 5562
6492 2234
9511 6492
9539 9511
4544 9539
4957 4544
2236 4957
242 2236
3392 242
5434 3392
6649 5434
9860 6649
6825 9860
2193 6825
1492 2193
7613 1492
249 7613
3830 249
7096 3830
5201 7096
4293 5201
749 4293
7614 749
3386 7614
7591 3386
6982 7591
917 6982
2429 917
2976 2429
7674 2976
3595 7674
8839 3595
1007 8839
2999 1007
5547 2999
3388 5547
2662 3388
5805 2662
3098 5805
9570 3098
2518 9570
5752 2518
5001 5752
7108 5001
6036 7108
3129 6036
9163 3129
5851 9163
5463 5851
3038 5463
4915 3038
6766 4915
2764 6766
1161 2764
1297 1161
799 1297
3538 799
435 3538
3872 435
798 3872
6738 798
9145 6738
1889 9145
309 1889
521 309
5487 521
4575 5487
8857 4575
4429 8857
6979 4429
1614 6979
7721 1614
5886 7721
9318 5886
1182 9318
6626 1182
7483 6626
2650 7483
7888 2650
7574 7888
4072 7574
4508 4072
9081 4508
2032 9081
1480 2032
7851 1480
8624 7851
934 8624
1110 934
6101 1110
6621 6101
830 6621
2354 830
3722 2354
9443 3722
572 9443
3090 572
7126 3090
9441 7126
4970 9441
4475 4970
8067 4475
1798 8067
2194 1798
2251 2194
3661 2251
7405 3661
4135 7405
9222 4135
9015 9222
8343 9015
838 8343
7206 838
9799 7206
772 9799
6832 772
1012 6832
344 1012
9308 344
2956 9308
6317 2956
7153 6317
3371 7153
4462 3371
6936 4462
158 6936
6741 158
3100 6741
2224 3100
5361 2224
4681 5361
3270 4681
4272 3270
5446 4272
3137 5446
4082 3137
5597 4082
4963 5597
3331 4963
8092 3331
5631 8092
9746 5631
1231 9746
6522 1231
8075 6522
787 8075
5494 787
1300 5494
7078 1300
776 7078
9945 776
7768 9945
4512 7768
7685 4512
7508 7685
8998 7508
1922 8998
7171 1922
4832 7171
222 4832
4294 222
7700 4294
3918 7700
7374 3918
6980 7374
4104 6980
1439 4104
6638 1439
1020 6638
2550 1020
4982 2550
8819 4982
7373 8819
2481 7373
2081 2481
6673 2081
1063 6673
7679 1063
8714 7679
3648 8714
527 3648
2766 527
664 2766
4717 664
4001 4717
5288 4001
9882 5288
8981 9882
1119 8981
7843 1119
2927 7843
1045 2927
2986 1045
6038 2986
7819 6038
5748 7819
2748 5748
2886 2748
1904 2886
4298 1904
7063 4298
8541 7063
6316 8541
3809 6316
2852 3809
4123 2852
6462 4123
2041 6462
362 2041
8362 362
2711 8362
4175 2711
7739 4175
6488 7739
4705 6488
1510 4705
9328 1510
4965 9328
7001 4965
7333 7001
6855 7333
9905 6855
4828 9905
3615 4828
5116 3615
880 5116
1567 880
5319 1567
1408 5319
7006 1408
8910 7006
9071 8910
2982 9071
3890 2982
8732 3890
4279 8732
4608 4279
602 4608
9549 602
8888 9549
4221 8888
1295 4221
5480 1295
7568 5480
6854 7568
1668 6854
1773 1668
5766 1773
1022 5766
1698 1022
3301 1698
1088 3301
7236 1088
3743 7236
9773 3743
9588 9773
6655 9588
2467 6655
3432 2467
5040 3432
1158 5040
1537 1158
3123 1537
5900 3123
6733 5900
3364 6733
843 3364
4556 843
8853 4556
753 8853
109 753
7121 109
2710 7121
3178 2710
4785 3178
3677 4785
9566 3677
3118 9566
5349 3118
4437 5349
2272 4437
8525 2272
2610 8525
1742 2610
8054 1742
1945 8054
2402 1945
3729 2402
7393 3729
9491 7393
5956 9491
8056 5956
3338 8056
3399 3338
7589 3399
297 7589
3823 297
1285 3823
8970 1285
5503 8970
5812 5503
7003 5812
1265 7003
6889 1265
9133 6889
4565 9133
4661 4565
19 4661
5245 19
8618 5245
8421 8618
3721 8421
6188 3721
5055 6188
1731 5055
5094 1731
5340 5094
1469 5340
9821 1469
6805 9821
87 6805
7098 87
2828 7098
6661 2828
3309 6661
3320 3309
5007 3320
4143 5007
5586 4143
6027 5586
7202 6027
7967 7202
7310 7967
2716 7310
6903 2716
4854 6903
7936 4854
5834 7936
8735 5834
6749 8735
7627 6749
6489 7627
5362 6489
7542 5362
2458 7542
5984 2458
3190 5984
9996 3190
7303 9996
3877 7303
2462 3877
416 2462
864 416
6870 864
4306 6870
5938 4306
9870 5938
2557 9870
3383 2557
900 3383
8897 900
6635 8897
6946 6635
9504 6946
3754 9504
2872 3754
2246 2872
1011 2246
4395 1011
8258 4395
5115 8258
970 5115
4887 970
8261 4887
4427 8261
2602 4427
2929 2602
8715 2929
5618 8715
4875 5618
8043 4875
516 8043
1746 516
4755 1746
4726 4755
2173 4726
8240 2173
6379 8240
9507 6379
1427 9507
9386 1427
6992 9386
9312 6992
3159 9312
3039 3159
4659 3039
2582 4659
8782 2582
8148 8782
267 8148
8053 267
3994 8053
8685 3994
9084 8685
6039 9084
4361 6039
2663 4361
6784 2663
6031 6784
1751 6031
9357 1751
5232 9357
8366 5232
6731 8366
8611 6731
7345 8611
5138 7345
4885 5138
5250 4885
4290 5250
6380 4290
8529 6380
7051 8529
244 7051
1588 244
230 1588
2693 230
8443 2693
1979 8443
7994 1979
1810 7994
524 1810
2647 524
4509 2647
487 4509
549 487
9777 549
2238 9777
7602 2238
3795 7602
9765 3795
9060 9765
7996 9060
4224 7996
8675 4224
5603 8675
3036 5603
1202 3036
9671 1202
8954 9671
2997 8954
5309 2997
5897 5309
7655 5897
67 7655
8452 67
1658 8452
6467 1658
6892 6467
1718 6892
1443 1718
3379 1443
9319 3379
8330 9319
1015 8330
8108 1015
9541 8108
4038 9541
7503 4038
3507 7503
9460 3507
3642 9460
62 3642
9284 62
8787 9284
6684 8787
9621 6684
3171 9621
7065 3171
8405 7065
2898 8405
2746 2898
86 2746
6046 86
1540 6046
501 1540
8384 501
3715 8384
5550 3715
9930 5550
9471 9930
1269 9471
690 1269
5104 690
6648 5104
2690 6648
9102 2690
2207 9102
5495 2207
1175 5495
842 1175
3244 842
8151 3244
6981 8151
9619 6981
265 9619
3585 265
7835 3585
9209 7835
8499 9209
1077 8499
5099 1077
3486 5099
9273 3486
6780 9273
9042 6780
1143 9042
9083 1143
7167 9083
5125 7167
2475 5125
378 2475
432 378
4881 432
1135 4881
2883 1135
8022 2883
2689 8022
485 2689
9818 485
7018 9818
978 7018
1250 978
4363 1250
2210 4363
5605 2210
4912 5605
899 4912
9241 899
7763 9241
1866 7763
7645 1866
2665 7645
6244 2665
5180 6244
5566 5180
1280 5566
44 1280
7047 44
6224 7047
2358 6224
9642 2358
1548 9642
4308 1548
3205 4308
9388 3205
6512 9388
5799 6512
3666 5799
6947 3666
5300 6947
7412 5300
1190 7412
1366 1190
8681 1366
1995 8681
929 1995
4953 929
866 4953
3107 866
5514 3107
4185 5514
7640 4185
1820 7640
115 1820
6987 115
9957 6987
8709 9957
7201 8709
6343 7201
8436 6343
748 8436
2456 748
4144 2456
4506 4144
5700 4506
2448 5700
7665 2448
1236 7665
7069 1236
1259 7069
6353 1259
8351 6353
9854 8351
9663 9854
7673 9663
6284 7673
7767 6284
179 7767
1858 179
411 1858
4724 411
5308 4724
284 5308
1457 284
6856 1457
2855 6856
8706 2855
5683 8706
7630 5683
8484 7630
3674 8484
2923 3674
1076 2923
2760 1076
8592 2760
9559 8592
9817 9559
9274 9817
4341 9274
4673 4341
1142 4673
1249 1142
5226 1249
4814 5226
355 4814
8766 355
8506 8766
6093 8506
8625 6093
294 8625
3612 294
3857 3612
9132 3857
1613 9132
9676 1613
6270 9676
2652 6270
6806 2652
1094 6806
5592 1094
6254 5592
6510 6254
9166 6510
152 9166
4696 152
3014 4696
8361 3014
4199 8361
7039 4199
9066 7039
8780 9066
2281 8780
1622 2281
8483 1622
6670 8483
8493 6670
3182 8493
4353 3182
2288 4353
7012 2288
1139 7012
2231 1139
2516 2231
2303 2516
1654 2303
318 1654
9496 318
4467 9496
6558 4467
4975 6558
2864 4975
2244 2864
4853 2244
2789 4853
8444 2789
6463 8444
5711 6463
59 5711
7453 59
1409 7453
9485 1409
8816 9485
6161 8816
1488 6161
7168 1488
6439 7168
3169 6439
5642 3169
8543 5642
5357 8543
3138 5357
2461 3138
2627 2461
608 2627
9037 608
5697 9037
7227 5697
6320 7227
8143 6320
9238 8143
8400 9238
9444 8400
3490 9444
8164 3490
4121 8164
6783 4121
2428 6783
2989 2428
6960 2989
5347 6960
4148 5347
1277 4148
6958 1277
1507 6958
8061 1507
2451 8061
1845 2451
4985 1845
6265 4985
8637 6265
6532 8637
6186 6532
2572 6186
8983 2572
4750 8983
2016 4750
5402 2016
6342 5402
8392 6342
8419 8392
9299 8419
924 9299
1375 924
196 1375
7173 196
8736 7173
2990 8736
7530 2990
9788 7530
5961 9788
7314 5961
6799 7314
1589 6799
5002 1589
6374 5002
534 6374
6745 534
4280 6745
4916 4280
9403 4916
9941 9403
8945 9941
4468 8945
1485 4468
9526 1485
7803 9526
9552 7803
6281 9552
5031 6281
8287 5031
997 8287
7196 997
4406 7196
105 4406
4702 105
1525 4702
2654 1525
5174 2654
933 5174
984 933
9359 984
6405 9359
206 6405
7872 206
6583 7872
1449 6583
9785 1449
5645 9785
3944 5645
7713 3944
2821 7713
3427 2821
840 3427
762 840
3285 762
703 3285
9601 703
7309 9601
3064 7309
5198 3064
4594 5198
58 4594
1278 58
1226 1278
1593 1226
9510 1593
8510 9510
617 8510
3604 617
2771 3604
3952 2771
4677 3952
1097 4677
3238 1097
4513 3238
208 4513
225 208
5890 225
8203 5890
3025 8203
7212 3025
6214 7212
4380 6214
2661 4380
6503 2661
377 6503
2988 377
9675 2988
7156 9675
855 7156
8513 855
5596 8513
3152 5596
960 3152
8303 960
6007 8303
1869 6007
337 1869
9620 337
372 9620
7319 372
2560 7319
5621 2560
3951 5621
2262 3951
8813 2262
4333 8813
5097 4333
1018 5097
8345 1018
4132 8345
727 4132
7316 727
6873 7316
3803 6873
4120 3803
9402 4120
35 9402
9305 35
3991 9305
1072 3991
930 1072
9151 930
3992 9151
4744 3992
7146 4744
2000 7146
8653 2000
9260 8653
2198 9260
2453 2198
1241 2453
9998 1241
3757 9998
9397 3757
8951 9397
9249 8951
1902 9249
4605 1902
7519 4605
3969 7519
544 3969
3591 544
7327 3591
5582 7327
4304 5582
2100 4304
3234 2100
1708 3234
4911 1708
4263 4911
120 4263
3641 120
9458 3641
7359 9458
1381 7359
5222 1381
5368 5222
4623 5368
9228 4623
9244 9228
3186 9244
9438 3186
2215 9438
4373 2215
7175 4373
3055 7175
1606 3055
7699 1606
7725 7699
1334 7725
6923 1334
6699 6923
4011 6699
681 4011
6619 681
7383 6619
9995 7383
8008 9995
902 8008
859 902
4376 859
6727 4376
9951 6727
9202 9951
720 9202
217 720
8453 217
955 8453
4173 955
7520 4173
3758 7520
996 3758
1717 996
2717 1717
5744 2717
5604 5744
53 5604
5923 53
4083 5923
8567 4083
6435 8567
7545 6435
3975 7545
8828 3975
9573 8828
4810 9573
5790 4810
9327 5790
4698 9327
7762 4698
3893 7762
2577 3893
824 2577
2013 824
9986 2013
6181 9986
3078 6181
7062 3078
7083 7062
5424 7083
3926 5424
8771 3926
2474 8771
6385 2474
3448 6385
4746 3448
9726 4746
7912 9726
1821 7912
6776 1821
2187 6776
8170 2187
9139 8170
2464 9139
6384 2464
7576 6384
4451 7576
2963 4451
70 2963
5698 70
4301 5698
4414 4301
5280 4414
1864 5280
9003 1864
6135 9003
761 6135
6369 761
5692 6369
8079 5692
6778 8079
9782 6778
2423 9782
6001 2423
4877 6001
1689 4877
1448 1689
7570 1448
2917 7570
3126 2917
4260 3126
7769 4260
1949 7769
7555 1949
1921 7555
9484 1921
2472 9484
3783 2472
3256 3783
4784 3256
3054 4784
7208 3054
4434 7208
9117 4434
1321 9117
7211 1321
6160 7211
1305 6160
1522 1305
1916 1522
4765 1916
3128 4765
4838 3128
3358 4838
5237 3358
9838 5237
7008 9838
3971 7008
9796 3971
7438 9796
5311 7438
2436 5311
3635 2436
2519 3635
7122 2519
1925 7122
1057 1925
5723 1057
2571 5723
446 2571
5169 446
6345 5169
8797 6345
7647 8797
5919 7647
950 5919
8918 950
9784 8918
7595 9784
4822 7595
8039 4822
219 8039
8102 219
9424 8102
308 9424
8058 308
8133 8058
5267 8133
2523 5267
3185 2523
9148 3185
100 9148
5133 100
6644 5133
5452 6644
5880 5452
9937 5880
5862 9937
4852 5862
6948 4852
3678 6948
8208 3678
3910 8208
6359 3910
439 6359
5902 439
2057 5902
1781 2057
9099 1781
1992 9099
5982 1992
630 5982
953 630
8244 953
4739 8244
648 4739
8181 648
7182 8181
8439 7182
9734 8439
2667 9734
4522 2667
3779 4522
882 3779
83 882
4616 83
6164 4616
2618 6164
460 2618
3441 460
793 3441
5575 793
2037 5575
5991 2037
8775 5991
8845 8775
7581 8845
3199 7581
5804 3199
8371 5804
6381 8371
5030 6381
3712 5030
9330 3712
2539 9330
7970 2539
7031 7970
1153 7031
5516 1153
9473 5516
4163 9473
6249 4163
1844 6249
2896 1844
5316 2896
1629 5316
4903 1629
3957 4903
9962 3957
6636 9962
9707 6636
9843 9707
118 9843
1311 118
7603 1311
8130 7603
1204 8130
1675 1204
6966 1675
7867 6966
1437 7867
9715 1437
3551 9715
8370 3551
6193 8370
9190 6193
4347 9190
3004 4347
5763 3004
4439 5763
2811 4439
4675 2811
5235 4675
3767 5235
9072 3767
6283 9072
520 6283
1617 520
8887 1617
8989 8887
5509 8989
7400 5509
806 7400
4871 806
7761 4871
7984 7761
4580 7984
8273 4580
4725 8273
519 4725
3919 519
7705 3919
2124 7705
3293 2124
6051 3293
2684 6051
895 2684
1744 895
9714 1744
4342 9714
4473 4342
1583 4473
9743 1583
7527 9743
138 7527
2975 138
2729 2975
5240 2729
9432 5240
7198 9432
3484 7198
3672 3484
47 3672
9474 47
5120 9474
8445 5120
2820 8445
2176 2820
5262 2176
4049 5262
9183 4049
9242 9183
2779 9242
5968 2779
6853 5968
4991 6853
5531 4991
7416 5531
7847 7416
8414 7847
459 8414
6837 459
8174 6837
2040 8174
6578 2040
4334 6578
9923 4334
8010 9923
5259 8010
948 5259
3781 948
5782 3781
2785 5782
6974 2785
5163 6974
4455 5163
9689 4455
5450 9689
5396 5450
278 5396
3596 278
6410 3596
9970 6410
3886 9970
2885 3886
2607 2885
4987 2607
2949 4987
5046 2949
8135 5046
7268 8135
7344 7268
813 7344
1452 813
6423 1452
9985 6423
9189 9985
9711 9189
3093 9711
7582 3093
9835 7582
513 9835
8470 513
3679 8470
751 3679
7914 751
785 7914
3570 785
7116 3570
5746 7116
5663 5746
1476 5663
6312 1476
9077 6312
5915 9077
6820 5915
2038 6820
6442 2038
8642 6442
5629 8642
2120 5629
8692 2120
1850 8692
3512 1850
1237 3512
1424 1237
2697 1424
7932 2697
2117 7932
6747 2117
6250 6747
6498 6250
3115 6498
3673 3115
5386 3673
6477 5386
7195 6477
7944 7195
9862 7944
5062 9862
1733 5062
9050 1733
5825 9050
9612 5825
649 9612
4463 649
1203 4463
157 1203
8796 157
8198 8796
8872 8198
7695 8872
5523 7695
8601 5523
4261 8601
9160 4261
3586 9160
6157 3586
8374 6157
8126 8374
1261 8126
5019 1261
1308 5019
8965 1308
6894 8965
7599 6894
4797 7599
2439 4797
119 2439
791 119
5904 791
374 5904
8095 374
7392 8095
6865 7392
2874 6865
5970 2874
2719 5970
5122 2719
6238 5122
927 6238
5913 927
7733 5913
1819 7733
3865 1819
3211 3865
6333 3211
4578 6333
770 4578
2247 770
2761 2247
301 2761
8097 301
6414 8097
6614 6414
9830 6614
1829 9830
3768 1829
7371 3768
9686 7371
9791 9686
5721 9791
3696 5721
3235 3696
3692 3235
1626 3692
5054 1626
5501 5054
7388 5501
600 7388
5224 600
1714 5224
6968 1714
6236 6968
2651 6236
686 2651
1572 686
4719 1572
7028 4719
2166 7028
6372 2166
5409 6372
5422 5409
8129 5422
6531 8129
7189 6531
7402 7189
6163 7402
127 6163
8950 127
3087 8950
8179 3087
1113 8179
5181 1113
2991 5181
2932 2991
3924 2932
418 3924
9134 418
6740 9134
3491 6740
134 3491
4407 134
5453 4407
129 5453
1712 129
1294 1712
5794 1294
6136 5794
1270 6136
5394 1270
7661 5394
5189 7661
6544 5189
9170 6544
2391 9170
3074 2391
1430 3074
723 1430
28 723
4442 28
8511 4442
168 8511
9944 168
9184 9944
8206 9184
8302 8206
714 8302
2646 714
5983 2646
576 5983
3493 576
3970 3493
1536 3970
7447 1536
5327 7447
1436 5327
8398 1436
5339 8398
4969 5339
1359 4969
4723 1359
3741 4723
5212 3741
6955 5212
9339 6955
2966 9339
5320 2966
6183 5320
9605 6183
2367 9605
1825 2367
722 1825
890 722
3747 890
599 3747
786 599
7442 786
3217 7442
7528 3217
8822 7528
8037 8822
1609 8037
5020 1609
8057 5020
277 8057
7638 277
3109 7638
1550 3109
2010 1550
9584 2010
3091 9584
7420 3091
1660 7420
2858 1660
7774 2858
5992 7774
185 5992
7793 185
3144 7793
1807 3144
7845 1807
1620 7845
2430 1620
2343 2430
2547 2343
9640 2547
2417 9640
8333 2417
5166 8333
4480 5166
8262 4480
4839 8262
663 4839
975 663
1687 975
5473 1687
4636 5473
2209 4636
3862 2209
1446 3862
7650 1446
4694 7650
5950 4694
107 5950
5779 107
4142 5779
9823 4142
6028 9823
5165 6028
260 5165
6102 260
677 6102
1402 677
4687 1402
4345 4687
6887 4345
4921 6887
9304 4921
7322 9304
4495 7322
5527 4495
4139 5527
3908 4139
8416 3908
5655 8416
6165 5655
8917 6165
396 8917
9748 396
7758 9748
9361 7758
4761 9361
4208 4761
4941 4208
2578 4941
1595 2578
8118 1595
2708 8118
2638 2708
3775 2638
1229 3775
2239 1229
1484 2239
7643 1484
9340 7643
6970 9340
3435 6970
3225 3435
3220 3225
7334 3220
6058 7334
2477 6058
7275 2477
363 7275
3069 363
4902 3069
9696 4902
4416 9696
7395 4416
831 7395
8785 831
2599 8785
4200 2599
7561 4200
7859 7561
6142 7859
4585 6142
5223 4585
5927 5223
7485 5927
1741 7485
8175 1741
5449 8175
3085 5449
4710 3085
4344 4710
1455 4344
7283 1455
7836 7283
4124 7836
8459 4124
8335 8459
7947 8335
7723 7947
343 7723
1504 343
2930 1504
92 2930
3454 92
187 3454
2653 187
818 2653
9095 818
6581 9095
3502 6581
4718 3502
7539 4718
5219 7539
777 5219
6847 777
4922 6847
4412 4922
5191 4412
274 5191
8160 274
4180 8160
3395 4180
7802 3395
177 7802
9775 177
9057 9775
6907 9057
8687 6907
9936 8687
4435 9936
2616 4435
7179 2616
7360 7179
6493 7360
1909 6493
2286 1909
431 2286
1304 431
7535 1304
6689 7535
1630 6689
399 1630
9363 399
8610 9363
6222 8610
8190 6222
5428 8190
7335 5428
7583 7335
4843 7583
7131 4843
1787 7131
4732 1787
1210 4732
4607 1210
5263 4607
6469 5263
9820 6469
2791 9820
3175 2791
6341 3175
4511 6341
7246 4511
5315 7246
4835 5315
1726 4835
3787 1726
7731 3787
9487 7731
1936 9487
3013 1936
7955 3013
3017 7955
2036 3017
4288 2036
1396 4288
4678 1396
121 4678
6040 121
8457 6040
5044 8457
1911 5044
2552 1911
3257 2552
8689 3257
8144 8689
2574 8144
5907 2574
644 5907
3668 644
6234 3668
792 6234
8003 792
584 8003
1198 584
99 1198
9025 99
380 9025
5464 380
4646 5464
1839 4646
517 1839
1322 517
6225 1322
4638 6225
858 4638
1651 858
5279 1651
4401 5279
3914 4401
8639 3914
1801 8639
9052 1801
1942 9052
4127 1942
6717 4127
1462 6717
7680 1462
854 7680
3752 854
8956 3752
1680 8956
7498 1680
923 7498
3164 923
8850 3164
1317 8850
7143 1317
5482 7143
2134 5482
8555 2134
995 8555
3855 995
8404 3855
9842 8404
4874 9842
6866 4874
1357 6866
1194 1357
4931 1194
9974 4931
5635 9974
8841 5635
2839 8841
5948 2839
4939 5948
6994 4939
7611 6994
5837 7611
5727 5837
6396 5727
684 6396
5154 684
9346 5154
752 9346
2469 752
3329 2469
5993 3329
913 5993
5519 913
9119 5519
6767 9119
8691 6767
2871 8691
8413 2871
6555 8413
611 6555
2031 611
9094 2031
901 9094
4656 901
4222 4656
7919 4222
2455 7919
1686 2455
5798 1686
4302 5798
8953 4302
2395 8953
2075 2395
1650 2075
540 1650
4002 540
5552 4002
2088 5552
518 2088
2290 518
427 2290
7277 427
1293 7277
9114 1293
5333 9114
9047 5333
2407 9047
6151 2407
8254 6151
3543 8254
4531 3543
5233 4531
1813 5233
9204 1813
1705 9204
10 1705
1752 10
1527 1752
3114 1527
1590 3114
8199 1590
7222 8199
5239 7222
5271 5239
5940 5271
4780 5940
6891 4780
5889 6891
1552 5889
5800 1552
5093 5800
2039 5093
4949 2039
8560 4949
8972 8560
4489 8972
4396 4489
4502 4396
1301 4502
2706 1301
1597 2706
4062 1597
5214 4062
8746 5214
9685 8746
9195 9685
3251 9195
4634 3251
6646 4634
5625 6646
2278 5625
9615 2278
2324 9615
1380 2324
9498 1380
4487 9498
2023 4487
7991 2023
717 7991
281 717
32 281
8967 32
8895 8967
6586 8895
8686 6586
7086 8686
8942 7086
7151 8942
6682 7151
8172 6682
7786 8172
9550 7786
6295 9550
5995 6295
5321 5995
5088 5321
5437 5088
7748 5437
6601 7748
2597 6601
8752 2597
5306 8752
7238 5306
2424 7238
6517 2424
3065 6517
2105 3065
6525 2105
1069 6525
9450 1069
4056 9450
1458 4056
1757 1458
4869 1757
77 4869
5455 77
8852 5455
2496 8852
5652 2496
9681 5652
3056 9681
1971 3056
8014 1971
8006 8014
4904 8006
2237 4904
7927 2237
3725 7927
6334 3725
6777 6334
9197 6777
5946 9197
8260 5946
1271 8260
8256 1271
6792 8256
9721 6792
9033 9721
4157 9033
1075 4157
5861 1075
3480 5861
1214 3480
5500 1214
5038 5500
4402 5038
9355 4402
766 9355
6995 766
589 6995
5636 589
2851 5636
3717 2851
4777 3717
2713 4777
6205 2713
1568 6205
7159 1568
5024 7159
1602 5024
189 1602
4165 189
9768 4165
413 9768
85 413
8007 85
4551 8007
7365 4551
1898 7365
6608 1898
7869 6608
2017 7869
9179 2017
2569 9179
8514 2569
741 8514
8772 741
2759 8772
5199 2759
8319 5199
4479 8319
21 4479
4486 21
1435 4486
6026 1435
4034 6026
6687 4034
6199 6687
3755 6199
542 3755
8657 542
9797 8657
8044 9797
7628 8044
1842 7628
7056 1842
4115 7056
1693 4115
1318 1693
8019 1318
359 8019
5543 359
6545 5543
5611 6545
4906 5611
7249 4906
1935 7249
5530 1935
5908 5530
5731 5908
6192 5731
6753 6192
3194 6753
2657 3194
3032 2657
2225 3032
4189 2225
3980 4189
2419 3980
1603 2419
5639 1603
9156 5639
9947 9156
5056 9947
1332 5056
2772 1332
3822 2772
8759 3822
4022 8759
2001 4022
7311 2001
201 7311
3613 201
2503 3613
9085 2503
4966 9085
7878 4966
9406 7878
7915 9406
8979 7915
6314 8979
6931 6314
1840 6931
7669 1840
6760 7669
2498 6760
4193 2498
279 4193
3089 279
2659 3089
1451 2659
9167 1451
4653 9167
3230 4653
9543 3230
4537 9543
1701 4537
1656 1701
3948 1656
9611 3948
4425 9611
6533 4425
8784 6533
9091 8784
288 9091
3061 288
8027 3061
5517 8027
3177 5517
4190 3177
9021 4190
2414 9021
387 2414
3073 387
8168 3073
8423 8168
8220 8423
982 8220
1931 982
7901 1931
8350 7901
4390 8350
6303 4390
9992 6303
4060 9992
6591 4060
1806 6591
3819 1806
8495 3819
6542 8495
2751 6542
5008 2751
2080 5008
9966 2080
5293 9966
7880 5293
5035 7880
8616 5035
7626 8616
9448 7626
8379 9448
2527 8379
8729 2527
6560 8729
6557 6560
8285 6557
4220 8285
5680 4220
3654 5680
188 3654
2994 188
2375 2994
4289 2375
1874 4289
9525 1874
6083 9525
1273 6083
3941 1273
3943 3941
6692 3943
3581 6692
7781 3581
6261 7781
6878 6261
9286 6878
7682 9286
8811 7682
7125 8811
1257 7125
299 1257
6368 299
9841 6368
3850 9841
707 3850
1208 707
3701 1208
6087 3701
287 6087
7136 287
3297 7136
9524 3297
2151 9524
6126 2151
614 6126
8530 614
9869 8530
4133 9869
9140 4133
6070 9140
3400 6070
4548 3400
1847 4548
8115 1847
2529 8115
4518 2529
9659 4518
4668 9659
4171 4668
2842 4171
5628 2842
5113 5628
7052 5113
2520 7052
8402 2520
8679 8402
6537 8679
3638 6537
1048 3638
6438 1048
2378 6438
5229 2378
4994 5229
3911 4994
7181 3911
89 7181
8833 89
2164 8833
6756 2164
7557 6756
9692 7557
7297 9692
2 7297
3160 2
3080 3160
5736 3080
49 5736
2801 49
7773 2801
4847 7773
7026 4847
9258 7026
2940 9258
1309 2940
3990 1309
5374 3990
1957 5374
2970 1957
69 2970
4274 69
2705 4274
81 2705
5365 81
6884 5365
8809 6884
8542 8809
346 8542
6694 346
4728 6694
3703 4728
4177 3703
2683 4177
632 2683
7379 632
6237 7379
4064 6237
1551 4064
8096 1551
4652 8096
5507 4652
3892 5507
5884 3892
1562 5884
2059 1562
9337 2059
350 9337
5911 350
3664 5911
8856 3664
280 8856
199 280
2049 199
695 2049
3050 695
4151 3050
3907 4151
1212 3907
6569 1212
2192 6569
7244 2192
9770 7244
252 9770
726 252
8651 726
6053 8651
2826 6053
4087 2826
9834 4087
5130 9834
8849 5130
8441 8849
6526 8441
4967 6526
3076 4967
5506 3076
7799 5506
1965 7799
125 1965
1973 125
5922 1973
8944 5922
4365 8944
6406 4365
670 6406
7219 670
7101 7219
7130 7101
2104 7130
5149 2104
3520 5149
8867 3520
8667 8867
4074 8667
4708 4074
4561 4708
6321 4561
6975 6321
7980 6975
1554 7980
6896 1554
5477 6896
4374 5477
1765 4374
4924 1765
1730 4924
6774 1730
6693 6774
6335 6693
7741 6335
7348 7741
5607 7348
3488 5607
9859 3488
8638 9859
1223 8638
8125 1223
8534 8125
8741 8534
2617 8741
4372 2617
9728 4372
8492 9728
1319 8492
3242 1319
338 3242
921 338
508 921
2273 508
1197 2273
2175 1197
4918 2175
4044 4918
8321 4044
5170 8321
1123 5170
7473 1123
6062 7473
25 6062
448 25
8466 448
7472 8466
3820 7472
5974 3820
5553 5974
9513 5553
683 9513
2636 683
6220 2636
2910 6220
5072 2910
8859 5072
767 8859
3605 767
9254 3605
8834 9254
8358 8834
9106 8358
7564 9106
8242 7564
685 8242
6603 685
2655 6603
6570 2655
4745 6570
8465 4745
7828 8465
8854 7828
9486 8854
1737 9486
7821 1737
7918 7821
429 7918
4130 429
7342 4130
8023 7342
6324 8023
5373 6324
8002 5373
8801 8002
3658 8801
9277 3658
1695 9277
1260 1695
3932 1260
6763 3932
4686 6763
1407 4686
1700 1407
2217 1700
8875 2217
8613 8875
9881 8613
9399 9881
7025 9399
4275 7025
4940 4275
3075 4940
8327 3075
5981 8327
1860 5981
503 1860
3461 503
410 3461
9698 410
5673 9698
7516 5673
8415 7516
6575 8415
5549 6575
1514 5549
3231 1514
7922 3231
5952 7922
509 5952
7502 509
4091 7502
7250 4091
7928 7250
9545 7928
5690 9545
1465 5690
1181 1465
4063 1181
205 4063
6024 205
4386 6024
4851 4386
1116 4851
1390 1116
3049 1390
8193 3049
1786 8193
3141 1786
5310 3141
4597 5310
3987 4597
3003 3987
2147 3003
4129 2147
2320 4129
1587 2320
1156 1587
7985 1156
397 7985
2223 397
2145 2223
1338 2145
4909 1338
7522 4909
7044 7522
6480 7044
1032 6480
2096 1032
9789 2096
8912 9789
9832 8912
8461 9832
6258 8461
9193 6258
6721 9193
9538 6721
8410 9538
6219 8410
3875 6219
6815 3875
4676 6815
1811 4676
7059 1811
8281 7059
9390 8281
3381 9390
3022 3381
9320 3022
4471 9320
6105 4471
8233 6105
1170 8233
6282 1170
4671 6282
8473 4671
5080 8473
117 5080
3868 117
9477 3868
218 9477
3262 218
8844 3262
2025 8844
8904 2025
9454 8904
8961 9454
2658 8961
356 2658
6084 356
9813 6084
7111 9813
1028 7111
7924 1028
3891 7924
1490 3891
5600 1490
819 5600
5675 819
7 5675
9979 7
8751 9979
475 8751
1799 475
4806 1799
9108 4806
8747 9108
6458 8747
8973 6458
538 8973
9965 538
9451 9965
2846 9451
145 2846
4498 145
1831 4498
8690 1831
2168 8690
7258 2168
6956 7258
1004 6956
9218 1004
9105 9218
5111 9105
1947 5111
9608 1947
6000 9608
2621 6000
7523 2621
9217 7523
1509 9217
1078 1509
7315 1078
9653 7315
4228 9653
1 4228
5324 1
186 5324
8496 186
4079 8496
9324 4079
6294 9324
5426 6294
1096 5426
2271 1096
867 2271
6813 867
286 6813
4591 286
7794 4591
9063 7794
7917 9063
2591 7917
7648 2591
1901 7648
7270 1901
5850 7270
4501 5850
5466 4501
8216 5466
5474 8216
3412 5474
7160 3412
8455 7160
6904 8455
4491 6904
4973 4491
4923 4973
4868 4923
569 4868
9943 569
9306 9943
2248 9306
6473 2248
5433 6473
1114 5433
39 1114
9400 39
9617 9400
7138 9617
525 7138
9433 525
2268 9433
5831 2268
3161 5831
9051 3161
8275 9051
4469 8275
4577 4469
7754 4577
2489 7754
7957 2489
9678 7957
5556 9678
9256 5556
2162 9256
4061 2162
9632 4061
2921 9632
2639 2921
2327 2639
4876 2327
9389 4876
5183 9389
4078 5183
6482 4078
7770 6482
2044 7770
172 2044
8968 172
2511 8968
2833 2511
4398 2833
9014 4398
4801 9014
57 4801
2774 57
7020 2774
6210 7020
5685 6210
8994 5685
8940 8994
455 8940
9509 455
1115 9509
282 1115
6483 282
1400 6483
5192 1400
9613 5192
3391 9613
7653 3391
3769 7653
1897 3769
9918 1897
6925 9918
4788 6925
5740 4788
3082 5740
6255 3082
9530 6255
4763 9530
2843 4763
5717 2843
8598 5717
6401 8598
1140 6401
9090 1140
4606 9090
9315 4606
3070 9315
9162 3070
5745 9162
8919 5745
6523 8919
3232 6523
3397 3232
802 3397
9537 802
6971 9537
2902 6971
5511 2902
8609 5511
6131 8609
6973 6131
6280 6973
2012 6280
6370 2012
9281 6370
3869 9281
8230 3869
5379 8230
3043 5379
9668 3043
2865 9668
7514 2865
4196 7514
6029 4196
6882 6029
7318 6882
9733 7318
1624 9733
5637 1624
2758 5637
1152 2758
5883 1152
2446 5883
1803 2446
526 1803
3365 526
7823 3365
9988 7823
7858 9988
2995 7858
8383 2995
8932 8383
9494 8932
5248 9494
320 5248
4268 320
9649 4268
4291 9649
6585 4291
2974 6585
1772 2974
1755 1772
6403 1755
2440 6403
1010 2440
9252 1010
3571 9252
4217 3571
8382 4217
9001 8382
3401 9001
3963 3401
8332 3963
543 8332
6712 543
5817 6712
1235 5817
9741 1235
4707 9741
9216 4707
3874 9216
8149 3874
1225 8149
6304 1225
2427 6304
2696 2427
7408 2696
3153 7408
7873 3153
4642 7873
5579 4642
4927 5579
441 4927
8064 441
9889 8064
2473 9889
3929 2473
8401 3929
8726 8401
5158 8726
8799 5158
2913 8799
9490 2913
6325 9490
7396 6325
4954 7396
4184 4954
5261 4184
84 5261
9677 84
6596 9677
8988 6596
9153 8988
2936 9153
8100 2936
2626 8100
9512 2626
2845 9512
2778 2845
4635 2778
7621 4635
1299 7621
3685 1299
1524 3685
2623 1524
7387 2623
6386 7387
2880 6386
1981 2880
2245 1981
6868 2245
9125 6868
7605 9125
8557 7605
3316 8557
2229 3316
3274 2229
4209 3274
2011 4209
3697 2011
4296 3697
8253 4296
9404 8253
4460 9404
91 4460
4901 91
7081 4901
3449 7081
6337 3449
1131 6337
5741 1131
6926 5741
8363 6926
7526 8363
2383 7526
5887 2383
3515 5887
6922 3515
8339 6922
1719 8339
296 1719
5217 296
1412 5217
8683 1412
8012 8683
3883 8012
932 3883
774 932
8154 774
9984 8154
2465 9984
40 2465
667 40
7592 667
9 7592
7999 9
3289 7999
6754 3289
2002 6754
6770 2002
1969 6770
8631 1969
6669 8631
5954 6669
3334 5954
5065 3334
6043 5065
6546 6043
6597 6546
8376 6597
9464 8376
3084 9464
6331 3084
5959 6331
8346 5959
6861 8346
9269 6861
6662 9269
6269 6662
2720 6269
4457 2720
9488 4457
1306 9488
5197 1306
3836 5197
159 3836
4465 159
8224 4465
2087 8224
3125 2087
2525 3125
8838 2525
3444 8838
1977 3444
3470 1977
8117 3470
7490 8117
7289 7490
3276 7289
5193 3276
7469 5193
3104 7469
6844 3104
4069 6844
7188 4069
1933 7188
8763 1933
8249 8763
1372 8249
8476 1372
5737 8476
1883 5737
8884 1883
1222 8884
8209 1222
8803 8209
17 8803
2972 17
5067 2972
9597 5067
992 9597
484 992
2562 484
3303 2562
1422 3303
6322 1422
801 6322
8595 801
5971 8595
9301 5971
2265 9301
4524 2265
2978 4524
6085 2978
1513 6085
9662 1513
666 9662
1414 666
8906 1414
6125 8906
3647 6125
305 3647
8926 305
4003 8926
1363 4003
6977 1363
2442 6977
2733 2442
4682 2733
3913 4682
426 3913
9553 426
1105 9553
512 1105
392 512
4046 392
5768 4046
597 5768
2679 597
7361 2679
7497 7361
1350 7497
6663 1350
3940 6663
7637 3940
8695 7637
8552 8695
5081 8552
7588 5081
1195 7588
6202 1195
8584 6202
7307 8584
9310 7307
8196 9310
3002 8196
263 3002
4230 263
4229 4230
6346 4229
1313 6346
5559 1313
4540 5559
5266 4540
450 5266
6598 450
5459 6598
4775 5459
3181 4775
3352 3181
593 3352
3816 593
7286 3816
5988 7286
5661 5988
1307 5661
2918 1307
112 2918
2678 112
5818 2678
239 5818
3549 239
8608 3549
6719 8608
1349 6719
7254 1349
2841 7254
1440 2841
6180 1440
2311 6180
8698 2311
6200 8698
6113 6200
9268 6113
6348 9268
3900 6348
4020 3900
7229 4020
3311 7229
7119 3311
9164 7119
6108 9164
3974 6108
3168 3974
7584 3168
2387 7584
8734 2387
2682 8734
9993 2682
7091 9993
7560 7091
9807 7560
1899 9807
6876 1899
9783 6876
9655 9783
1466 9655
1141 1466
6023 1141
3539 6023
402 3539
8049 402
5098 8049
7271 5098
9622 7271
9414 9622
9972 9414
3307 9972
5225 3307
6034 5225
1107 6034
7670 1107
5387 7670
18 5387
7972 18
5795 7972
4391 5795
6500 4391
250 6500
6373 250
906 6373
6677 906
1665 6677
3827 1665
370 3827
433 370
6387 433
6319 6387
1092 6319
6429 1092
9886 6429
5296 9886
7894 5296
7407 7894
5493 7407
182 5493
8456 182
1530 8456
5608 1530
2907 5608
8113 2907
7481 8113
2152 7481
9999 2152
1173 9999
9075 1173
1940 9075
8177 1940
8468 8177
8619 8468
8417 8619
4917 8417
6686 4917
7676 6686
6665 7676
7456 6665
4370 7456
3393 4370
5270 3393
1538 5270
8001 1538
6091 8001
5037 6091
9604 5037
8504 9604
306 8504
2786 306
4403 2786
3899 4403
9727 3899
3147 9727
3266 3147
4276 3266
6658 4276
951 6658
155 951
8195 155
1959 8195
9481 1959
2704 9481
1252 2704
9754 1252
8034 9754
3465 8034
1125 3465
3499 1125
3318 3499
4879 3318
7043 4879
6905 7043
2556 6905
8478 2556
9428 8478
9801 9428
8318 9801
6078 8318
8531 6078
6012 8531
4672 6012
1644 4672
5367 1644
223 5367
12 223
4715 12
9880 4715
6678 9880
7358 6678
4550 7358
5078 4550
417 5078
430 417
4392 430
66 4392
8648 66
3282 8648
8500 3282
6092 8500
2795 6092
4409 2795
7978 4409
9732 7978
2919 9732
6935 2919
9421 6935
8271 9421
388 8271
1276 388
3452 1276
8309 3452
1953 8309
466 1953
9387 466
6242 9387
4944 6242
3077 4944
4660 3077
246 4660
3408 246
1659 3408
5770 1659
7477 5770
7152 7477
1636 7152
7259 1636
8665 7259
7445 8665
7751 7445
1628 7751
469 1628
9294 469
9631 9294
5430 9631
1894 5430
5898 1894
839 5898
2351 839
8773 2351
1014 8773
7572 1014
4846 7572
1185 4846
7353 1185
6495 7353
3902 6495
4243 3902
7832 4243
5268 7832
9913 5268
1251 9913
4730 1251
5894 4730
8110 5894
2824 8110
5573 2824
5622 5573
60 5622
1296 60
8894 1296
2850 8894
3198 2850
865 3198
8535 865
3130 8535
8743 3130
7376 8743
3335 7376
2745 3335
575 2745
9614 575
6643 9614
9555 6643
4284 9555
911 4284
5947 911
5758 5947
8418 5758
640 8418
7818 640
3580 7818
7252 3580
731 7252
5075 731
7224 5075
7369 7224
52 7369
4609 52
6474 4609
1872 6474
5108 1872
4244 5108
6271 4244
6095 6271
2310 6095
317 2310
885 317
7840 885
4346 7840
6465 4346
7587 6465
2200 7587
3497 2200
6013 3497
2316 6013
6408 2316
1367 6408
5186 1367
5722 5186
4546 5722
1192 4546
1404 1192
7624 1404
4379 7624
743 4379
8980 743
8693 8980
3042 8693
1561 3042
4834 1561
8364 4834
2178 8364
5875 2178
1975 5875
6860 1975
2954 6860
5656 2954
4960 5656
9088 4960
4559 9088
8821 4559
7158 8821
9030 7158
314 9030
6388 314
510 6388
9343 510
9381 9343
5123 9381
6457 5123
258 6457
5760 258
4206 5760
657 4206
661 657
5274 661
1329 5274
892 1329
894 892
8848 894
9585 8848
5249 9585
1576 5249
1865 1576
6134 1865
6019 6134
6263 6019
4624 6263
2916 4624
5278 2916
2043 5278
6652 2043
4191 6652
1091 4191
4630 1091
4155 4630
8488 4155
7276 8488
780 7276
7729 780
5034 7729
6021 5034
9706 6021
6997 9706
8540 6997
7986 8540
9670 7986
9599 9670
2360 9599
7422 2360
371 7422
6227 371
987 6227
8524 987
5554 8524
862 5554
5057 862
9198 5057
9866 9198
3413 9866
1539 3413
4905 1539
3866 4905
8120 3866
7057 8120
5359 7057
4980 5359
6771 4980
6447 6771
6897 6447
986 6897
2050 986
9045 2050
3010 9045
9116 3010
2142 9116
2322 2142
8825 2322
251 8825
1383 251
1521 1383
2909 1521
5236 2909
1341 5236
1812 1341
8718 1812
5533 8718
7471 5533
5705 7471
8674 5705
5764 8674
1328 5764
3652 1328
4238 3652
7931 4238
5819 7931
9578 5819
3146 9578
4174 3146
9961 4174
9499 9961
5551 9499
4449 5551
914 4449
8305 914
2078 8305
1672 2078
1274 1672
1179 1274
832 1179
1263 832
8936 1263
8570 8936
2304 8570
582 2304
6433 582
3475 6433
1218 3475
7816 1218
9756 7816
7951 9756
6350 7951
682 6350
3646 682
6427 3646
8599 6427
4734 8599
6515 4734
1758 6515
571 1758
5260 571
1991 5260
735 1991
3965 735
9118 3965
3415 9118
4188 3415
8035 4188
9476 8035
5892 9476
2171 5892
6729 2171
4113 6729
354 4113
6838 354
4590 6838
2405 4590
4195 2405
6862 4195
3425 6862
2894 3425
8792 2894
2893 8792
3772 2893
2763 3772
5064 2763
3421 5064
6310 3421
3247 6310
4878 3247
4405 4878
8730 4405
5187 8730
7929 5187
3577 7929
4743 3577
5096 4743
1770 5096
9927 1770
9978 9927
5173 9978
4245 5173
175 4245
7016 175
1147 7016
9902 1147
2669 9902
6506 2669
754 6506
3778 754
1284 3778
3680 1284
1071 3680
2435 1071
1059 2435
1199 1059
8353 1199
3870 8353
5687 3870
2897 5687
2371 2897
8949 2371
2838 8949
3500 2838
7282 3500
3431 7282
9858 3431
3682 9858
1571 3682
8820 1571
4037 8820
6629 4037
5997 6629
7644 5997
7446 7644
4863 7446
6788 4863
2454 6788
1937 2454
1169 1937
7045 1169
3611 7045
3471 3611
6951 3471
7262 6951
3504 7262
949 3504
5872 949
9196 5872
3644 9196
3437 3644
477 3437
709 477
6921 709
668 6921
1232 668
9849 1232
1100 9849
5508 1100
7697 5508
7257 7697
4410 7257
3278 4410
574 3278
4622 574
3978 4622
1244 3978
7745 1244
583 7745
8080 583
6819 8080
8738 6819
9551 8738
407 9551
471 407
7907 471
7411 7907
2485 7411
9887 2485
8048 9887
8269 8048
4137 8269
1224 4137
5707 1224
5754 5707
6785 5754
2305 6785
6505 2305
5709 6505
5393 5709
8355 5393
7022 8355
3645 7022
8338 3645
7766 8338
1272 7766
1619 1272
8996 1619
6954 8996
2183 6954
4615 2183
4170 4615
5996 4170
4239 5996
8312 4239
9884 8312
7150 9884
4628 7150
7089 4628
6246 7089
3419 6246
4937 3419
6366 4937
2218 6366
7493 2218
3287 7493
6587 3287
6639 6587
4201 6639
1151 4201
5646 1151
5769 5646
4782 5769
9034 4782
7242 9034
9703 7242
3618 9703
9967 3618
253 9967
4787 253
4936 4787
2983 4936
2409 2983
5839 2409
9257 5839
1556 9257
5935 1556
9126 5935
6098 9126
8136 6098
537 8136
2108 537
9221 2108
8914 9221
6422 8914
2264 6422
3385 2264
3956 3385
2159 3956
2590 2159
4776 2590
9289 4776
2672 9289
8985 2672
5726 8985
5403 5726
699 5403
8491 699
2967 8491
7853 2967
8757 7853
5148 8757
3511 5148
7855 3511
7265 7855
3496 7265
5092 3496
5103 5092
1442 5103
9235 1442
6632 9235
8081 6632
1056 8081
621 1056
6737 621
1013 6737
8223 1013
8806 8223
5747 8806
6187 5747
1019 6187
2749 1019
3119 2749
1918 3119
4320 1918
5358 4320
1673 5358
2901 1673
5210 2901
9836 5210
555 9836
4065 555
3813 4065
6364 3813
8962 6364
2141 8962
7988 2141
1983 7988
6671 1983
9309 6671
9383 9309
7911 9383
7113 7911
8171 7113
5896 8171
3375 5896
1518 3375
276 1518
9933 276
2906 9933
3165 2906
6471 3165
3066 6471
9120 3066
942 9120
7439 942
7604 7439
6637 7604
4831 6637
5590 4831
698 5590
3535 698
8395 3535
7068 8395
6566 7068
5989 6566
8091 5989
8999 8091
7553 8999
2137 7553
5439 2137
8288 5439
6118 8288
5658 6118
6360 5658
8632 6360
7772 8632
6654 7772
9709 6654
8959 9709
8842 8959
7623 8842
6998 7623
5706 6998
7291 5706
7389 7291
1785 7389
6768 1785
7704 6768
8748 7704
245 8748
1234 245
8585 1234
2551 8585
5127 2551
3788 5127
9738 3788
315 9738
9278 315
2368 9278
1177 2368
7084 1177
4706 7084
7663 4706
2951 7663
4375 2951
7341 4375
9419 7341
8055 9419
3041 8055
7854 3041
779 7854
9911 779
9502 9911
5491 9502
368 5491
8721 368
2008 8721
1764 2008
3209 1764
9317 3209
2068 9317
3739 2068
9012 3739
2020 9012
5612 2020
2939 5612
8740 2939
8931 8740
1760 8931
6602 1760
1600 6602
958 1600
8716 958
9468 8716
1006 9468
4549 1006
4488 4549
8528 4488
8326 8528
9288 8326
4356 9288
10000 4356
9393 10000
1815 9393
759 1815
7541 759
8575 7541
6612 8575
386 6612
6143 386
7844 6143
4327 7844
2589 4327
700 2589
6911 700
1481 6911
3708 1481
8952 3708
8474 8952
7585 8474
1089 7585
5157 1089
9644 5157
5398 9644
9264 5398
9828 9264
5696 9828
1776 5696
734 1776
7874 734
778 7874
2953 778
8231 2953
7735 8231
2329 7735
5545 2329
7749 5545
37 7749
8750 37
9131 8750
9684 9131
1049 9684
9761 1049
9329 9761
3000 9329
8978 3000
5568 8978
943 5568
2213 943
740 2213
515 740
3416 515
6071 3416
2770 6071
5472 2770
9092 5472
1887 9092
9246 1887
6535 9246
3620 6535
3584 3620
4040 3584
5290 4040
4204 5290
6119 4204
8855 6119
8447 8855
5878 8447
3229 5878
2561 3229
3498 2561
8519 3498
4778 8519
1361 4778
7337 1361
5945 7337
1127 5945
7338 1127
6050 7338
88 6050
2794 88
424 2794
1580 424
51 1580
3195 51
2143 3195
347 2143
9479 347
212 9479
9794 212
440 9794
4387 440
7404 4387
4983 7404
4156 4983
4481 4156
4689 4481
6441 4689
8103 6441
5032 8103
8548 5032
847 8548
9377 847
3705 9377
9610 3705
9439 9610
4528 9439
5716 4528
4378 5716
2186 4378
5644 2186
56 5644
8028 56
3079 8028
5869 3079
2725 5869
579 2725
7717 579
3192 7717
9005 3192
7857 9005
4764 7857
9616 4764
2757 9616
4781 2757
5014 4781
2042 5014
6568 2042
1205 6568
2421 1205
7304 2421
9990 7304
6965 9990
5822 6965
3359 5822
9416 3359
2242 9416
3699 2242
479 3699
7210 479
7952 7210
7982 7952
8680 7982
1835 8680
6793 1835
8593 6793
382 8593
6123 382
7423 6123
8272 7423
6276 8272
2741 6276
6901 2741
8927 6901
3660 8927
2330 3660
5958 2330
2600 5958
1144 2600
9925 1144
349 9925
5391 349
8112 5391
7496 8112
3751 7496
6514 3751
1418 6514
1052 1418
8352 1052
2126 8352
6047 2126
3567 6047
207 3567
7248 207
8030 7248
9956 8030
1616 9956
3409 1616
2495 3409
616 2495
897 616
2243 897
2277 2243
7566 2277
9847 7566
3370 9847
5926 3370
6588 5926
607 6588
2644 607
3410 2644
5832 3410
5666 5832
6097 5666
8354 6097
481 8354
2620 481
1920 2620
4523 1920
6088 4523
4768 6088
2259 4768
1960 2259
9776 1960
3777 9776
2019 3777
7571 2019
3300 7571
9069 3300
857 9069
8596 857
1950 8596
9712 1950
5151 9712
8666 5151
467 8666
2912 467
6986 2912
8451 6986
4543 8451
146 4543
6 146
9636 6
541 9636
7288 541
9180 7288
6490 9180
8390 6490
8913 8390
5809 8913
3961 5809
5194 3961
8604 5194
7877 8604
5350 7877
289 5350
5973 289
3424 5973
7521 3424
9129 7521
1867 9129
6327 1867
3748 6327
7656 3748
1267 7656
6978 1267
7386 6978
4504 7386
211 4504
3479 211
2431 3479
144 2431
2086 144
6628 2086
7925 6628
2006 7925
3619 2006
5384 3619
4321 5384
8955 4321
889 8955
5043 889
3553 5043
150 3553
2299 150
1852 2299
6287 1852
1930 6287
9503 1930
7209 9503
8066 7209
5767 8066
5488 5767
9683 5488
2094 9683
3622 2094
390 3622
5119 390
3760 5119
4117 3760
9745 4117
656 9745
5345 656
4952 5345
6913 4952
3609 6913
9321 3609
7072 9321
7312 7072
8360 7312
833 8360
578 833
4364 578
9358 4364
3906 9358
8145 3906
2307 8145
8790 2307
8497 8790
5427 8497
2890 5427
3304 2890
7403 3304
6739 7403
8380 6739
5121 8380
8767 5121
6428 8767
6166 6428
2847 6166
7071 2847
8684 7071
2743 8684
5215 2743
3233 5215
1766 3233
4758 1766
7995 4758
1905 7995
3735 1905
6627 3735
9654 6627
6132 9654
3521 6132
464 3521
9625 464
6115 9625
3518 6115
4558 3518
7457 4558
3628 7457
967 3628
7321 967
6875 7321
7466 6875
5416 7466
2256 5416
3310 2256
3390 3310
5619 3390
1387 5619
708 1387
7067 708
6128 7067
8697 6128
7728 8697
9093 7728
3765 9093
5313 3765
4337 5313
3691 4337
1903 3691
6146 1903
5616 6146
3552 5616
331 3552
7792 331
6927 7792
2637 6927
5627 2637
2512 5627
4332 2512
7543 4332
2065 7543
823 2065
3350 823
3828 3350
9758 3828
1605 9758
5826 1605
4947 5826
5410 4947
4478 5410
2420 4478
9802 2420
8214 9802
6020 8214
6985 6020
5893 6985
323 5893
9720 323
9798 9720
4840 9798
4253 4840
8138 4253
5325 8138
4770 5325
7095 4770
1118 7095
1830 1118
6849 1830
7834 6849
7164 7834
6153 7164
7486 6153
7328 7486
2055 7328
8921 2055
2933 8921
5703 2933
3403 5703
8073 3403
733 8073
4861 733
7281 4861
1623 7281
679 1623
2113 679
3867 2113
7239 3867
1005 7239
1122 1005
1836 1122
200 1836
4699 200
1360 4699
1399 1360
7240 1399
7147 7240
2701 7147
4147 2701
6230 4147
7284 6230
9112 7284
6900 9112
7220 6900
8109 7220
3630 8109
4070 3630
605 4070
5147 605
224 5147
7890 224
1817 7890
6653 1817
7609 6653
9182 7609
6550 9182
6781 6550
3337 6781
6003 3337
2333 6003
7184 2333
2056 7184
706 2056
1417 706
590 1417
6996 590
2947 6996
1596 2947
837 1596
1136 837
9212 1136
8795 9212
5481 8795
9064 5481
3905 9064
7287 3905
7652 7287
1721 7652
6288 1721
4986 6288
5421 4986
1101 5421
9078 1101
9960 9078
8660 9960
6625 8660
5807 6625
8182 5807
6757 8182
8140 6757
4323 8140
1413 4323
2345 1413
3999 2345
1281 3999
2534 1281
8289 2534
6680 8289
2568 6680
7547 2568
2581 7547
3582 2581
1913 3582
654 1913
8431 654
3011 8431
9661 3011
8893 9661
9437 8893
724 9437
7100 724
1365 7100
9434 1365
4262 9434
7956 4262
9382 7956
5176 9382
4803 5176
9240 4803
2102 9240
7903 2102
2313 7903
9203 2313
8038 9203
4303 8038
3662 4303
9964 3662
2153 9964
3281 2153
3831 3281
2412 3831
4796 2412
1914 4796
3264 1914
1291 3264
909 1291
4771 909
7831 4771
166 7831
4926 166
393 4926
2703 393
3239 2703
7811 3239
6232 7811
1780 6232
6540 1780
9251 6540
4097 9251
9255 4097
4438 9255
6803 4438
3988 6803
7649 3988
2364 7649
8975 2364
2097 8975
1411 2097
8662 1411
8005 8662
1759 8005
153 1759
1581 153
5789 1581
7264 5789
6755 7264
1783 6755
2069 1783
5107 2069
5234 5107
2731 5234
3710 2731
220 3710
7155 220
6660 7155
2594 6660
9657 2594
4821 9657
3601 4821
173 3601
5620 173
6950 5620
3357 6950
4856 3357
6197 4856
3494 6197
7325 3494
2308 7325
1800 2308
3407 1800
4928 3407
5404 4928
9764 5404
458 9764
9056 458
184 9056
1861 184
5715 1861
4532 5715
1068 4532
2003 1068
4310 2003
3314 4310
1464 3314
7718 1464
601 7718
5953 601
6411 5953
8630 6411
9582 8630
4601 9582
2938 4601
5710 2938
9861 5710
1166 9861
6796 1166
9963 6796
1915 9963
9279 1915
8655 9279
2076 8655
5957 2076
5051 5957
5328 5051
1431 5328
7055 1431
4168 7055
7278 4168
6863 7278
562 6863
3096 562
9989 3096
1502 9989
2698 1502
2289 2698
1577 2289
4092 1577
6496 4092
3894 6496
5272 3894
8116 5272
9250 8116
9188 9250
8922 9188
794 8922
8727 794
9121 8727
3796 9121
4977 3796
4639 4977
5299 4639
5814 5299
7657 5814
5643 7657
5912 5643
9831 5912
2668 9831
5135 2668
2544 5135
8060 2544
6133 8060
3398 6133
3858 3398
1648 3858
1745 1648
6816 1745
6723 6816
2803 6723
8106 2803
5681 8106
3771 5681
5855 3771
4882 5855
2425 4882
9316 2425
7808 9316
3887 7808
937 3887
2836 937
6620 2836
8433 6620
8013 8433
7744 8013
6580 7744
8458 6580
7778 8458
6659 7778
9017 6659
5167 9017
4896 5167
5136 4896
1009 5136
8765 1009
6349 8765
6918 6349
1696 6918
6274 1696
1171 6274
1124 1171
2583 1124
170 2583
7916 170
8958 7916
3009 8958
5728 3009
1541 5728
3597 1541
1036 3597
1264 1036
226 1264
2098 226
3762 2098
7499 3762
5258 7499
6708 5258
7615 6708
845 7615
9362 845
6198 9362
8644 6198
4709 8644
7452 4709
5188 7452
1912 5188
863 1912
7183 863
7355 7183
8264 7355
3273 8264
2957 3273
3467 2957
423 3467
7997 423
8546 7997
2941 8546
7879 2941
9429 7879
1642 9429
7807 1642
8564 7807
711 8564
3996 711
5241 3996
2948 5241
8880 2948
6831 8880
9031 6831
9205 9031
4035 9205
1789 4035
637 1789
6801 637
1058 6801
5499 1058
763 5499
2161 763
9418 2161
456 9418
9865 456
2752 9865
2146 2752
7565 2146
5535 7565
8971 5535
1389 8971
8579 1389
5134 8579
6664 5134
7004 6664
3998 7004
9326 3998
8487 9326
5146 8487
7451 5146
7820 7451
1017 7820
853 1017
9778 853
4560 9778
5132 4560
8267 5132
3361 8267
6189 3361
7010 6189
3339 7010
4028 3339
8449 4028
2045 8449
2849 2045
6705 2849
5129 6705
7429 5129
2315 7429
1692 2315
6501 1692
110 6501
9618 110
8442 9618
7892 8442
5448 7892
7165 5448
5910 7165
1647 5910
6494 1647
291 6494
1729 291
1108 1729
2875 1108
1120 2875
1986 1120
6074 1986
4574 6074
9087 4574
8365 9087
7024 8365
1266 7024
4716 1266
5352 4716
2334 5352
2046 2334
8840 2046
4207 8840
6949 4207
7019 6949
7968 7019
4307 7968
3033 4307
7752 3033
2541 7752
256 2541
9867 256
4757 9867
7534 4757
4141 7534
5580 4141
6431 5580
202 6431
5139 202
5699 5139
4961 5699
2457 4961
9011 2457
7893 9011
4640 7893
8381 4640
9994 8381
3105 9994
5253 3105
8448 5253
7132 8448
7962 7132
6779 7962
9907 6779
8040 9907
3326 8040
6233 3326
3478 6233
4281 3478
9572 4281
8059 9572
8323 8059
8033 8323
2293 8033
1792 2293
4366 1792
4611 4366
9282 4611
1353 9282
4299 1353
1961 4299
2640 1961
4774 2640
4226 4774
6561 4226
9332 6561
6301 9332
3376 6301
1998 3376
9639 1998
7690 9639
4818 7690
8098 4818
5998 8098
7274 5998
5647 7274
8090 5647
6972 8090
1882 6972
4146 1882
9690 4146
6185 9690
6809 6185
9177 6809
9136 9177
8812 9136
3786 8812
1715 3786
1187 1715
7977 1187
5925 7977
4583 5925
234 4583
6852 234
7698 6852
3434 7698
9864 3434
2331 9864
7856 2331
7727 7856
6432 7727
8306 6432
5969 8306
9370 5969
9792 9370
9356 9792
9948 9356
4325 9948
7409 4325
5937 7409
4593 5937
7950 4593
1585 7950
4267 1585
7953 4267
4005 7953
9926 4005
1868 9926
8708 1868
6563 8708
1157 6563
3548 1157
9220 3548
5624 9220
7533 5624
6743 7533
8450 6743
5414 8450
6229 5414
9633 6229
8480 9633
9846 8480
4286 9846
5297 4286
65 5297
5407 65
2611 5407
6339 2611
9844 6339
1384 9844
5388 1384
7040 5388
7909 7040
4089 7909
8101 4089
2950 8101
7622 2950
8781 7622
9237 8781
5351 9237
2920 5351
7740 2920
2301 7740
8623 2301
4674 8623
9495 4674
9853 9495
7724 9853
4181 7724
4381 4181
3847 4381
5376 3847
3727 5376
6299 3727
6579 6299
3012 6579
9506 3012
5777 9506
1993 5777
4371 1993
3438 4371
1371 3438
7339 1371
6906 7339
8586 6906
5704 8586
3939 5704
936 3939
7838 936
3122 7838
8649 3122
1454 8649
3254 1454
7118 3254
7197 7118
6215 7197
4618 6215
4351 4618
7782 4351
7709 7782
4054 7709
8050 4054
9852 8050
650 9852
7500 650
6208 7500
1499 6208
1702 1499
6015 1702
2306 6015
6595 2306
5073 6595
2352 5073
9175 2352
3650 9175
9067 3650
6548 9067
7671 6548
811 7671
7191 811
3149 7191
1963 3149
1684 1963
835 1684
912 835
7200 912
1956 7200
9515 1956
8647 9515
7559 8647
9749 7559
1333 9749
3966 1333
7142 3966
8412 7142
9331 8412
6206 9331
5294 6206
3575 5294
9921 3575
5810 9921
3784 5810
3046 3784
7292 3046
6826 7292
1425 6826
7331 1425
3447 7331
2341 3447
2493 2341
240 2493
9420 240
7080 9420
6452 7080
1886 6452
8883 1886
3519 8883
2805 3519
548 2805
300 548
6475 300
7871 6475
190 7871
2073 190
9747 2073
6964 9747
6857 6964
9904 6857
9074 9904
8536 9074
3745 8536
5063 3745
1735 5063
2740 1735
973 2740
8192 973
6121 8192
7688 6121
3418 7688
9766 3418
6707 9766
3802 6707
5456 3802
4842 5456
5924 4842
9742 5924
8485 9742
375 8485
1601 375
7269 1601
3323 7269
6685 3323
9452 6685
4023 9452
6676 4023
9544 6676
2506 9544
4095 2506
9111 4095
6800 9111
8915 6800
7810 8915
9950 7810
3210 9950
1768 3210
2584 1768
2559 2584
2809 2559
9013 2809
7448 9013
1877 7448
1099 1877
6589 1099
3510 6589
4997 3510
2685 4997
8397 2685
8705 8397
8342 8705
8990 8342
328 8990
6243 328
5730 6243
8409 5730
2935 8409
8475 2935
3763 8475
790 3763
620 790
2386 620
8009 2386
2543 8009
3607 2543
5498 3607
2027 5498
4563 2027
7145 4563
3157 7145
5714 3157
5458 5714
1219 5458
5774 1219
8969 5774
8020 8969
612 8020
9225 612
7960 9225
7607 7960
3018 7607
9759 3018
796 9759
3460 796
729 3460
7332 729
5338 7332
1379 5338
4112 1379
2385 4112
38 2385
1401 38
449 1401
3327 449
2157 3327
6666 2157
9893 6666
9874 9893
5720 9874
9367 5720
4858 9367
2344 4858
8673 2344
5036 8673
4552 5036
6363 4552
1722 6363
5005 1722
8201 5005
116 8201
7865 116
4440 7865
3346 4440
2840 3346
6285 2840
4021 6285
980 4021
8062 980
7054 8062
2554 7054
8124 2554
6213 8124
4483 6213
3265 4483
5962 3265
8313 5962
8334 8313
2468 8334
4024 2468
6446 4024
1652 6446
5780 1652
8324 5780
3044 8324
9098 3044
3373 9098
5980 3373
5917 5980
8846 5917
7625 8846
4571 7625
4400 4571
4250 4400
4865 4250
2095 4865
7720 2095
641 7720
7367 641
9710 7367
8717 9710
2254 8717
4423 2254
9009 4423
7963 9009
34 7963
5066 34
6607 5066
3564 6607
4870 3564
4216 4870
9917 4216
1980 9917
1090 1980
7462 1090
7998 7462
1594 7998
6507 1594
1262 6507
7546 1262
2029 7546
4036 2029
6412 4036
3726 6412
379 3726
2700 379
7279 2700
2601 7279
1491 2601
164 1491
7965 164
4658 7965
3260 4658
4053 3260
8562 4053
9827 8562
8348 9827
5419 8348
1615 5419
8847 1615
9048 8847
2400 9048
8072 2400
5227 8072
2005 5227
6449 2005
2284 6449
445 2284
9736 445
1282 9736
4800 1282
3290 4800
436 3290
5375 436
9000 5375
8960 9000
775 8960
2133 775
9521 2133
5824 9521
8615 5824
3935 8615
9680 3935
4004 9680
8824 4004
8464 8824
491 8464
24 491
8184 24
2605 8184
2357 2605
9556 2357
8572 9556
9560 8572
3180 9560
8516 3180
6245 8516
8520 6245
2797 8520
3834 2797
3761 3834
3101 3761
1468 3101
9660 1468
5838 9660
2722 5838
7905 2722
4335 7905
8159 4335
9049 8159
3001 9049
8300 3001
1083 8300
8503 1083
8885 8503
6611 8885
3052 6611
7263 3052
3259 7263
4119 3259
8664 4119
8635 8664
1331 8635
5750 1331
9579 5750
3815 9579
351 3815
9558 351
8021 9558
7536 8021
324 7536
4815 324
9445 4815
2295 9445
6516 2295
7801 6516
3579 7801
3068 3579
7666 3068
5060 7666
5021 5060
4799 5021
2445 4799
6697 2445
1666 6697
2928 1666
8544 2928
546 8544
6048 546
3132 6048
197 3132
7612 197
6466 7612
1433 6466
4804 1433
6552 4804
6122 6552
8826 6122
8356 8826
4269 8356
93 4269
7687 93
7099 7687
3405 7099
5632 3405
7058 5632
3981 7058
8389 3981
5879 8389
5312 5879
7941 5312
8372 7941
1393 8372
2362 1393
8131 2362
248 8131
4234 248
1188 4234
5867 1188
2614 5867
5914 2614
1989 5914
5485 1989
8878 5485
8408 8878
298 8408
1511 298
401 1511
6812 401
3669 6812
5858 3669
4324 5858
142 4324
7474 142
4277 7474
918 4277
5344 918
8399 5344
9554 8399
5050 9554
4789 5050
1674 4789
1707 1674
7106 1707
7930 7106
3372 7930
2219 3372
4010 2219
6556 4010
2370 6556
1501 2370
4349 1501
8725 4349
7942 8725
3305 7942
9028 3305
9174 9028
7738 9174
3547 7738
1888 3547
8671 1888
48 8671
3879 48
4862 3879
4812 4862
3608 4812
9529 3608
4899 9529
567 4899
3088 567
8107 3088
6910 8107
2035 6910
79 2035
7923 79
8186 7923
7042 8186
269 7042
6375 269
6915 6375
1834 6915
215 1834
8948 215
2702 8948
971 2702
6018 971
1841 6018
3844 1841
2827 3844
353 2827
3166 353
4417 3166
6710 4417
8713 6710
558 8713
7272 558
2084 7272
8963 2084
7162 8963
6674 7162
3967 6674
4759 3967
2631 4759
728 2631
9482 728
6179 9482
4538 6179
6459 4538
6886 6459
1574 6886
1704 1574
822 1704
4194 822
8251 4194
9568 8251
6390 9568
3528 6390
1395 3528
3426 1395
5140 3426
1999 5140
214 1999
3462 214
1035 3462
8245 1035
4738 8245
6266 4738
8259 6266
2798 8259
9755 2798
1029 9755
6867 1029
4910 6867
46 4910
1856 46
7398 1856
8167 7398
489 8167
7397 489
6843 7397
4312 6843
4620 4312
868 4620
6240 868
6221 6240
8501 6221
8215 8501
9373 8215
2934 9373
9351 2934
1377 9351
4654 1377
9224 4654
9213 9224
154 9213
6565 154
283 6565
3825 283
9652 3825
7504 9652
592 7504
7129 592
2109 7129
5469 2109
4476 5469
7646 4476
8911 7646
2199 8911
4433 2199
8250 4433
1026 8250
3151 1026
293 3151
4749 293
9208 4749
5395 9208
7382 5395
6404 7382
406 6404
9467 406
5366 9467
7329 5366
8798 7329
4992 8798
2318 4992
9946 2318
1621 9946
2832 1621
6572 2832
4019 6572
3189 4019
8297 3189
5978 8297
7066 5978
1082 7066
4357 1082
2971 4357
8866 2971
3533 8866
3224 3533
4456 3224
1196 4456
8835 1196
2482 8835
3937 2482
5557 3937
4641 5557
2887 4641
2869 2887
2500 2869
893 2500
6773 893
9693 6773
1728 9693
5017 1728
1268 5017
9600 1268
7464 9600
3896 7464
8341 3896
8469 8341
5587 8469
4898 5587
2732 4898
3440 2732
8104 3440
1505 8104
8569 1505
73 8569
5141 73
1919 5141
3246 1919
4988 3246
732 4988
3495 732
4073 3495
3034 4073
6358 3034
9793 6358
9041 9793
6082 9041
5734 6082
4670 5734
5131 4670
2776 5131
6633 2776
194 6633
3529 194
1478 3529
8158 1478
5909 8158
2814 5909
4946 2814
8178 4946
718 8178
2432 718
1592 2432
5128 1592
5041 5128
5277 5041
3550 5277
7659 3550
5939 7659
8157 5939
9713 8157
7563 9713
4664 7563
5028 4664
9110 5028
1633 9110
1355 1633
3633 1355
9101 3633
7394 9101
5614 7394
7038 5614
384 7038
1314 384
1247 1314
6209 1247
5289 6209
1604 5289
3113 1604
3720 3113
9855 3720
3322 9855
7377 3322
1323 7377
111 1323
9068 111
3108 9068
557 3108
8307 557
3477 8307
8636 3477
3212 8636
6976 3212
3019 6976
8512 3019
5670 8512
9234 5670
954 9234
8928 954
2163 8928
4886 2163
1881 4886
8296 1881
1627 8296
1598 1627
5901 1598
5205 5901
3843 5205
9298 3843
2361 9298
1859 2361
4315 1859
988 4315
5175 988
4535 5175
4516 4535
9651 4516
2314 9651
9909 2314
6306 9909
9629 6306
8123 9629
2834 8123
4962 2834
8889 4962
5213 8889
6821 5213
7030 6821
4596 7030
9210 4596
1713 9210
871 1713
2549 871
6277 2549
8239 6277
7860 8239
2433 7860
5813 2433
7849 5813
3248 7849
903 3248
461 903
3139 461
6032 3139
3291 6032
6045 3291
8320 6045
2366 8320
9229 2366
3583 9229
2830 3583
4452 2830
2807 4452
9029 2807
5287 9029
160 5287
4458 160
4626 4458
7366 4626
5443 7366
4589 5443
5555 4589
2085 5555
3925 2085
2787 3925
6822 2787
2715 6822
5275 2715
5335 5275
6672 5335
2515 6672
1797 2515
4159 1797
4530 4159
2257 4530
6827 2257
1434 6827
588 1434
5077 588
1240 5077
3143 1240
3627 3143
8650 3627
9079 8650
7213 9079
4542 7213
2338 4542
6177 2338
7495 6177
9307 7495
4942 9307
75 4942
5112 75
7017 5112
585 7017
5440 585
8094 5440
5677 8094
5965 5677
7324 5965
9380 7324
2615 9380
3953 2615
7827 3953
9976 7827
8794 9976
2624 8794
4637 2624
4482 4637
1054 4482
7347 1054
9772 7347
1848 9772
7734 1848
739 7734
1286 739
6409 1286
1723 6409
6742 1723
3949 6742
3885 3949
1784 3885
7755 1784
1997 7755
8194 1997
1515 8194
6190 1515
4255 6190
8568 4255
1818 8568
1579 1818
9002 1579
9173 9002
8933 9173
9922 8933
108 9922
4326 108
8316 4326
4945 8316
6804 4945
3864 6804
9822 3864
2460 9822
712 2460
3345 712
6899 3345
919 6899
4619 919
3901 4619
3683 3901
1631 3683
4029 1631
6883 4029
6407 6883
2185 6407
1445 2185
1397 1445
6162 1397
7449 6162
891 7449
3117 891
9769 3117
191 9769
2241 191
3856 2241
6275 3856
5069 6275
4786 5069
7795 4786
1774 7795
2800 1774
8937 2800
8594 8937
7590 8594
3226 7590
3801 3226
1943 3801
7417 1943
9875 7417
425 9875
1790 425
3006 1790
7789 3006
8993 7789
6077 8993
6394 6077
1106 6394
6362 1106
9350 6362
6318 9350
2962 6318
3522 2962
339 3522
3934 339
5475 3934
3993 5475
5444 3993
383 5444
203 383
2501 203
3979 2501
5045 3979
4889 5045
4033 4889
8331 4033
5899 8331
3081 5899
2388 3081
3343 2388
1910 3343
8591 1910
8255 8591
6846 8255
8378 6846
966 8378
5211 966
8494 5211
4897 8494
8137 4897
7214 8137
2881 7214
7488 2881
9127 7488
9493 9127
7478 9493
1238 7478
636 1238
6309 636
4711 6309
7384 4711
4984 7384
366 4984
7343 366
4704 7343
7759 4704
675 7759
6357 675
3430 6357
9354 3430
8547 9354
1132 8547
7639 1132
6156 7639
613 6156
2397 613
404 2397
2867 404
8614 2867
502 8614
6109 502
4562 6109
9885 4562
6347 9885
216 6347
1283 216
259 1283
6528 259
4735 6528
5209 4735
5868 5209
4166 5868
3588 4166
7048 3588
7354 7048
9135 7354
4809 9135
2537 4809
9032 2537
1095 9032
313 1095
7170 313
7902 7170
2319 7902
8298 2319
9624 8298
5432 9624
9730 5432
5049 9730
3695 5049
6425 3695
7296 6425
3155 7296
6534 3155
1298 6534
551 1298
8142 551
5152 8142
3563 5152
7870 3563
6076 7870
6042 6076
3728 6042
5161 3728
3663 5161
3324 3663
530 3324
412 530
7949 412
566 7949
7596 566
4094 7596
3116 4094
7937 3116
5852 7937
7115 5852
7822 7115
8537 7822
3606 8537
9949 3606
5563 9949
5406 5563
552 5406
2656 552
3045 2656
3308 3045
633 3308
2403 633
4295 2403
3092 4295
6037 3092
7299 6037
2374 7299
6912 2374
3411 6912
7921 3411
4525 7921
4093 4525
8793 4093
6066 8793
326 6066
1941 326
6932 1941
7215 6932
7641 7215
6460 7641
6008 6460
3469 6008
5360 3469
8446 5360
7868 8446
1516 7868
3463 1516
7169 3463
1043 7169
2150 1043
9540 2150
3706 9540
2128 3706
2082 2128
9270 2082
7573 9270
7779 7573
2958 7779
5853 2958
1747 5853
325 1747
7505 325
5354 7505
6574 5354
1289 6574
2287 1289
9876 2287
180 9876
2130 180
1093 2130
8964 1093
6939 8964
8063 6939
639 8063
5454 639
181 5454
6722 181
7600 6722
4685 7600
873 4685
8670 873
2488 8670
3336 2488
1837 3336
2274 1837
5117 2274
5126 5117
8539 5126
373 8539
7340 373
2452 7340
61 2452
9561 61
4128 9561
2619 4128
1060 2619
3223 1060
1345 3223
5542 1345
2944 5542
273 2944
3690 273
1126 3690
1863 1126
4955 1863
5195 4955
4545 5195
5863 4545
9461 5863
5943 9461
5206 5943
2450 5206
3713 2450
5381 3713
5185 5381
9176 5185
4837 9176
5561 4837
2808 5561
2190 2808
9214 2190
7458 9214
8656 7458
7060 8656
1021 7060
4448 1021
6953 4448
4907 6953
7193 4907
5150 7193
6138 5150
2363 6138
629 2363
8943 629
8146 8943
1335 8146
977 1335
1064 977
6943 1064
7425 6943
6127 7425
3917 6127
8722 3917
2216 8722
7658 2216
1558 7658
2853 1558
1330 2853
5588 1330
7660 5588
6711 7660
6253 6711
5808 6253
4205 5808
655 4205
1482 655
2024 1482
4938 2024
8957 4938
9718 8957
9531 9718
4254 9531
2895 4254
6456 2895
7895 6456
5337 7895
2848 5337
462 2848
3632 462
7427 3632
6148 7427
9800 6148
5438 9800
860 5438
5451 860
7253 5451
1463 7253
8521 1463
5330 8521
7300 5330
4404 7300
7886 4404
4572 7886
3930 4572
8868 3930
2788 8868
4012 2788
7783 4012
9291 7783
773 9291
5936 773
7920 5936
1523 7920
6061 1523
4015 6061
2411 4015
3267 2411
9055 3267
6262 9055
4273 6262
4039 4273
55 4039
5441 55
5854 5441
7552 5854
2269 7552
4514 2269
4055 4514
8477 4055
6194 8477
1926 6194
730 1926
6858 730
9130 6858
6735 9130
2138 6735
4721 2138
2249 4721
7756 2249
1500 7756
6675 1500
8563 6675
925 8563
6226 925
6361 6226
9147 6361
7450 9147
5341 7450
3849 5341
6817 3849
4030 6817
5881 4030
4751 5881
2083 4751
1461 2083
2125 1461
22 2125
3214 22
6392 3214
6952 6392
5701 6952
493 5701
5574 493
3973 5574
7203 3973
9532 7203
3341 9532
2298 3341
4258 2298
5903 4258
6567 5903
5664 6567
9039 5664
5363 9039
6207 5363
3912 6207
5322 3912
9562 5322
6576 9562
3374 6576
4384 3374
5518 4384
814 5518
5955 814
2980 5955
4817 2980
9630 4817
1104 9630
4096 1104
3889 4096
7760 3889
4880 7760
9534 4880
4996 9534
438 4996
1778 438
1688 1778
4227 1688
1640 4227
5975 1640
2062 5975
5179 2062
2952 5179
6924 2952
6182 6924
2856 6182
9691 2856
1591 9691
8185 1591
4849 8185
6196 4849
9073 6196
9186 9073
6934 9186
5307 6934
3332 5307
8808 3332
8278 8808
7114 8278
2911 7114
756 2911
8000 756
1324 8000
8663 1324
5281 8663
8858 5281
7225 8858
3686 7225
5864 3686
9641 5864
9868 9641
8147 9868
7255 8147
985 7255
4493 985
1655 4493
4808 1655
2714 4808
3513 2714
2687 3513
1678 2687
7378 1678
651 7378
4533 651
7128 4533
3950 7128
6332 3950
6647 6332
8587 6647
7120 8587
1398 7120
3587 1398
8227 3587
4993 8227
9664 4993
4729 9664
9008 4729
8728 9008
2471 8728
6769 2471
624 6769
4223 624
4650 4223
2205 4650
4377 2205
2641 4377
1775 2641
8403 1775
2695 8403
5651 2695
4633 5651
545 4633
4282 545
652 4282
8659 652
3730 8659
8141 3730
2780 8141
5447 2780
6787 5447
1857 6787
4979 1857
6006 4979
5828 6006
6278 5828
6173 6278
1133 6173
2116 1133
3140 2116
5124 3140
7830 5124
1994 7830
5389 1994
2369 5389
3746 2369
7414 3746
8739 7414
6991 8739
8578 6991
5282 8578
3197 5282
5295 3197
9942 5295
8274 9942
5177 8274
3945 5177
8864 3945
8561 8864
6609 8561
4118 6609
4968 4118
4500 4968
7691 4500
6248 7691
1564 6248
1426 1564
4736 1426
5418 4736
9705 5418
3621 9705
5967 3621
1275 5967
1221 1275
7617 1221
2694 7617
8576 2694
8349 8576
3112 8349
7034 3112
6491 7034
676 6491
5221 676
8122 5221
9699 8122
4600 9699
4766 4600
2579 4766
2660 2579
2325 2660
9447 2325
8920 9447
9123 8920
4855 9123
883 4855
3340 883
3817 3340
8293 3817
5528 8293
9877 5528
7804 9877
7185 7804
5682 7185
3964 5682
405 3964
4691 405
4358 4691
3196 4358
8291 3196
7989 8291
6344 7989
1370 6344
4131 1370
6130 4131
3565 6130
1826 3565
1637 1826
3576 1637
6775 3576
7399 6775
1948 7399
1025 1948
8924 1025
63 8924
3509 63
4100 3509
1970 4100
5761 1970
124 5761
3024 124
1520 3024
8719 1520
916 8719
9973 916
9576 9973
7992 9576
8387 7992
9227 8387
4586 9227
5110 4586
1472 5110
8266 1472
5068 8266
6645 5068
1814 6645
2730 1814
4140 2730
704 4140
1927 704
4477 1927
4712 4477
1891 4712
3103 1891
4352 3103
3288 4352
4067 3288
7391 4067
9100 7391
5860 9100
4695 5860
1165 4695
2115 1165
3277 2115
4213 3277
556 4213
268 556
7029 268
4645 7029
8830 4645
9814 8830
4657 9814
1211 4657
4510 1211
8219 4510
6107 8219
3812 6107
4669 3812
615 4669
2052 615
2837 2052
6340 2837
3756 6340
7190 3756
4257 7190
560 4257
800 560
6338 800
1709 6338
8823 1709
415 8823
5291 415
1944 5291
8606 1944
4890 8606
3600 4890
1533 3600
5496 1533
1111 5496
7088 1111
6791 7088
7787 6791
8607 7787
3442 8607
4027 3442
4935 4027
7889 4935
231 7889
4872 231
7053 4872
4621 7053
631 4621
9366 631
9413 9366
5317 9413
9104 5317
1109 9104
5510 1109
5053 5510
2048 5053
2240 2048
7517 2240
2964 7517
5601 2964
8086 5601
869 8086
8788 869
1421 8788
7654 1421
7993 7654
1441 7993
4859 1441
1220 4859
8407 1220
7459 8407
1112 7459
9810 1112
689 9810
4683 689
4581 4683
9018 4581
4727 9018
2876 4727
5803 2876
3742 5803
3429 3742
6962 3429
2252 6962
3688 2252
7199 3688
1851 7199
7510 1851
8837 7510
8652 8837
878 8652
4864 878
2612 4864
5816 2612
1734 5816
2390 1734
5806 2390
7882 5806
2285 7882
834 2285
3240 834
1934 3240
7973 1934
7176 7973
7601 7176
9908 7601
5841 9908
8422 5841
5567 8422
4436 5567
4198 4436
4444 4198
7046 4444
1216 7046
5976 1216
849 5976
2326 849
7415 2326
3422 7415
3880 3422
6794 3880
4422 6794
4995 4422
8248 4995
6257 8248
1160 6257
638 1160
628 638
9171 628
4811 9171
4311 4811
7123 4311
2092 7123
9786 2092
2228 9786
7074 2228
3213 7074
6519 3213
619 6519
3798 619
8532 3798
1880 8532
7686 1880
8228 7686
1974 8228
5671 1974
2796 5671
4081 2796
7037 4081
6798 7037
3681 6798
9635 3681
586 9635
4850 586
4266 4850
135 4266
3884 135
8295 3884
956 8295
4454 956
8314 4454
5348 8314
4103 5348
7102 4103
3841 7102
1546 3841
5602 1546
2831 5602
8527 2831
1364 8527
6291 1364
5662 6291
5095 5662
8533 5095
1661 8533
3245 1661
4570 3245
2491 4570
3219 2491
5781 3219
5788 5781
9408 5788
4336 9408
6616 4336
680 6616
4833 680
4331 4833
9536 4331
7598 9536
3389 7598
9353 3389
1646 9353
7435 1646
123 7435
6311 123
9695 6311
3983 9695
5164 3983
9839 5164
5420 9839
2070 5420
2434 2070
8212 2434
4972 8212
1952 4972
2492 1952
1791 2492
9878 1791
3135 9878
210 3135
7743 210
5380 7743
3275 5380
9007 3275
2297 9007
2580 2297
8676 2580
1227 8676
4925 1227
4107 4925
3845 4107
999 3845
3457 999
1612 3457
2487 1612
8774 2487
877 8774
920 877
4793 920
5155 4793
9462 5155
2404 9462
5895 2404
2628 5895
3933 2628
1996 3933
5576 1996
6695 5576
3806 6695
6470 3806
9115 6470
610 9115
2558 610
8946 2558
4316 8946
1477 4316
5243 1477
6292 5243
8749 6292
972 8749
4247 972
16 4247
7551 16
702 7551
3453 702
8425 3453
3058 8425
6094 3058
7103 6094
9900 7103
5951 9900
453 5951
1512 453
3942 1512
9375 3942
6352 9375
850 6352
4394 850
9647 4394
5486 9647
6657 5486
2372 6657
6398 2372
4813 6398
4161 4813
1753 4161
6056 1753
8505 6056
7708 8505
5865 7708
7444 5865
3810 7444
5257 3810
78 5257
1634 78
2674 1634
8284 2674
2671 8284
5058 2671
2208 5058
6499 2208
9574 6499
8899 9574
6141 8899
9138 6141
9593 9138
5283 9593
3670 5283
5100 3670
8723 5100
3675 8723
4013 3675
4441 4013
8869 4441
3250 8869
5401 3250
805 5401
4085 805
3959 4085
3473 3959
9323 3473
7011 9323
4309 7011
4431 4309
8776 4431
104 8776
4285 104
2613 4285
1907 2613
4154 1907
8430 4154
4990 8430
5489 4990
7230 5489
9469 7230
2819 9469
8385 2819
4679 8385
4762 4679
6137 4762
3776 6137
7187 3776
4169 7187
7501 4169
852 7501
6790 852
1954 6790
4215 1954
5544 4215
3540 5544
940 3540
926 940
5593 926
827 5593
6599 827
5353 6599
3593 5353
3824 3593
2355 3824
3222 2355
3556 3222
9929 3556
2914 9929
9178 2914
5534 9178
9417 5534
2079 9417
9368 2079
2422 9368
9606 2422
4043 9606
2508 4043
803 2508
9627 803
7163 9627
3559 7163
5269 3559
3237 5269
5885 3237
961 5885
4382 961
9731 4382
237 9731
4873 237
8205 4873
6872 8205
2479 6872
9303 2479
8634 9303
1896 8634
285 1896
9232 285
7141 9232
4287 7141
5650 4287
716 5650
9953 716
6067 9953
1287 6067
9781 1287
8622 9781
9940 8622
6419 9940
6336 6419
1671 6336
5793 1671
7714 5793
1738 7714
7041 1738
5114 7041
5143 5114
9825 5143
8977 9825
8344 8977
4844 8344
6701 4844
7465 6701
6272 7465
8268 6272
6297 8268
4183 6297
504 4183
8756 504
2014 8756
7861 2014
1951 7861
4697 1951
8 4697
9276 8
6559 9276
1667 6559
2645 1667
9701 2645
3639 9701
7864 3639
660 7864
304 660
8762 304
41 8762
3839 41
1761 3839
2021 1761
3506 2021
8777 3506
2712 8777
1246 2712
9466 1246
3124 9466
6668 3124
1348 6668
4236 1348
3676 4236
5787 3676
3298 5787
6178 3298
7256 6178
603 7256
7959 603
4950 7959
2291 4950
6830 2291
9027 6830
1958 9027
952 1958
587 952
3468 587
7983 3468
1531 7983
7306 1531
1137 7306
4086 1137
7372 4086
3020 7372
2201 3020
5385 2201
1419 5385
2542 1419
6605 2542
8699 6605
8507 8699
8502 8507
5733 8502
495 5733
3333 495
9144 3333
7247 9144
7891 7247
4948 7891
9533 4948
3176 9533
2915 3176
457 2915
437 457
945 437
6571 945
4149 6571
9609 4149
7301 9609
5010 7301
9248 5010
8882 9248
5178 8882
1062 5178
5584 1062
3086 5584
2119 3086
6538 2119
4823 6538
2504 4823
5202 2504
672 5202
9872 672
8984 9872
9587 8984
4893 9587
5371 4893
3505 5371
4666 3505
235 4666
9580 235
8754 9580
757 8754
3821 757
4791 3821
9895 4791
5012 9895
9848 5012
7294 9848
2250 7294
3284 2250
2155 3284
1560 2155
1098 1560
9376 1098
5304 9376
8874 5304
7701 8874
1085 7701
1326 1085
5502 1326
1129 5502
6829 1129
2586 6829
6764 2586
497 6764
536 497
1410 536
2734 1410
2576 2734
7692 2576
6524 7692
2022 6524
4164 2022
2815 4164
7848 2815
8328 7848
9704 8328
550 9704
7463 550
3184 7463
9391 3184
7747 9391
3218 7747
264 3218
5786 264
9666 5786
6969 9666
1544 6969
993 1544
8573 993
9107 8573
816 9107
9266 816
9767 9266
1325 9767
3193 1325
6604 3193
2276 6604
941 2276
532 941
3439 532
7780 3439
1802 7780
7380 1802
3072 7380
6191 3072
1771 6191
2154 1771
1871 2154
2074 1871
8498 2074
6990 8498
8925 6990
1938 8925
9172 1938
928 9172
5891 928
72 5891
9410 72
4203 9410
8070 4203
7703 8070
7298 7703
452 7298
4453 452
828 4453
908 828
3404 908
1827 3404
361 1827
8559 361
3261 8559
1042 3261
3876 1042
3179 3876
2356 3179
9694 2356
8711 9694
9425 8711
5207 9425
9411 5207
8243 9411
3319 8243
6485 3319
2220 6485
174 2220
8620 174
9442 8620
5772 9442
6786 5772
5145 6786
8865 5145
9065 8865
9427 9065
2292 9427
6880 2292
591 6880
7798 591
6730 7798
8015 6730
6667 8015
9243 6667
1607 9243
1290 1607
4059 1290
2180 4059
6391 2180
2410 6391
95 2410
2531 95
5539 2531
7966 5539
4249 7966
6264 4249
7172 6264
1967 7172
6089 1967
8310 6089
5326 8310
4354 5326
2604 4354
492 2604
319 492
9829 319
7305 9829
7667 7305
2135 7667
106 2135
3984 106
8668 3984
1495 8668
760 1495
2868 760
8710 2868
3840 8710
1233 3840
7711 1233
3667 7711
3067 3667
6549 3067
2380 6549
1340 2380
2099 1340
271 2099
5431 271
1703 5431
2280 1703
6450 2280
1138 6450
3134 1138
8861 3134
3216 8861
7112 3216
8029 7112
2110 8029
1795 2110
4408 1795
5960 4408
1320 5960
7432 1320
662 7432
8438 662
5827 8438
554 5827
3895 554
7964 3895
2588 7964
6302 2588
5228 6302
7706 5228
4892 7706
1676 4892
1725 1676
9040 1725
7000 9040
7077 7000
9364 7077
1343 9364
9335 1343
5442 9335
8901 5442
4860 8901
507 4860
8753 507
4644 8753
101 4644
7606 101
6938 7606
7346 6938
4826 7346
7326 4826
1749 7326
6656 1749
1061 6656
9059 1061
7884 9059
3854 7884
1990 3854
2091 1990
4265 2091
9103 4265
3592 9103
3263 3592
7228 3263
1793 7228
2522 1793
3753 2522
4182 3753
9157 4182
974 9157
9253 974
5595 9253
4627 5595
2945 4627
2960 2945
5436 2960
5417 5436
3097 5417
9571 3097
8032 9571
5364 8032
4703 5364
1559 4703
7351 1559
262 7351
5372 262
8202 5372
2196 8202
5390 2196
7776 5390
2969 7776
3221 2969
8522 3221
3554 8522
4359 3554
9290 4359
5829 9290
9508 5829
238 9508
7548 238
5672 7548
5906 5672
6103 5906
7757 6103
7765 7757
5791 7765
7364 5791
6436 7364
3005 6436
9898 3005
3283 9898
5847 3283
137 5847
9046 137
1838 9046
3700 1838
4424 3700
5513 4424
9717 5513
82 9717
4459 82
8357 4459
7775 8357
5242 7775
2563 5242
7002 2563
295 7002
1557 295
5423 1557
3384 5423
8818 3384
358 8818
1207 358
922 1207
3120 922
7597 3120
3215 7597
2723 3215
931 2723
9595 931
1344 9595
2546 1344
4520 2546
2476 4520
8279 2476
8672 8279
6967 8672
3793 6967
2783 3793
7981 2783
5694 7981
4722 5694
4919 4722
2825 4919
7979 2825
7841 7979
8879 7841
3363 8879
6511 3363
5492 6511
3183 5492
3369 3183
7850 3369
2813 7850
8036 2813
4319 8036
6836 4319
1984 6836
4568 1984
4956 4568
7104 4956
5615 7104
3807 5615
8923 3807
9577 8923
4753 9577
2266 4753
2359 2266
9804 2359
2750 9804
2047 2750
7938 2047
9024 7938
2755 9024
1543 2755
9517 1543
5196 9517
2877 5196
149 2877
7491 149
4418 7491
1985 4418
5857 1985
1041 5857
5231 1041
4929 5231
9096 4929
9826 9096
4733 9826
4807 4733
7693 4807
4242 7693
1403 4242
68 1403
9201 68
4292 9201
4974 4292
3241 4974
9607 3241
7577 9607
8246 7577
478 8246
6930 478
5578 6930
4981 5578
3203 4981
1906 3203
4829 1906
8778 4829
8481 8778
148 8481
8744 148
769 8744
1230 769
6167 1230
3922 6167
2365 3922
3616 2365
725 3616
8025 725
5377 8025
5560 5377
316 5560
1555 316
4016 1555
9750 4016
8881 9750
5999 8881
6216 5999
3860 6216
3759 3860
7140 3759
9744 7140
3532 9744
3428 3532
5623 3428
2336 5623
7035 2336
7825 7035
6025 7825
3317 6025
904 3317
4684 904
758 4684
3707 758
6247 3707
6811 6247
3848 6811
128 3848
6714 128
5695 6714
3040 5695
7726 3040
2204 7726
9369 2204
5610 9369
687 5610
737 687
3719 737
7237 3719
7934 7237
1578 7934
3637 1578
6963 3637
2169 6963
5751 2169
7550 5751
4592 7550
8700 4592
9239 8700
5004 9239
7433 5004
6851 7433
9296 6851
563 9296
2332 563
4018 2332
9378 4018
3127 9378
2575 3127
381 2575
2648 381
5142 2648
4025 5142
5743 4025
1699 5743
2676 1699
1002 2676
3837 1002
9899 3837
9648 9899
33 9648
302 33
6175 302
9261 6175
3150 9261
7881 3150
6988 7881
6075 6988
5589 6075
2340 5589
2054 2340
3053 2054
2263 3053
3878 2263
7204 3878
3387 7204
6709 3387
4617 6709
5626 4617
8831 5626
6356 8831
6845 6356
7073 6845
9863 7073
7556 9863
6582 7556
9036 6582
8187 9036
6920 8187
11 6920
1964 11
3173 1964
9891 3173
2630 9891
2782 2630
5336 2782
4186 5336
1242 4186
20 1242
1027 20
6116 1027
333 6116
4017 333
8939 4017
6725 8939
9896 6725
8707 9896
9194 8707
5370 9194
3445 5370
3736 3445
2158 3736
4555 2158
5015 4555
9955 5015
7842 9955
1051 7842
5305 1051
2211 5305
2447 2211
3347 2447
8583 3347
3594 8583
8426 3594
2744 8426
1312 2744
884 1312
505 884
1470 505
5408 1470
420 5408
1073 420
2323 1073
1391 2323
4125 1391
6159 4125
5218 6159
3200 5218
1724 3200
3459 1724
2438 3459
64 2438
169 64
3487 169
6497 3487
1186 6497
7753 1186
236 7753
7961 236
9475 7961
434 9475
6879 434
4527 6879
671 4527
3610 671
5013 3610
5830 5013
1168 5830
1356 1168
8558 1356
3920 8558
2494 3920
307 2494
4077 307
7939 4077
1805 7939
9360 1805
5016 9360
6124 5016
6382 6124
8658 6382
8612 8658
784 8612
3466 784
3187 3466
6543 3187
2922 6543
9737 2922
9342 9737
500 9342
3121 500
3516 3121
653 3516
2675 653
7461 2675
9954 7461
3027 9954
229 3027
3542 229
3838 3542
6313 3838
635 6313
23 635
2905 23
5849 2905
340 5849
1982 340
7023 1982
3464 7023
9883 3464
9200 9883
7990 9200
5047 7990
4920 5047
5334 4920
3711 5334
6260 3711
5529 6260
9333 5529
443 9333
6064 443
7280 6064
228 7280
9602 228
3814 9602
3750 3814
4080 3750
2863 4080
6553 2863
598 6553
5076 598
1498 5076
1067 1498
4976 1067
810 4976
7620 810
2379 7620
6688 2379
6169 6688
275 6169
2399 275
8286 2399
4026 8286
4231 4026
5003 4231
4566 5003
795 4566
3249 795
9910 3249
4647 9910
2111 4647
8127 2111
4393 8127
2401 4393
5521 2401
2270 5521
5932 2270
7764 5932
3356 7764
6486 3356
8011 6486
1354 8011
5606 1354
4232 5606
7166 4232
6541 7166
4554 6541
442 4554
5254 442
1302 5254
2942 1302
5949 2942
8180 5949
9682 8180
1180 9682
6279 1180
9626 6279
2514 9626
9932 2514
8089 9932
6065 8089
9341 6065
3578 9341
8213 3578
2998 8213
5079 2998
4111 5079
7178 4111
1050 7178
6842 1050
4248 6842
7719 4248
3476 7719
7805 3476
5755 7805
9271 5755
7350 9271
8041 7350
3804 8041
7021 3804
1378 7021
444 1378
3280 444
3514 3280
8603 3514
7085 8603
2707 7085
4388 2707
697 4388
9982 697
1939 9982
2777 1939
2214 2777
3253 2214
887 3253
3382 887
6487 3382
2629 6487
6383 2629
9192 6383
9230 9192
9845 9230
782 9845
8626 782
9453 8626
71 9453
8987 71
7475 8987
2925 7475
7906 2925
4057 7906
6797 4057
876 6797
8791 876
8105 8791
5871 8105
2197 5871
1149 2197
6744 1149
809 6744
1664 809
9522 1664
8694 9522
1929 8694
6630 1929
9542 6630
8315 9542
6961 8315
9528 6961
3561 9528
4413 3561
6289 4413
9076 6289
4138 9076
9687 4138
9725 9687
6252 9725
4076 6252
7207 4076
9010 7207
514 9010
9697 514
140 9697
4252 140
4567 4252
5238 4567
1033 5238
3835 1033
5977 3835
6371 5977
4824 6371
6700 4824
7109 6700
7137 7109
7157 7137
7507 7157
6228 7507
465 6228
1031 465
3062 1031
3541 3062
1369 3541
3306 1369
6308 3306
5994 6308
881 5994
4553 881
4959 4553
3272 4959
2260 3272
2034 2260
2283 2034
8991 2283
5478 8991
573 5478
5000 573
5985 5000
3366 5985
4602 3366
7357 4602
1779 7357
6112 1779
6547 6112
247 6547
8359 247
5638 8359
6440 5638
1497 6440
6069 1497
9275 6069
6120 9275
9245 6120
3255 9245
8169 3255
5415 8169
3724 5415
8556 3724
4741 8556
5314 4741
7014 5314
1823 7014
6993 1823
848 6993
6072 848
7813 6072
3414 7813
147 3414
1663 147
395 1663
9740 395
7896 9740
8166 7896
5470 8166
4573 5470
5756 4573
7876 5756
7616 7876
596 7616
1649 596
1924 1649
4490 1924
1255 4490
6508 1255
6111 6508
1681 6111
7362 1681
9023 7362
2762 9023
8851 2762
9915 8851
4496 9915
2608 4496
6073 2608
4420 6073
6594 4420
9146 6594
9879 9146
9314 9879
1423 9314
7223 1423
3791 7223
398 3791
8111 398
1599 8111
204 1599
7330 204
8234 7330
964 8234
4747 964
7509 4747
4355 7509
5712 4355
6758 5712
2382 6758
9501 2382
1946 9501
1884 1946
2861 1884
5525 2861
2904 5525
2775 2904
1080 2775
3811 1080
3026 3811
4783 3026
131 4783
2738 131
4539 2738
8898 4539
352 8898
1315 352
5933 1315
5859 5933
5613 5859
1254 5613
5765 1254
9004 5765
2499 9004
4000 2499
5918 4000
8163 5918
8263 8163
4748 8263
36 4748
9790 36
4541 9790
9313 4541
990 9313
9158 990
2633 9158
3903 2633
4179 3903
5412 4179
2165 5412
2149 2165
9109 2149
3764 9109
1653 3764
2413 1653
9396 2413
7467 9396
5759 7467
3954 5759
2756 3954
5617 2756
9819 5617
3417 9819
4045 3417
1711 4045
5522 1711
2335 5522
1809 2335
8526 1809
113 8526
5457 113
3524 5457
8643 3524
744 8643
3110 744
54 3110
3299 54
7790 3299
9165 7790
797 9165
5842 797
2381 5842
3623 2381
6895 3623
3832 6895
5220 3832
5930 5220
7013 5930
7954 7013
9472 7954
5564 9472
8128 5564
2123 8128
9771 2123
5273 9771
4317 5273
3094 4317
1569 3094
1641 1569
9143 1641
7651 9143
1023 7651
4760 1023
846 4760
3557 846
1754 3557
9338 1754
6724 9338
357 6724
1428 357
3016 1428
3927 3016
272 3927
6393 272
9415 6393
8052 9415
9168 8052
6840 9168
3145 6840
1682 3145
4964 1682
3897 4964
5089 3897
3718 5089
4421 3718
8997 4421
6732 8997
1215 6732
5921 1215
9590 5921
5585 9590
6509 5585
9223 6509
7154 9223
2899 7154
8247 2899
4385 8247
4472 4385
4688 4472
4192 4688
5931 4192
9739 5931
3861 9739
2884 3861
422 2884
9440 422
6916 9440
511 6916
7134 511
5742 7134
4830 5742
7512 4830
7702 7512
9968 7702
1532 9968
5571 1532
3602 5571
232 3602
1193 232
8132 1193
5796 8132
9426 5796
6518 9426
3354 6518
4278 3354
7226 4278
9673 7226
3483 9673
3028 3483
5856 3028
9763 5856
659 9763
6871 659
7722 6871
2232 7722
3313 2232
364 3313
6016 364
7007 6016
30 7007
2666 30
8871 2666
8986 8871
8155 8986
7515 8155
7092 7515
5784 7092
5679 5784
2587 5679
1862 2587
96 1862
4339 96
3321 4339
817 3321
3315 817
9603 3315
1890 9603
3808 1890
5255 3808
292 5255
8068 292
9412 8068
483 9412
4150 483
9372 4150
4 9372
1162 4
3782 1162
1618 3782
3797 1618
1762 3797
7375 1762
2985 7375
8935 2985
7632 8935
7293 7632
2377 7293
8085 2377
4989 8085
983 4989
8434 983
4214 8434
7192 4214
6476 7192
7390 6476
804 7390
74 804
7899 74
2987 7899
1932 2987
8393 1932
5920 8393
6106 5920
9914 6106
3294 9914
7629 3294
1885 7629
3492 1885
6606 3492
7075 6606
3659 7075
1662 3659
6957 1662
486 6957
183 486
1987 183
7317 1987
7177 7317
2804 7177
7824 2804
4529 7824
7636 4529
8688 7636
7139 8688
4756 7139
5802 4756
8696 5802
1150 8696
4582 1150
9287 4582
7251 9287
9280 7251
4795 9280
1346 4795
5292 1346
533 5292
5343 533
1189 5343
3569 1189
6376 3569
9581 6376
3977 9581
6035 3977
7732 6035
7110 7732
7194 7110
7105 7194
5972 7105
3106 5972
5792 3106
6940 5792
2396 6940
4802 2396
4816 4802
861 4816
1342 861
6239 1342
1519 6239
5483 1519
5460 5483
7437 5460
3030 7437
6184 3030
8755 6184
7736 8755
2300 7736
9688 2300
8217 9688
4584 8217
1256 4584
8974 1256
2565 8974
7290 2565
5252 7290
5963 5252
8232 5963
7971 8232
9997 7971
8308 9997
8654 8308
1102 8654
9054 1102
4210 9054
9334 4210
1079 9334
2926 1079
254 2926
5083 254
1828 5083
2622 1828
9873 2622
1327 9873
8720 1327
3191 8720
755 3191
1900 755
968 1900
1388 968
3060 1388
5011 3060
1750 5011
195 1750
6267 195
5820 6267
6734 5820
8877 6734
646 8877
3624 646
10001 3624
3 10001
419 3
4798 419
6983 4798
5724 6983
7032 5724
9645 7032
1727 9645
3873 1727
499 3873
5203 499
2486 5203
4259 2486
9623 4259
8581 9623
2253 8581
8437 2253
5465 8437
1038 5465
4283 1038
939 4283
8580 939
7796 8580
3794 7796
2348 3794
2107 2348
2353 2107
9155 2353
6874 9155
6527 6874
2747 6527
7133 2747
2170 7133
9803 2170
8460 9803
4369 8460
6539 4369
8873 6539
9181 8873
6909 9181
3568 6909
9563 3568
5318 9563
9300 5318
1565 9300
2122 1565
1081 2122
5987 1081
8375 5987
7313 8375
7525 7313
2376 7525
4233 2376
3536 4233
9779 3536
2148 9779
2727 2148
1962 2727
2908 1962
7940 2908
5934 7940
5797 5934
7642 5797
9723 7642
9263 9723
9336 9263
3328 9336
9374 3328
8810 9374
7675 8810
7800 7675
3433 7800
5246 3433
9928 5246
7135 9928
7480 7135
2524 7480
3360 2524
8071 3360
3766 8071
5490 3766
6286 5490
6223 6286
8017 6223
3636 8017
9643 3636
1849 9643
2470 1849
957 2470
5168 957
4978 5168
8941 4978
4848 8941
3995 4848
1362 3995
3236 1362
5866 3236
2342 5866
2077 2342
4297 2077
2812 4297
6104 2812
8454 6104
1145 8454
2593 1145
4240 2593
5346 4240
209 5346
9857 209
4305 9857
7426 4305
3931 7426
8863 3931
7815 8863
5713 7815
1496 5713
9394 1496
3228 9394
6690 3228
4084 6690
965 4084
5654 965
1483 5654
7460 1483
5990 7460
2093 5990
9871 2093
9043 9871
539 9043
1376 539
2857 1376
2227 2857
7186 2227
3702 7186
9236 3702
7476 9236
7418 7476
6154 7418
5411 6154
1489 5411
1248 1489
2188 1248
1584 2188
2993 1584
8876 2993
8814 8876
8976 8814
1972 8976
8472 1972
3420 8472
2222 3420
6268 2222
1494 6268
7127 1494
5648 7127
764 5648
3846 764
2931 3846
133 2931
2878 133
9423 2878
9285 9423
6945 9285
6513 6945
4497 6513
4700 4497
1685 4700
3732 1685
9592 3732
1879 9592
7829 1879
9894 7829
409 9894
4066 409
7976 4066
6478 7976
5633 6478
1966 5633
1542 1966
2635 1542
2221 2635
8508 2221
5301 8508
2753 5301
1639 2753
875 1639
7569 875
7267 7569
7494 7267
7261 7494
1528 7261
7356 1528
9026 7356
528 9026
6080 528
3474 6080
3546 3474
9219 3546
9667 9219
8770 9667
1706 8770
8907 1706
5285 8907
2309 5285
5303 2309
310 5303
9591 310
5583 9591
6795 5583
529 6795
3859 529
6914 3859
3558 6914
8900 3558
6502 8900
1716 6502
8463 1716
4256 8463
6174 4256
4499 6174
3111 4499
9762 3111
3909 9762
4389 3909
3051 4389
6698 3051
3154 6698
3631 3154
3252 3631
8669 3252
8004 8669
9150 8004
9272 9150
2484 9272
1683 2484
1508 1683
2033 1508
742 2033
9939 742
3923 9939
5251 3923
6752 5251
6536 6752
2596 6536
6417 2596
6365 6417
8134 6365
2692 8134
9392 2692
9586 9392
2769 9586
163 2769
7809 163
7107 7809
6631 7107
4662 6631
4225 4662
4792 4225
8947 4792
3603 8947
7149 3603
3286 7149
9292 3286
8046 9292
4330 8046
3057 4330
7737 3057
1000 7737
5153 1000
1694 5153
336 1694
658 336
5964 658
2903 5964
9716 2903
5676 9716
3204 5676
7443 3204
2418 7443
6622 2418
9977 6622
1217 9977
494 1217
8646 494
2603 8646
844 2603
3560 844
2167 3560
9199 2167
8815 9199
969 8815
365 969
4588 365
8252 4588
2996 8252
6810 2996
8482 6810
2384 8482
4134 2384
1416 4134
8870 1416
8553 8870
8471 8553
3687 8471
6099 3687
1917 6099
8701 1917
9546 8701
841 9546
8282 841
4122 8282
3394 4122
4428 3394
2349 4428
8304 2349
898 8304
3863 898
5833 3863
7846 5833
5397 7846
6445 5397
5667 6445
888 5667
2226 888
8093 2226
1163 8093
3517 1163
8903 3517
8628 8903
1549 8628
5264 1549
1854 5264
5392 1854
9456 5392
5815 9456
1432 5815
7578 1432
4883 7578
1479 4883
6713 1479
4041 6713
7050 4041
8582 7050
2882 8582
5342 2882
2459 5342
4505 2459
5749 4505
5538 5749
7241 5538
8783 7241
9405 8783
9669 9405
4943 9669
7594 4943
3946 7594
9752 3946
1450 9752
6022 1450
9097 6022
4492 9097
2670 4492
2279 2670
3698 2279
8577 3698
9535 8577
1117 9535
3170 1117
3671 3170
3423 3671
4153 3423
1386 4153
7633 1386
5630 7633
6129 5630
8467 6129
329 8467
4825 329
5668 4825
4088 5668
870 4088
8518 870
851 8518
4794 851
7935 4794
3733 7935
1191 3733
311 1191
6150 311
826 6150
979 826
6702 979
8235 6702
367 8235
5118 367
2415 5118
9159 2415
5609 9159
4932 5609
6329 4932
836 6329
5725 836
8411 5725
3208 8411
2817 3208
1635 2817
3455 1635
6377 3455
9919 6377
3537 9919
3095 3537
4767 3095
8078 4767
5657 8078
5184 5657
6814 5184
2536 6814
6402 2536
553 6402
1103 553
6928 1103
6152 6928
7913 6152
3617 7913
2946 3617
6096 2946
4178 6096
2742 4178
102 2742
8236 102
618 8236
8890 618
5329 8890
5524 5329
1756 5524
4197 1756
3997 4197
3972 3997
7097 3972
7009 7097
7791 7009
7771 7791
9371 7771
1822 9371
3156 1822
7900 3156
4841 7900
2799 4841
665 2799
7082 665
480 7082
2691 480
2528 2691
9226 2528
2321 9226
9991 2321
4754 9991
9044 4754
5966 9044
7273 5966
626 7273
3162 626
1347 3162
421 1347
4484 421
4603 4484
6241 4603
4731 6241
6307 4731
9952 6307
9757 9952
856 9757
261 856
9141 261
1279 9141
6716 1279
4648 6716
2965 4648
5435 2965
8565 5435
8832 8565
625 8832
8551 625
1176 8551
7946 1176
2026 7946
5091 2026
3989 5091
3472 3989
2924 3472
7363 2924
3396 7363
1178 3396
6418 1178
7696 6418
1846 7696
9920 1846
4340 9920
6168 4340
8225 6168
3268 8225
8860 3268
6908 8860
7161 6908
5598 7161
8088 5598
3402 8088
5382 3402
6455 5382
1988 6455
9053 1988
4450 9053
5331 4450
5137 5331
6453 5137
5691 6453
910 5691
6893 910
9811 6893
2530 9811
3406 2530
7662 3406
1243 7662
8047 1243
3986 8047
674 3986
7567 674
4507 7567
6010 4507
6100 6010
2790 6100
581 2790
3059 581
9395 3059
4397 9395
9302 4397
9149 9302
2483 9149
3960 2483
9489 3960
6681 9489
825 6681
6584 825
1853 6584
5732 1853
2892 5732
5565 2892
3362 5565
9113 3362
5022 9113
9497 5022
5702 9497
623 5702
9805 623
8432 9805
2028 8432
4411 2028
7580 4411
8121 7580
6472 8121
6554 6472
9463 6554
8290 9463
5462 8290
7677 5462
9231 7677
1121 9231
8114 1121
447 8114
2677 447
2992 2677
1553 2992
9981 1553
595 9981
6520 595
5405 6520
2721 5405
7511 2721
604 7511
6942 604
5558 6942
3527 5558
6881 3527
7352 6881
2202 7352
3555 2202
9293 3555
192 9293
2182 192
4655 2182
5265 4655
8574 5265
6068 8574
1669 6068
8200 1669
6140 8200
5986 6140
5843 5986
7664 5843
1053 7664
9409 1053
6751 9409
710 6751
606 710
3007 606
3689 3007
31 3689
6139 31
3008 6139
6044 3008
9523 6044
8153 9523
4419 8153
5286 4419
42 5286
9089 42
2879 9089
6468 2879
7232 6468
9500 7232
5669 9500
8896 5669
114 8896
6824 114
5208 6824
4032 5208
2889 4032
9459 2889
6054 9459
6211 6054
5929 6211
5505 5929
7087 5505
5144 7087
6782 5144
5773 6782
3625 5773
3968 3625
2507 3968
7668 2507
1460 7668
3598 1460
5515 3598
7406 5515
7540 7406
3023 7540
255 3023
2294 255
1183 2294
6859 1183
1517 6859
408 1517
6728 408
94 6728
4564 94
5526 4564
1563 5526
9575 1563
8571 9575
270 8571
2540 270
8340 2540
3655 8340
7410 3655
2532 7410
136 2532
2350 136
9385 2350
7826 9385
3047 7826
2592 3047
9596 2592
2860 9596
9934 2860
9938 9934
5244 9938
2873 5244
4701 2873
9422 4701
9983 9422
535 9983
4667 535
8836 4667
5429 8836
3530 5429
3731 3530
2625 3731
8589 2625
132 8589
4328 132
1923 4328
6521 1923
7401 6521
5369 7401
7610 5369
815 7610
7883 815
5738 7883
6807 5738
3485 6807
1769 3485
5105 1769
2595 5105
3800 2595
8862 3800
7678 8862
8373 7678
9901 8373
9154 9901
5719 9154
1804 5719
470 1804
8317 470
6999 8317
1710 6999
9247 1710
9295 9247
7712 9295
7295 7712
568 7295
2517 568
3818 2517
7975 3818
241 7975
3172 241
4998 3172
2979 4998
3207 2979
531 3207
1134 531
1739 1134
7710 1739
2784 7710
6273 2784
7370 6273
6890 7370
3928 6890
4313 3928
7532 4313
4576 7532
4494 4576
7575 4494
5160 7575
4632 5160
391 4632
8435 391
4237 8435
1351 4237
2328 1351
6086 2328
6933 6086
2810 6933
6765 2810
8152 6765
8929 8152
5162 8929
9455 5162
783 9455
8827 783
5230 8827
2609 5230
6397 2609
5284 6397
1928 5284
3163 1928
1570 3163
1358 1570
376 1358
9634 376
4241 9634
3202 4241
29 3202
8490 29
3031 8490
2112 3031
1453 2112
4105 1453
4612 4105
3451 4612
6259 3451
2444 6259
7027 2444
167 7027
2649 167
4383 2649
3456 4383
348 3456
6624 348
6145 6624
935 6145
2955 935
6720 2955
3572 6720
4930 3572
2015 4930
5775 2015
9161 5775
9724 9161
6577 9724
2339 6577
8633 2339
7958 8633
4845 7958
4720 4845
5882 4720
5548 5882
9297 5548
3566 9297
4692 3566
1415 4692
2103 1415
2724 2103
2066 2724
9646 2066
2449 9646
6833 2449
645 6833
8804 645
1748 8804
2973 1748
8737 2973
8301 8737
3071 8301
3133 3071
2127 3133
8704 2127
2114 8704
8165 2114
8661 8165
5302 8661
4934 5302
1763 4934
3279 1763
4109 3279
4819 4109
2497 4819
3790 2497
5771 3790
4031 5771
5216 4031
2900 5216
151 2900
7544 151
7015 7544
1638 7015
1788 1638
8588 1788
2051 8588
2004 2051
7549 2004
2545 7549
3744 2545
1209 3744
3481 1209
1968 3481
9912 1968
5874 9912
8427 5874
2773 8427
9980 2773
7245 9980
2767 7245
4270 2767
9708 4270
5383 9708
4470 5383
9916 4470
9760 9916
334 9760
2060 334
3148 2060
3531 3148
98 3531
4503 98
5876 4503
2346 5876
8768 2346
4126 8768
4167 4126
2632 4167
6055 2632
1895 6055
9206 1895
7419 9206
141 7419
2968 141
9548 2968
7180 9548
1368 7180
3852 1368
2521 3852
2282 2521
4338 2282
9457 4338
3167 9457
161 3167
3545 161
2144 3545
8197 2144
9812 8197
6430 9812
4068 6430
1245 4068
9122 1245
451 9122
6400 451
1978 6400
3574 1978
4071 3574
8902 4071
6746 8902
7948 6746
3657 7948
4999 3657
694 4999
5846 694
2736 5846
2984 2736
2106 2984
45 2106
6750 45
8150 6750
8600 8150
2393 8600
8489 2393
7715 8489
7441 7715
213 7441
9806 213
1201 9806
8645 1201
5085 8645
4769 5085
2598 4769
4714 2598
6828 4714
414 6828
9565 414
1420 9565
1339 1420
2067 1339
5634 2067
5905 5634
9086 5905
4569 9086
4690 4569
8678 4690
3271 8678
9283 3271
8368 9283
6057 8368
2816 6057
6011 2816
5156 6011
3523 5156
4172 3523
4058 4172
7368 4058
9211 7368
3714 9211
10001 3714
5 10001
4888 5
7217 4888
4958 7217
3805 4958
8677 3805
2009 8677
2179 2009
193 2179
312 193
4908 312
7716 4908
4663 7716
5467 4663
5718 5467
4610 5718
642 4610
3693 642
2502 3693
6144 2502
3614 6144
989 3614
627 989
27 627
9594 27
3626 9594
1473 3626
8764 1473
1310 8764
9959 1310
2258 9959
7839 2258
290 7839
3704 290
7672 3704
3599 7672
5026 3599
1065 5026
7336 1065
1736 7336
9787 1736
7285 9787
7814 7285
721 7814
3131 721
8523 3131
8074 8523
696 8074
9516 696
9751 9516
2739 9751
2212 2739
580 2212
2737 580
547 2737
523 547
3048 523
8069 3048
5298 8069
9384 5298
7430 9384
8760 7430
2139 8760
5641 2139
9020 5641
6328 9020
5823 6328
3446 5823
6529 3446
1155 6529
4212 1155
4145 4212
8388 4145
1677 8388
6650 1677
5688 6650
1024 5688
8031 1024
3789 8031
5159 3789
647 5159
6600 647
2443 6600
4971 2443
2709 4971
2233 2709
3443 2233
1691 3443
8188 1691
7470 8188
4651 7470
4446 4651
8018 4446
5693 8018
9958 5693
9971 9958
7635 9971
1055 7635
7683 1055
4805 7683
5101 4805
8183 5101
8486 8183
7684 8486
6305 7684
5537 6305
6841 5537
327 6841
6017 327
7144 6017
5109 7144
1146 5109
8294 1146
4362 8294
6877 4362
2101 6877
4430 2101
2118 4430
5048 2118
959 5048
3312 959
7484 3312
6461 7484
9637 6461
2822 9637
5649 2822
5762 5649
1645 5762
468 1645
8702 468
5378 8702
1875 5378
2480 1875
9719 2480
5532 9719
3380 5532
9322 3380
5471 9322
808 5471
7174 808
488 7174
3665 488
6618 3665
6748 6618
5059 6748
14 5059
1258 14
2275 1258
2177 2275
3716 2177
9128 3716
6014 9128
243 6014
4187 243
6944 4187
2642 6944
7531 2642
4740 7531
6149 4740
4884 6149
4827 4884
8077 4827
9598 8077
6231 9598
506 6231
5476 506
5848 5476
2184 5848
4665 2184
8934 4665
5082 8934
8429 5082
7852 8429
2606 7852
8173 2606
8916 8173
3853 8916
8905 3853
3833 8905
1040 3833
3295 1040
8016 3295
3938 8016
9700 3938
6835 9700
9753 6835
9564 9753
4604 9564
3243 4604
5783 3243
688 5783
3534 688
907 3534
6212 907
5084 6212
1239 5084
692 1239
6759 692
8602 6759
8084 8602
1172 8084
1001 1172
498 1001
1084 498
1816 1084
5468 1816
178 5468
3740 178
6426 3740
3292 6426
3544 3292
2961 3544
9722 2961
1657 9722
6454 1657
7529 6454
4116 7529
1467 4116
7538 1467
3589 7538
5844 3589
7788 5844
7205 7788
3651 7205
1471 3651
8396 1471
8391 8396
2866 8391
9449 2866
2573 9449
4329 2573
5739 4329
6041 5739
1908 6041
2156 1908
9070 2156
9851 9070
1608 9851
7898 1608
4106 7898
8424 4106
1720 8424
6564 1720
9480 6564
522 9480
2688 522
2943 2688
8745 2943
7234 8745
2267 7234
9672 2267
4772 9672
4779 4772
9833 4779
2854 9833
4895 2854
43 4895
781 43
6081 781
1130 6081
6172 1130
9628 6172
6715 9628
8545 6715
8322 8545
332 8322
9142 332
9062 9142
5052 9062
2373 5052
2478 2373
1767 2478
4447 1767
2466 4447
8509 2466
4009 8509
1037 4009
6703 1037
8204 6703
4176 8204
8280 4176
5594 8280
2394 5594
5785 2394
8995 5785
1206 8995
3368 1206
4008 3368
3947 4008
691 3947
6818 691
6395 6818
5776 6395
3882 5776
3142 3882
7513 3142
342 7513
4521 342
50 4521
1034 50
1047 1034
9892 1047
8420 9892
6726 8420
1394 6726
4461 1394
227 4461
8966 227
1003 8966
369 1003
1148 369
678 1148
15 678
3201 15
8257 3201
4235 8257
4136 4235
5445 4136
8051 5445
6634 8051
3029 6634
8394 3029
3773 8394
9233 3773
5674 9233
1873 5674
8329 1873
2806 8329
6696 2806
8065 6696
2337 8065
7806 2337
8386 7806
3348 8386
6443 3348
2191 6443
9348 2191
6290 9348
6002 6290
5536 6002
4534 5536
5023 4534
2680 5023
4443 2680
6504 4443
9514 6504
8277 9514
3378 8277
4211 3378
1493 4211
8805 1493
2505 8805
7537 2505
5729 7537
8758 5729
6834 8758
5190 6834
9265 5190
3099 9265
5684 3099
4631 5684
2754 4631
8276 2754
9431 8276
4587 9431
8515 4587
7413 8515
5413 7413
7797 5413
4836 7797
5256 4836
6551 5256
768 6551
8221 768
5071 8221
570 5071
4264 570
7887 4264
2131 7887
9735 2131
5541 9735
2072 5541
6413 2072
3342 6413
3898 3342
1878 3898
3916 1878
1253 3916
6300 1253
6617 6300
6772 6617
2533 6772
9152 2533
6235 9152
9430 6235
9185 9430
5916 9185
5757 5916
2735 5757
2937 2735
5200 2937
1070 5200
7987 1070
976 7987
8712 976
3826 8712
6562 3826
5172 6562
9931 5172
8538 9931
3526 8538
3083 3526
9006 3083
9856 9006
3037 9856
8802 3037
5332 8802
4891 5332
6917 4891
2317 6917
1016 2317
1697 1016
7487 1697
2793 7487
9407 2793
9267 9407
8817 9267
3921 8817
2765 3921
7216 2765
473 7216
6203 473
5039 6203
3021 5039
6444 3021
4515 6444
3871 4515
998 3871
3503 998
1679 3503
1154 1679
6929 1154
8207 6929
7049 8207
4246 7049
8640 4246
872 8640
2870 872
8550 2870
3206 8550
6641 3206
4773 6641
9935 4773
8554 9935
5735 8554
4866 5735
233 4866
6378 233
991 6378
6251 991
9038 6251
1643 9038
5640 1643
1575 5640
1586 1575
1529 1586
8189 1529
5873 8189
3915 5873
2538 3915
746 2538
321 746
4474 321
4900 4474
5888 4900
6848 5888
3723 6848
9187 3723
7431 9187
821 7431
750 821
6030 750
7243 6030
4251 7243
3436 4251
7885 3436
2296 7885
1475 2296
4219 1475
565 4219
8311 565
947 8311
1526 947
1833 1526
559 1833
1610 559
1200 1610
9505 1200
9795 9505
5497 9795
2230 5497
7634 2230
4399 7634
8325 4399
4595 8325
3296 4595
2053 3296
4014 2053
9215 4014
6823 9215
6195 6823
9124 6195
9924 9124
7036 9924
2643 7036
171 2643
9638 171
5027 9638
6117 5027
8800 6117
6059 8800
1159 6059
7233 1159
4629 7233
7221 4629
76 7221
1743 76
7904 1743
1288 7904
5659 1288
4162 5659
6155 4162
6330 6155
6802 6330
7897 6802
4557 7897
165 4557
7558 165
3489 7558
7323 3489
5399 7323
6902 5399
5811 6902
1535 5811
9259 1535
2526 9259
7033 2526
3482 7033
6679 3482
789 6679
1582 789
2261 1582
3330 2261
5400 3330
7064 5400
7562 7064
3792 7562
3634 3792
8909 3634
4101 8909
7436 4101
1352 7436
3367 1352
221 3367
5018 221
7489 5018
2064 7489
482 2064
266 482
4680 266
8731 4680
4894 8731
5599 4894
2136 5599
962 2136
8139 962
1547 8139
8076 1547
10001 8076
26 10001
7681 26
4614 7681
2071 4614
5087 2071
7908 5087
8229 7908
330 8229
8226 330
4625 8226
3976 4625
7434 3976
6114 7434
4090 6114
1074 4090
1870 1074
9674 1870
1228 9674
5877 1228
8292 5877
7482 8292
3936 7482
2195 3936
5247 2195
3573 5247
1534 3573
747 1534
6959 747
1796 6959
765 1796
1670 765
2061 1670
2347 2061
6789 2347
7094 6789
2862 7094
6170 2862
6004 6170
9702 6004
3738 9702
3035 3738
905 3035
9016 905
4368 9016
7468 4368
3629 7468
2513 3629
2664 2513
5025 2664
7117 5025
1447 7117
3501 1447
3136 3501
1167 3136
5425 1167
8156 5425
1336 8156
946 1336
6885 946
7618 6885
4271 7618
5569 4271
2030 5569
7750 2030
1625 7750
2063 1625
1303 2063
6201 1303
6888 6201
5504 6888
4099 5504
2174 4099
7349 2174
5753 7349
360 5753
3590 360
8892 3590
1459 8892
1573 1459
1611 1573
9527 1611
8597 9527
9347 8597
2416 9347
9547 2416
9557 9547
1832 9557
8627 1832
2726 8627
5276 2726
7479 5276
5029 7479
126 5029
2570 126
10001 2570
80 10001
9398 80
1777 9398
2058 1777
4649 2058
8087 4649
5520 8087
807 5520
6651 807
981 6651
6642 981
6736 6642
6090 6736
6296 6090
719 6296
5182 719
3780 5182
3904 3780
6176 3904
5686 6176
1438 5686
4426 1438
7784 4426
5572 7784
2823 5572
6898 2823
1429 6898
7518 1429
6640 7518
944 6640
496 944
1782 496
6479 1782
3643 6479
7218 3643
1444 7218
8428 1444
4350 8428
9519 4350
8440 9519
9824 8440
6298 9824
4599 6298
474 4599
5461 474
2203 5461
2686 2203
5660 2686
7833 5660
8779 7833
9169 8779
5581 9169
10001 5581
90 10001
2426 90
1086 2426
2510 1086
5171 2510
3851 5171
5512 3851
6615 5512
4110 6615
5355 4110
5323 5355
5074 5323
8406 5074
8161 8406
9567 8161
9446 9567
5009 9446
2888 5009
5356 2888
9656 5356
6158 9656
8566 6158
8211 8566
7554 8211
5835 7554
3351 5835
5540 3351
6530 5540
8605 6530
8337 8605
879 8337
9888 879
9435 9888
4857 9435
403 4857
6683 403
7090 6683
673 7090
7385 673
2132 7385
9345 2132
1087 9345
9061 1087
7875 9061
2441 7875
8026 2441
130 8026
9325 130
7812 9325
2129 7812
564 2129
4432 564
7079 4432
7837 7079
3888 7837
3158 3888
693 3158
1808 693
2977 1808
8283 2977
7124 8283
3694 7124
8908 3694
2463 8908
3344 2463
6869 3344
3174 6869
463 3174
1164 463
4102 1164
8241 4102
1046 8241
4519 1046
1566 4519
7945 1566
7260 7945
4445 7260
4108 4445
745 4108
9379 745
3227 9379
7235 3227
143 7235
8617 143
701 8617
5102 701
7524 5102
7785 7524
5979 7785
198 5979
6079 198
3353 6079
4114 3353
7631 4114
3982 7631
5665 3982
7742 5665
3709 7742
738 3709
6984 738
6937 6984
9665 6937
9840 9665
6367 9840
394 6367
7492 394
915 7492
2089 915
9365 2089
9311 9365
1893 9311
5033 1893
1632 5033
812 1632
9808 812
7910 9808
4007 7910
6592 4007
1128 6592
4360 1128
2408 4360
5484 2408
4547 5484
6481 4547
9890 6481
9837 9890
6005 9837
7093 6005
8629 7093
3955 8629
3325 3955
2959 3325
4348 2959
9658 4348
7689 9658
2535 7689
669 2535
7746 669
4051 7746
6839 4051
736 6839
335 736
5941 335
1732 5941
6110 1732
7455 6110
3770 7455
609 3770
6623 609
10001 6623
162 10001
3458 162
5928 3458
2160 5928
1892 2160
7586 1892
2437 7586
5821 2437
3640 5821
9815 3640
5801 9815
7694 5801
594 7694
257 594
4933 257
2121 4933
1955 2121
8891 1955
8682 8891
886 8682
389 886
8270 389
1855 8270
8733 1855
5479 8733
5106 5479
713 5106
5061 713
5845 5061
5708 5845
6415 5708
5042 6415
3737 5042
4152 3737
8930 4152
303 8930
4951 303
3774 4951
938 3774
10001 938
341 10001
9035 341
6171 9035
2567 6171
1486 2567
4318 1486
9483 4318
2699 9483
4693 2699
8176 4693
2509 8176
5090 2509
2585 5090
5778 2585
7969 5778
2564 7969
1392 2564
8769 1392
345 8769
6323 345
1039 6323
5689 1039
3188 5689
8938 3188
9903 8938
2140 9903
994 2140
400 994
8829 400
6691 8829
7817 6691
8336 7817
3450 8336
4790 3450
5086 4790
4300 5086
7619 4300
6573 7619
6762 6573
8377 6762
1374 8377
5070 1374
2835 5070
9816 2835
10001 9816
385 10001
1174 385
3355 1174
2406 3355
8724 2406
6941 8724
8590 6941
8843 8590
4218 8843
2634 4218
1385 2634
7862 1385
6610 7862
1008 6610
3749 1008
3102 3749
2181 3102
2090 2181
9583 2090
7005 9583
5204 7005
7070 5204
4367 7070
9520 4367
6354 9520
9401 6354
2718 9401
1316 2718
6451 1316
4485 6451
3842 4485
6416 3842
1740 6416
6989 1740
8982 6989
8237 8982
1337 8237
3015 1337
3653 3015
1474 3653
6293 1474
9518 6293
2673 9518
2859 2673
7730 2859
6033 7730
6437 6033
9589 6437
9207 9589
2981 9207
6399 2981
896 6399
2398 896
9492 2398
6009 9492
2566 6009
6049 2566
1876 6049
5591 1876
4742 5591
2768 4742
1503 2768
4598 1503
6464 4598
771 6464
2548 771
4613 2548
2018 4613
6256 2018
8222 6256
10001 8222
