
6
62
73
128
148
190
241
284
481
510
596
653
654
719
843
851
883
941
1002
1007
1169
1343
1554
1577
1788
1804
2144
2200
2448
2463
2531
2740
2889
3001
3034
3098
3158
3175
3411
3437
3471
3564
3687
4152
4497
4560
4583
4595
4662
4699
4797
5216
5291
5337
5663
5678
5749
5787
5990
6080
6147
6226
6537
6569
6664
6995
7283
7290
7385
7393
7488
7557
7595
7596
7633
7783
7953
8228
8314
8364
8403
8459
8616
8635
8782
8866
8926
8957
9007
9229
9727
9913
10031
10116
10199
10224
10292
10358
10402
10640
10679
10798
10801
10802
10995
11090
11243
11301
11322
11346
11395
11450
11635
11811
11936
12054
12082
12290
12483
12560
12704
12998
13074
13245
13362
13554
13571
13597
13668
13675
13744
13830
13871
13943
14058
14073
14387
14413
14440
14480
14559
14600
14640
14708
15189
15285
15335
15347
15398
15456
15531
15551
15571
15620
15730
15747
15751
15881
15912
16585
16648
16790
16937
17109
17303
17345
17403
17429
17470
17578
18233
18269
18311
18491
18495
18706
18741
18750
18752
18769
18816
18894
19262
19273
19299
19340
19815
19932
20044
20066
20090
20094
20200
20241
20297
20306
20589
21125
21617
21828
21854
21917
22073
22131
22211
22276
22493
22611
22672
22677
22809
22894
22908
23113
23191
23411
23412
23572
23635
23749
23756
23781
23809
23816
24153
24203
24342
24384
24422
24568
24581
24892
25052
25097
25280
25399
25499
25512
25607
25685
25874
25986
25999
26069
26207
26220
26604
26605
26714
26777
26848
26914
27108
27268
27387
27428
27476
27864
28131
28198
28321
28379
28600
28638
28674
28681
28692
28725
28818
28829
28840
28969
29003
29092
29440
29448
29484
29849
29874
30094
30132
30133
30194
30280
30342
30477
30550
30674
30809
30875
30948
31173
31261
31371
31461
31634
31756
31758
31866
31998
32076
32204
32252
32284
32511
32537
32651
32714
32754
32785
32881
33211
33361
33430
33521
33571
33644
33709
33710
34044
34171
34178
34297
34315
34328
34463
34679
34768
34811
34941
34972
35166
35183
35380
35402
35653
35979
36011
36055
36212
36275
36375
36432
36563
36676
36758
37138
37142
37157
37161
37254
37385
37583
37686
37731
37732
38000
38194
38207
38355
38452
38500
38544
38655
39035
39384
39411
39432
39485
39495
39559
39774
39893
39894
40038
40219
40308
40368
40542
40583
40620
40639
40687
40746
40752
40761
40786
40962
41226
41269
41339
41490
41495
41618
41716
41749
41775
41780
41844
41887
41903
41971
42014
42150
42218
42233
42294
42503
42636
42658
42689
42971
42993
43258
43545
43628
43713
43829
44013
44078
44079
44120
44203
44514
44556
44791
45121
45246
45477
45580
45770
45859
45893
45987
45992
46273
46365
46402
46518
46826
46882
47047
47083
47304
47307
47364
47587
47604
47701
47736
47746
47766
48025
48061
48081
48130
48189
48196
48303
48331
48355
48950
48982
49033
49259
49265
49326
49420
49539
49668
49738
49897
50058
50128
50129
50170
50179
50462
50464
50534
50586
50644
50701
50992
51006
51019
51063
51080
51098
51161
51314
51435
51524
51549
51566
52041
52059
52084
52202
52492
52538
52554
52563
52652
52768
53069
53160
53162
53174
53205
53358
53456
53554
53599
53631
53877
54279
54671
54860
54948
55056
55117
55201
55239
55616
55624
55698
55713
55846
56183
56186
56327
56396
56725
57094
57170
57289
57429
57473
57494
57562
57636
57651
58394
58477
58501
58587
58798
58888
58934
58945
58958
59011
59336
59486
59551
59584
59612
59624
59678
59833
59860
59896
60050
60070
60274
60307
60371
60426
60682
60696
60925
60963
61362
61691
61700
61708
61814
61872
61988
61990
62034
62176
62284
62317
62381
62388
62471
62482
62527
62670
62687
62754
62899
63027
63051
63075
63102
63233
63412
63467
63534
63607
63659
63662
63664
63693
63698
63711
63769
63809
63833
64105
64117
64270
64272
64283
64350
64405
64422
64489
64517
64573
64596
64834
65081
65090
65266
65276
65312
65330
65478
65625
65828
65887
65908
65942
66065
66142
66198
66245
66398
66471
66667
66686
66855
66909
66924
66950
67253
67263
67398
67541
67732
67796
67849
67996
68076
68136
68188
68198
68301
68422
68498
68534
68657
68750
68951
68982
69145
69255
69269
69274
69348
69486
69765
69799
69915
70166
70241
70258
70297
70494
70526
70628
70663
70671
70875
71047
71157
71277
71313
71319
71320
71534
71706
72386
72396
72447
72454
72611
72613
72831
72925
72988
73031
73311
73373
73389
73434
73442
73484
73595
73605
73652
73665
73665
73677
73800
73850
73901
73978
74112
74141
74370
74498
74727
74940
75028
75054
75126
75130
75162
75230
75562
75587
75726
75755
75979
76208
76244
76459
76484
76518
76563
76608
76654
76720
76805
76854
77271
77302
77322
77385
77472
77570
77609
77640
77749
77807
77964
78123
78474
78504
78556
78560
78595
78634
78659
79004
79015
79038
79148
79157
79177
79246
79291
79312
79315
79323
79423
79548
79642
79740
79825
79893
80199
80246
80268
80363
80430
80680
80752
80873
80970
81030
81044
81059
81275
81407
81700
82129
82229
82287
82322
82362
82476
82480
82583
82588
82756
82836
82966
82992
83150
83159
83362
83573
83593
83708
83794
83800
83867
84292
84295
84355
84417
84427
84438
84486
84498
84829
85325
85561
85573
85790
85965
85988
86151
86278
86295
86338
86592
86757
86854
86913
86994
87016
87116
87175
87327
87408
87541
87548
87605
87629
87741
87746
87999
88048
88091
88156
88211
88309
88389
88469
88572
88655
88753
88985
89051
89052
89126
89361
89505
89516
89806
89857
90414
90485
90515
90700
90954
91013
91111
91304
91367
91428
91746
91793
92130
92258
92301
92312
92330
92472
92561
92776
92873
93032
93114
93200
93311
93324
93411
93422
93433
93527
93558
93746
93803
93823
93900
93968
93980
94105
94217
94323
94411
94497
94763
94770
94858
94955
95264
95445
95485
95577
95717
95809
95881
95886
95902
96017
96033
96036
96045
96296
96309
96391
96446
96557
96560
96674
96713
96955
97013
97048
97059
97274
97409
97446
97464
97483
97522
97586
97630
97634
97716
97817
97875
97954
97964
98068
98101
98113
98126
98179
98432
98545
98641
98981
99165
99200
99288
99372
99482
99563
99717
99746
99986
99993
100010
100152
100318
100332
100417
100419
100474
100524
100679
100753
100755
100829
100864
100901
101050
101085
101240
101285
101355
101435
101477
101484
101692
101721
101761
102049
102079
102295
102379
102395
102716
102791
103115
103133
103145
103149
103231
103363
103431
103498
103528
103532
103539
103655
103857
103857
103953
103998
103999
104006
104024
104187
104211
104212
104466
104518
104717
104741
104856
105148
105299
105352
105513
105602
105720
105937
106008
106067
106191
106196
106269
106323
106329
106853
106870
107009
107220
107365
107375
107511
107785
107833
107850
108074
108225
108239
108253
108315
108374
108396
108419
108689
108705
108843
108849
108993
109012
109012
109015
109265
109297
109460
109603
109625
109652
109681
109957
109976
110013
110156
110450
110542
110551
110570
110574
110623
110653
110698
110711
110775
110831
110870
110893
110930
111392
111448
111501
111507
111685
111818
111899
112080
112123
112163
112175
112354
112473
112476
112514
112514
112523
112603
112719
112723
112778
113151
113270
113325
113399
113457
113563
113582
113709
113731
113816
113998
114024
114033
114046
114388
114508
114524
114531
114646
114772
114837
114838
114924
115071
115158
115213
115284
115348
115728
115750
115831
115874
115904
116079
116142
116176
116234
116235
116288
116366
116380
116635
116641
116696
116739
116742
116801
117030
117073
117167
117227
117309
117633
117829
117940
117964
117982
118301
118329
118404
118466
118560
118737
119103
119125
119170
119217
119262
119531
119552
119673
119694
120032
120033
120176
120504
120637
120682
120715
120773
120834
120865
120911
120924
120966
121069
121131
121335
121606
121675
121681
121740
121824
121856
121868
121885
121922
122169
122269
122313
122331
122467
122522
122524
122563
122565
122829
123351
123377
123401
123698
123809
123970
123982
124047
124087
124119
124333
124491
124503
124781
124888
124986
125267
125533
125743
125822
125837
125854
125933
126030
126118
126180
126294
126313
126420
126733
126876
126902
126942
127066
127249
127407
127407
127429
127439
127750
127812
127863
127902
128124
128188
128446
128529
128564
128792
128883
129282
129344
129359
129481
129687
129757
129950
130185
130240
130625
130641
130685
130712
130873
130892
131194
131286
131303
131503
131606
131632
131658
131698
131867
131952
132070
132305
132399
132958
132960
133175
133180
133217
133497
133621
133718
134273
134638
134656
134729
134758
134761
135095
135116
135245
135300
135494
135626
135674
135742
136050
136093
136301
136366
136412
136460
136548
136614
136627
136657
136670
136711
136801
136899
136927
136927
136985
137013
137057
137096
137121
137199
137200
137248
137486
137675
137713
137845
137852
137886
137980
138009
138030
138031
138075
138174
138183
138220
138243
138287
138597
138778
138793
138848
139079
139151
139225
139285
139497
139557
139569
139786
139822
139849
139953
139958
140031
140077
140170
140202
140321
140355
140498
140549
140615
140709
140721
140748
140836
140900
140982
141294
141309
141316
141379
141488
141584
141596
141746
141772
141946
142003
142065
142161
142295
142463
142483
142491
142792
142922
143125
143166
143428
143459
143650
143813
143943
144024
144035
144298
144377
144402
144476
144491
144565
144567
144739
144776
144933
145000
145085
145217
145261
145569
145585
145654
145858
145909
146203
146586
146804
147022
147028
147036
147265
147300
147458
147509
147581
147630
147645
147716
147877
147961
148011
148044
148057
148121
148316
148376
148403
148430
148508
148534
148709
148730
148949
148972
149086
149375
149382
149440
149581
149626
149630
149826
150234
150309
150374
150422
150547
150553
150603
150702
150728
150751
151004
151074
151115
151158
151471
151574
151707
151779
151803
151867
152115
152128
152282
152495
152501
152659
152858
152895
153492
153536
153562
153738
153793
153847
153895
154025
154168
154214
154285
154367
154554
154666
154767
155158
155238
155340
155356
155520
155634
155682
155781
155787
156002
156083
156256
156526
156554
156581
156627
156661
156707
156729
156848
156927
157143
157231
157267
157361
157361
157439
157479
157481
157657
157685
157699
157711
157852
157863
157920
157927
157988
158079
158109
158119
158164
158233
158288
158297
158484
158541
158698
158795
158796
158817
158852
158910
158971
158997
159039
159132
159198
159231
159243
159491
159647
159766
159927
160082
160140
160178
160375
160393
160495
160500
160546
160667
160717
160807
160850
160968
161003
161004
161328
161351
161374
161397
161434
161453
161635
161640
161642
161847
161965
162188
162344
162398
162455
162474
162515
162826
162907
162987
163033
163371
163427
163635
163656
163662
164013
164091
164183
164249
164371
164576
164706
164722
164730
164958
165167
165221
165260
165291
165456
165543
165741
165810
165978
166100
166119
166143
166282
166474
166801
166913
166962
167020
167054
167107
167251
167266
167285
167421
167479
167825
167937
167983
168178
168307
168475
168578
168743
169032
169033
169074
169195
169204
169353
169597
169640
169651
169760
169820
169974
170084
170089
170261
170277
170356
170383
170557
170625
170796
170800
170813
170814
171023
171105
171215
171296
171495
171659
171771
171812
171868
171928
171954
172002
172160
172205
172372
172450
172529
172682
173164
173378
173418
173652
173839
173892
173897
173919
174051
174108
174225
174329
174354
174452
174633
174660
174747
174783
174793
175085
175480
175509
175548
175558
175722
175764
175779
176012
176035
176053
176173
176224
176269
176312
176380
176392
176535
176636
176782
176799
176805
176817
176948
176995
177008
177064
177207
177231
177572
177573
177622
177694
177853
177874
178091
178270
178391
178540
178777
178928
179307
179341
179421
179661
179774
179788
179813
179857
179978
180110
180132
180215
180391
180658
180719
180740
180777
180784
180833
181035
181312
181524
181629
181840
181903
181950
182115
182219
182243
182255
182364
182459
182723
182867
182874
182968
182998
183000
183265
183269
183337
183371
183396
183419
183426
183496
183542
183803
183898
184129
184364
184404
184660
184666
184670
184702
184718
185047
185150
185204
185214
185361
185417
185705
185750
185824
185910
186152
186461
186553
186582
186662
186773
186805
186847
186894
186898
187161
187175
187255
187350
187423
187493
187686
187851
187944
187986
188080
188115
188199
188423
188457
188534
188657
188761
188800
189193
189259
189409
189421
189719
189762
189941
190000
190023
190092
190129
190212
190369
190391
190493
190500
190520
190786
190828
190851
190942
191000
191017
191107
191137
191421
191572
191688
191916
192250
192251
192282
192387
192513
192548
192723
192798
192846
193017
193065
193235
193493
193496
193552
193587
193730
193834
193872
193952
193989
194023
194580
194689
194707
194747
194828
194945
194945
195396
195983
195983
195998
196065
196179
196191
196267
196311
196311
196396
196572
196608
196645
196660
196710
196814
196944
196988
197003
197015
197179
197216
197272
197278
197280
197289
197305
197362
197563
197814
197819
197833
197920
198091
198131
198423
198519
198858
199108
199109
199189
199223
199262
199282
199344
199370
199381
199402
199493
199570
199630
199797
199885
199894
199960
200086
200174
200225
200486
200511
200532
200552
200900
201005
201142
201427
201535
201571
201625
201638
201648
201653
201671
201701
201792
201820
201842
202224
202310
202365
202479
202557
202576
202673
202709
202716
202756
202802
202903
203098
203149
203183
203261
203347
203411
203500
203519
203605
203624
203833
203973
204104
204165
204205
204262
204283
204369
204519
204526
204561
204571
204707
204746
204867
205283
205295
205323
205382
205412
205590
205707
205893
205995
206074
206147
206156
206159
206162
206255
206289
206304
206386
206393
206413
206489
206980
206992
207520
207617
207877
207899
207993
208313
208342
208422
208443
208667
208675
208704
208790
208825
209018
209088
209121
209529
210078
210122
210156
210214
210253
210624
210705
210819
210829
210872
211010
211047
211077
211097
211134
211281
211362
211392
211617
211684
211725
211782
211854
211875
212119
212174
212184
212238
212381
212665
212974
213202
213431
213540
213620
213742
213980
214022
214049
214115
214169
214600
214722
215056
215414
215447
215547
215741
215746
215752
215768
216089
216193
216264
216369
216516
216592
216635
216816
216936
217027
217333
217377
217505
217517
217542
217796
217896
217915
217932
218036
218076
218140
218144
218341
218496
218535
218769
218786
219063
219124
219383
219403
219539
219618
219717
219724
219844
219874
219977
219997
220080
220254
220442
220745
220788
220836
220973
221219
221728
221801
221803
221919
221951
221963
222096
222151
222163
222176
222213
222522
222936
223137
223162
223414
223456
223649
223796
224213
224291
224303
224314
224331
224421
224502
224563
224665
224839
224848
225525
225618
225633
225634
225659
225710
225740
226621
226643
226694
226710
226783
226999
227053
227070
227079
227133
227264
227336
227535
227652
227731
227741
228451
228510
228551
228884
228939
229358
229555
229611
229772
229828
230077
230083
230143
230151
230225
230392
230433
230468
230488
230545
230567
230660
230680
230690
230709
230716
230773
230915
230933
230965
230983
231103
231181
231399
231438
231480
231957
232055
232283
232597
232670
232747
232893
232969
233029
233140
233326
233402
233428
233459
233473
233626
233686
233756
233966
233992
234011
234136
234185
234196
234284
234324
234528
234597
235085
235121
235276
235304
235443
235612
235706
235788
235792
235804
235810
235813
235926
236037
236183
236301
236685
236707
237011
237039
237187
237307
237380
237427
237459
237667
237680
237820
237962
238101
238142
238171
238248
238374
238414
238552
238593
238679
238748
238767
238837
238930
238937
239016
239069
239154
239216
239626
239648
239683
239739
239767
239834
239984
240012
240054
240074
240142
240534
240569
240570
240589
240830
240982
241213
241320
241389
241572
243427
243551
243627
243641
243676
243832
243836
243967
243968
244092
244185
244247
244579
244765
244944
245168
245393
245464
245507
245580
245648
245725
245739
245849
245865
245912
245935
246060
246263
246356
246376
246520
246555
246615
246638
246683
246870
246946
247114
247146
247696
247734
248178
248234
248279
248291
248296
248394
248525
248692
248716
248778
248797
248858
249050
249222
249303
249440
249508
249625
249671
249786
249937
250222
250343
250475
250477
250499
250589
250645
250740
250799
250803
250972
251149
251253
251285
251422
251426
251604
251671
251862
251872
252015
252868
252951
252956
252969
253024
253051
253422
253489
253679
253739
253739
253762
253806
254017
254064
254120
254143
254153
254481
254581
254669
254747
254754
254818
254823
254927
254945
255033
255134
255213
255239
255414
255683
255942
256112
256185
256441
256538
256554
256598
256782
256854
256881
256908
257073
257282
257381
257502
257620
257798
257814
257855
257889
258015
258072
258102
258249
258298
258376
258382
258398
258874
258893
258960
258968
259012
259050
259436
259743
259751
259882
259885
259889
260054
260192
260227
260300
260339
260363
260531
260810
260885
261011
261100
261405
261528
261646
261852
261862
261919
261959
262152
262367
262429
262808
262834
263001
263189
263342
263368
263579
263632
263729
263742
263839
263845
263948
264369
264488
264541
264562
264661
264713
265131
265275
265345
265456
265519
265596
265846
265929
266071
266134
266194
266273
266462
266522
266581
266607
266630
266722
266755
266910
266951
267033
267117
267324
267510
267602
267663
267781
268163
268254
268419
268423
268450
268500
268522
268661
268736
268809
268946
269119
269134
269197
269333
269352
269365
269398
269831
269847
269865
270078
270295
270398
270484
270568
270771
270827
270930
271284
271306
271333
271339
271349
271487
271536
271803
272115
272139
272221
272470
272503
272585
272588
272640
273223
273258
273328
273869
273985
274058
274280
274384
274525
274622
274638
274724
275138
275223
275405
275556
275577
275584
275622
275685
275970
276057
276062
276411
276412
276413
276418
276492
276507
276527
276615
276901
276909
276986
277293
277385
277420
277679
277800
277809
277884
278168
278170
278366
278426
278544
278642
278692
278774
278818
279018
279028
279055
279101
279115
279280
279301
279341
279362
279485
279749
279945
280202
280239
280380
280643
280812
281178
281250
281312
281404
281544
281588
281637
281717
282067
282089
282093
282347
282408
282494
282497
282593
282795
282868
282892
282903
283064
283183
283289
283647
284009
284017
284055
284193
284242
284394
284510
284528
284674
284769
284979
285050
285214
285303
285402
285405
285692
285738
285880
285915
286010
286022
286059
286137
286504
286598
286719
286726
286787
286811
286877
286987
287049
287073
287216
287341
287562
287820
288240
288266
288407
288456
288457
288479
288592
288675
288687
288711
288806
288842
288877
288989
288991
289345
289536
289615
289624
289671
289675
289822
289914
289958
290088
290142
290740
290792
290816
290876
290905
290970
291079
291277
291288
291358
291359
291381
291404
291499
291747
291752
291757
291779
291874
292104
292247
292271
292289
292373
292461
292677
292723
292770
292786
292842
293163
293166
293396
293403
293405
293421
293562
293624
293735
293794
293913
294085
294086
294090
294179
294204
294207
294563
294609
294632
294727
294842
294904
294992
295006
295016
295174
295243
295448
295532
295689
295714
295716
295777
295803
295850
295867
296025
296034
296271
296310
296317
296437
296465
296694
296720
296796
296809
296834
296871
297064
297158
297199
297304
297310
297427
297538
297785
297838
297842
297968
297968
298055
298090
298195
298210
298236
298319
298359
298526
298526
298536
298816
298866
298891
299154
299220
299294
299621
299690
299737
299783
299787
299796
299808
299844
300211
300222
300331
300373
300382
300835
300892
300939
301360
301383
301427
301436
301517
301670
301860
301960
302134
302268
302279
302315
302362
302380
302416
302431
302524
302579
302627
302752
302878
302990
303047
303126
303204
303211
303287
303406
303595
303630
303821
303861
303999
304013
304662
304676
304721
304881
305008
305079
305156
305230
305400
305430
305443
305562
305591
305695
305855
305960
306036
306046
306106
306155
306172
306457
306574
306599
306616
306817
307030
307038
307278
307278
307318
307346
307566
307759
307786
308064
308139
308222
308310
308317
308317
308600
308684
308741
308743
308748
309348
309378
309409
309491
309497
309500
309561
309740
309907
309962
310048
310135
310285
310303
310333
310510
310660
310660
310668
310708
310905
311168
311212
311307
311340
311556
311760
311797
311875
311951
312498
312544
312569
312968
312989
312989
313098
313176
313234
313282
313855
314137
314689
314697
314767
314919
314926
315115
315210
315327
315389
315527
315545
315568
315686
315875
316125
316145
316195
316460
316576
316692
316859
316998
317113
317131
317445
317546
317565
317854
317992
318112
318118
318167
318168
318293
318386
318429
318436
318566
318719
319024
319037
319129
319205
319210
319258
319312
319313
319377
319493
319581
319597
319611
319720
319986
320073
320188
320451
320458
320814
320844
320845
320899
320902
320977
321206
321333
321609
321614
321670
321747
321775
321777
321888
321932
321981
322094
322483
322548
322633
322833
322840
323124
323284
323368
323482
323505
323533
323564
323750
323758
323898
323915
323960
324055
324062
324135
324146
324198
324203
324268
324322
324380
324389
324440
324497
324579
324715
324754
324927
324962
325051
325209
325312
325468
325593
325619
325691
325795
325839
325863
325869
325885
325909
326058
326082
326094
326104
326122
326436
326477
326513
326572
326621
326725
326799
326822
326841
326844
326890
326962
327026
327076
327125
327146
327192
327447
327789
327847
327861
328058
328200
328234
328488
328526
328560
328655
328859
328877
328931
328978
329111
329137
329236
329239
329241
329350
329496
329513
329845
329953
330059
330074
330289
330413
330466
330511
330697
330717
330920
331096
331112
331143
331315
331451
331470
331497
331542
331730
331816
331931
331941
332052
332109
332375
332450
332468
332538
332638
332696
332721
332727
332729
332756
332773
332841
332849
332992
333031
333076
333164
333175
333289
333477
333628
333646
333794
333865
333886
333901
333940
333941
334100
334229
334258
334347
334352
334476
334478
334488
334618
334774
334811
334857
334891
334916
334970
335478
335598
335622
335997
336008
336291
336596
336641
336686
336812
336817
336859
337016
337084
337102
337150
337359
337453
337501
337659
337660
337800
337892
337910
337929
337957
337997
338122
338265
338545
338632
338713
338909
338923
338930
338987
339044
339147
339530
339570
339917
339958
340016
340056
340362
340410
340617
340738
340911
340975
341108
341158
341291
341392
341697
341720
341757
341889
341966
341995
342032
342337
342341
342382
342436
342646
342678
342910
342912
343022
343054
343094
343128
343223
343348
343585
343626
343631
343792
343897
343959
343978
344249
344260
344332
344333
344334
344335
344346
344471
344477
344484
344573
344717
344722
344760
344797
345040
345067
345072
345156
345376
345574
345609
345705
345706
345824
345858
345966
346138
346474
346562
346611
346842
346850
346857
347040
347066
347076
347078
347173
347188
347332
347385
347479
347798
348013
348131
348187
348205
348271
348309
348315
348323
348599
348698
348735
348834
349258
349471
349628
349698
349979
350069
350100
350134
350259
350369
350578
350768
350929
351047
351133
351142
351205
351217
351421
351443
351494
351548
351619
351661
351722
351801
351856
352115
352168
352361
352366
352450
352476
352676
352718
352758
352929
353159
353260
353365
353672
353729
353874
353998
354069
354075
354117
354191
354201
354299
354747
354763
354922
354924
354933
354940
354955
355115
355254
355626
355766
355814
355863
355868
355991
356016
356170
356312
356464
356572
356755
356792
356796
356890
356912
356935
357161
357247
357407
357616
357773
357806
358158
358206
358279
358342
358440
358524
358635
358818
359036
359104
359117
359376
359581
359627
359726
359788
359802
359817
359846
359873
359942
359953
360183
360243
360327
360424
360457
360623
360663
360708
360793
360851
360883
361008
361037
361107
361182
361238
361290
361314
361355
361363
361488
361894
361902
361909
362035
362148
362217
362267
362486
362716
362726
362819
362912
363157
363229
363405
363537
363668
363685
363833
363842
363895
363996
364171
364202
364322
364342
364491
364503
364592
364759
364760
364824
364843
364926
364958
365012
365021
365226
365337
365429
365453
365510
365637
365942
366052
366231
366379
366609
366680
366993
366999
367015
367160
367333
367431
367690
367693
367714
367896
367974
368082
368110
368131
368141
368211
368227
368260
368290
368492
368517
368542
368578
368699
368981
368986
368990
369237
369245
369397
369418
369519
369625
369682
369865
369908
369965
370123
370164
370677
370841
370917
371033
371045
371165
371423
371472
371508
371549
371580
371588
371689
371834
371874
371972
372078
372090
372191
372626
372640
372842
372890
372969
373037
373076
373258
373300
373459
373550
373593
373622
373640
373715
373908
374071
374133
374165
374229
374324
374324
374347
374373
374414
374449
374454
374489
374520
374588
374753
374971
375138
375172
375234
375240
375291
375445
375582
375615
375658
375731
375876
375892
375938
375984
375996
376199
376203
376315
376398
376502
376791
376872
377002
377060
377174
377231
377236
377387
377504
377673
378097
378135
378138
378176
378198
378289
378427
378441
378505
378594
378830
378861
378932
379184
379254
379274
379349
379371
379582
379777
380045
380477
380562
380582
380667
380903
380915
381201
381279
381315
381482
381569
381796
381857
382204
382252
382442
382566
382658
382723
382782
383060
383160
383203
383287
383337
383404
383550
383558
383680
383695
383891
383907
383960
383989
384000
384041
384085
384238
384263
384469
384482
384578
384749
384758
384820
384881
384914
385067
385096
385194
385198
385205
385280
385334
385517
385601
385620
385960
386116
386419
386443
386443
386798
386799
386901
387081
387251
387261
387290
387346
387544
387557
387662
387868
387980
388021
388102
388237
388524
388601
388777
388826
388929
389085
389233
389297
389575
389585
389694
389776
389926
389938
389966
390127
390169
390204
390223
390292
390421
390441
390584
390670
390676
390890
390929
391082
391097
391308
391455
391684
391685
391885
392329
392540
392568
392573
392799
392801
392858
393101
393102
393340
393437
393532
393542
393616
393625
393640
393723
393800
394091
394137
394369
394395
394517
394567
394624
394739
394872
394907
395064
395226
395300
395407
395534
395585
395631
395766
395960
395988
396017
396162
396207
396329
396529
396804
396841
396967
396992
397181
397301
397362
397473
397552
397651
397752
397799
398053
398094
398162
398387
398459
398487
398496
398528
398537
398579
398671
398684
398693
399050
399082
399148
399231
399270
399276
399344
399618
399991
400044
400098
400270
400285
400286
400362
400436
400466
400514
400562
400628
400739
400758
400878
400920
401348
401835
402047
402081
402155
402468
402469
402496
402513
402856
402870
403028
403124
403144
403158
403243
403295
403338
403372
403468
403582
403684
403851
403894
403925
403940
403978
404089
404176
404376
404399
404429
404613
404628
404688
404761
404786
405131
405312
405404
405435
405735
405745
405854
406080
406149
406181
406222
406353
406379
406589
406658
406677
406708
406748
406809
406810
406962
406998
407006
407013
407016
407137
407151
407419
407664
407735
407758
407841
407868
407974
408023
408040
408067
408163
408217
408294
408758
408801
408811
408819
408846
408851
408936
408966
409002
409115
409351
409642
409648
409740
409746
409841
409904
409962
410440
410454
410532
410576
410600
410665
410679
410697
410896
410954
411126
411305
411507
411659
411834
411870
412030
412093
412240
412379
412391
412405
412464
412522
412631
412690
413046
413233
413300
413356
413399
413405
413554
413598
413661
413718
413786
413918
414023
414050
414222
414263
414303
414359
414459
414501
414541
414572
414782
414789
414906
415079
415133
415137
415249
415646
415765
415871
415975
416120
416243
416440
416443
416480
416668
416881
416884
416969
417032
417034
417171
417344
417402
417407
417553
417562
417571
417623
417944
418031
418171
418223
418335
418475
418585
418762
418889
418891
418909
419073
419087
419578
419782
419858
420068
420088
420127
420157
420257
420302
420348
420389
420446
420581
420602
420724
420889
420986
421260
421282
421580
421778
421814
421883
422053
422091
422145
422336
422396
422656
422714
422793
422846
422894
422898
422996
423023
423149
423272
423275
423283
423292
423377
423458
423477
423630
423834
424138
424227
424293
424362
424375
424522
424717
424916
425067
425108
425139
425202
425256
425274
425306
425418
425521
425723
425862
425972
425994
426153
426188
426615
426770
426775
426811
426899
427008
427047
427063
427107
427144
427202
427268
427450
427455
427534
427622
427829
427888
427905
427934
427948
428022
428124
428230
428289
428362
428451
428654
428691
428875
429045
429053
429098
429201
429227
429285
429459
429727
429771
430085
430259
430498
430608
430689
430696
430702
430738
430821
430840
430930
431141
431551
431574
431831
431910
432084
432215
432321
432324
432417
432421
432527
432532
432811
432846
432854
432894
432944
433162
433360
433529
434451
434567
434574
434597
434643
434709
434755
434803
435202
435203
435382
435440
435518
435580
435626
435675
435729
435865
435894
436204
436222
436225
436285
436557
436691
436759
436784
436821
436881
437251
437469
437485
437514
437711
438020
438050
438060
438327
438343
438396
438475
438493
438641
438708
438809
438842
438876
438879
439015
439101
439133
439152
439167
439306
439347
439379
439385
439619
439647
439778
439790
439988
440144
440243
440458
440569
440612
440630
440656
440671
440677
440789
441039
441141
441172
441189
441208
441530
441589
441613
441658
441689
441703
441733
441828
442187
442204
442487
442667
442741
442948
442948
443004
443005
443012
443022
443025
443085
443263
443428
443669
443806
443847
443849
443916
443948
443964
443964
443980
444026
444268
444332
444371
444408
444656
444699
444773
444901
444909
445046
445061
445312
445350
445428
445453
445497
445497
445665
445774
446033
446130
446221
446259
446293
446316
446460
446808
446867
446877
446949
447038
447151
447158
447365
447688
447792
448002
448053
448123
448161
448289
448335
448424
448461
448516
448602
448733
448872
449201
449206
449246
449405
449414
449435
449445
449490
449493
449668
449688
449854
449984
450024
450031
450041
450058
450125
450153
450261
450277
450417
450562
450639
450820
451199
451276
451519
451581
451765
451794
451809
451870
451895
451946
452237
452378
452399
452400
452568
452609
452758
452900
453132
453212
453362
453394
453521
453598
453659
453772
453786
453952
453993
454011
454072
454167
454200
454239
454319
454348
454443
454516
454829
455231
455237
455309
455439
455514
455533
455710
455724
455836
455939
456461
456624
456743
456766
456777
456885
456965
457342
457360
457361
457379
457547
457665
457709
457769
457870
458114
458151
458197
458218
458348
458367
458390
458400
458511
458603
458838
458856
458964
459043
459044
459044
459102
459147
459164
459249
459342
459342
459454
459578
459638
459643
459683
459705
460023
460073
460162
460316
460406
460475
460539
460615
460711
461232
461267
461483
461587
461829
461900
462124
462131
462287
462300
462325
462375
462407
462411
462607
462696
462719
462786
462853
462881
463070
463245
463436
463526
463865
463972
464044
464051
464201
464205
464207
464275
464322
464368
464408
464508
464515
464927
465170
465205
465579
465580
465763
465838
465944
466290
466307
466509
466579
466648
466717
466988
467055
467062
467073
467162
467162
467562
467584
467647
467785
467796
467856
467871
468032
468085
468308
468358
468391
468819
468992
469021
469024
469083
469180
469233
469243
469457
469461
469540
469545
469726
469732
469840
469892
470164
470164
470202
470474
470756
470822
471051
471112
471114
471189
471312
471420
471604
471860
471933
472018
472093
472155
472271
472338
472376
472393
472420
472587
472741
472769
472895
473101
473357
473653
473730
473803
473904
474063
474150
474174
474230
474249
474349
474405
474495
474520
474657
474747
475179
475216
475261
475304
475346
475609
475777
475778
475930
476034
476061
476716
476726
476759
476937
476966
477031
477123
477220
477242
477319
477431
477563
477613
477628
477659
477761
477871
477942
477984
478234
478240
478248
478310
478558
478710
478739
478769
478966
479115
479384
479764
479920
480171
480225
480308
480315
480372
480375
480449
480624
480667
480720
481026
481059
481167
481403
481411
481427
481567
481572
481582
481927
482147
482187
482192
482203
482323
482338
482411
482591
482592
482603
482663
482771
482816
482975
482985
483334
483358
483386
483729
483778
483859
483960
484239
484253
484267
484273
484463
484549
484562
484808
484930
485035
485209
485282
485306
485322
485395
485545
485555
485569
485647
485713
485765
485787
486103
486123
486139
486586
486609
486693
486908
487016
487117
487140
487147
487256
487463
487621
487829
487892
487946
488092
488156
488198
488418
488438
488641
488685
488797
488838
488856
488943
489122
489130
489178
489313
489652
489730
489770
489784
489814
490031
490107
490127
490159
490229
490471
490691
490779
490781
490800
490864
490867
490958
490989
491060
491427
491463
491602
491665
491964
491975
492048
492521
492691
493123
493142
493288
493473
493501
493567
493624
493653
493665
493866
494047
494163
494260
494262
494408
494557
494678
494750
494756
494847
494858
494990
495110
495374
495376
495435
495448
495493
495607
495624
495671
495702
495859
496070
496125
496206
496211
496272
496486
496545
496616
496721
496772
497302
497485
497628
497701
497866
497950
497999
498243
498481
498500
498509
498550
498693
498698
498919
498954
499004
499015
499120
499326
499356
499373
499385
499473
499515
499531
499534
499573
499611
499640
500042
500089
500113
500121
500187
500215
500282
500564
500619
500713
500749
500768
501004
501091
501371
501376
501437
501508
501527
501580
501785
501788
501934
501948
501986
502204
502295
502597
502604
502608
502623
502637
502652
502785
502899
503148
503235
503303
503306
503776
503834
504009
504243
504315
504469
504589
504758
504789
504869
504918
504998
505128
505139
505157
505238
505424
505492
505493
505525
505555
505580
505629
505748
505798
505993
506015
506035
506132
506229
506257
506344
506458
506543
506549
506599
506673
506792
506820
506834
506843
506931
506979
507232
507347
507613
507762
507781
507932
508011
508194
508310
508365
508455
508489
508508
508511
508555
508625
508788
508797
508908
508973
509105
509144
509209
509236
509240
509257
509278
509328
509330
509402
509554
509581
509907
509962
510041
510164
510215
510760
510820
511038
511079
511279
511392
511487
511653
511689
512335
512368
512420
512568
512640
512693
512694
513022
513081
513126
513197
513244
513292
513578
513713
513819
514033
514110
514121
514310
514331
514440
514491
514647
514694
514785
515139
515175
515392
515523
515550
515578
515644
515661
515701
515774
515788
515810
515934
516022
516023
516072
516126
516138
516464
516678
516739
516764
516795
516802
516833
516934
517024
517228
517283
517315
517352
517393
517537
517720
517790
517925
518101
518102
518121
518160
518354
518411
518484
518671
518692
518768
518811
519132
519213
519431
519495
519517
519523
519559
519568
519719
520366
520563
520572
520596
520729
520752
520762
520805
520872
520874
521114
521267
521323
521559
521679
521691
521744
521827
521905
521910
522508
522523
522565
522719
522846
522929
523178
523212
523276
523279
523371
523453
523660
523722
523878
524005
524016
524065
524084
524118
524213
524225
524392
524428
524438
524592
524695
524766
524809
524856
525061
525209
525292
525316
525482
525527
525925
526031
526240
526376
526475
526589
526659
526788
526826
527022
527122
527164
527199
527268
527377
527514
527596
527629
527781
527934
527957
527972
528008
528009
528019
528042
528068
528069
528094
528110
528150
528256
528275
528493
528521
528574
528717
528730
528752
528794
528906
529045
529070
529074
529157
529337
529401
529640
529907
530004
530014
530113
530117
530171
530188
530633
530648
530673
530775
530790
530792
530823
530944
531158
531251
531262
531362
531378
531413
531608
531660
531673
531766
531838
531889
531942
531979
532006
532216
532466
532495
532533
532642
532694
532719
532940
532988
533046
533101
533131
533198
533224
533417
533421
533831
533927
533963
534004
534062
534082
534092
534113
534124
534383
534423
534642
534698
534785
534950
534952
535506
535641
535876
535912
535947
536018
536133
536324
536381
536614
536619
536659
536923
536985
537135
537213
537232
537277
537385
537397
537551
537623
537781
537864
537988
538022
538277
538377
538462
538522
538542
538677
538688
538732
538919
538946
539065
539287
539365
539422
539446
539493
539550
539646
539764
539801
539973
539978
540233
540370
540425
540452
540974
541114
541311
541431
541520
541675
541914
542098
542112
542234
542276
542336
542507
542556
542690
542755
542855
542962
543012
543083
543174
543254
543500
543536
543550
543675
543808
543882
543920
544167
544186
544216
544462
544766
544889
544937
545071
545150
545211
545298
545429
545527
545645
545807
545823
546075
546077
546100
546563
546831
546868
546898
547030
547033
547128
547153
547206
547325
547342
547455
547462
547609
547839
547895
547919
547963
547967
548122
548156
548169
548919
549150
549274
549310
549328
549347
549469
549506
549525
549526
549535
549644
549769
549854
549883
549927
550165
550412
550489
550635
550799
550930
551175
551254
551294
551420
551458
551540
551707
552035
552051
552056
552084
552095
552160
552365
552385
552396
552467
552508
552563
552588
552697
552915
552947
552998
553158
553178
553236
553275
553284
553463
553612
553832
553980
554020
554067
554090
554217
554307
554412
554426
554486
554607
554610
554704
554919
555211
555299
555621
555698
555733
555742
555773
555824
555948
556012
556036
556119
556242
556245
556287
556515
556532
556580
556661
556904
556931
556975
557019
557130
557274
557427
557765
557979
558051
558221
558292
558302
558420
558436
558439
558518
558549
558564
558653
558693
558779
558999
559052
559233
559256
559489
559566
559686
559749
560041
560227
560373
560388
560491
560499
560695
560963
561016
561090
561129
561154
561468
561488
561492
561539
561644
561792
562042
562146
562371
562581
562654
562845
562908
562972
562984
563034
563192
563432
563532
563599
563781
563878
563901
564006
564026
564079
564106
564112
564148
564225
564308
564430
564951
565119
565119
565159
565267
565525
565559
565671
565962
566037
566058
566093
566171
566307
566409
566469
566471
566669
566691
566698
566804
566939
567072
567073
567177
567207
567362
567363
567434
567451
567586
567623
567703
567834
567881
568124
568322
568563
568600
568722
569098
569276
569299
569383
569418
569682
569866
570015
570114
570248
570354
570373
570687
570693
570735
570739
571147
571176
571285
571343
571497
571497
571628
571814
571830
571845
571889
572086
572179
572203
572300
572323
572334
572334
572374
572379
572482
572493
572597
572604
572726
572771
572886
572969
572978
573069
573180
573237
573317
573352
573357
573357
573362
573410
573443
573603
573713
573845
573875
573896
573911
574147
574153
574252
574338
574459
574467
574592
574604
574610
574724
574790
575002
575025
575098
575230
575255
575260
575310
575332
575381
575487
575752
575784
575859
575971
576042
576051
576094
576142
576170
576384
576583
576654
576700
576754
577031
577050
577184
577207
577220
577365
577509
577533
577686
577813
577876
577900
577921
578085
578151
578162
578164
578470
578580
578587
578818
578875
578883
579208
579208
579994
580118
580334
580335
580472
580474
580647
580684
580686
580943
580990
581205
581341
581392
581494
581519
581541
581751
581808
581928
581972
581983
582024
582132
582152
582170
582307
582501
582502
582705
582838
582886
582935
583295
583361
583418
583750
583893
583935
584067
584301
584369
584477
584640
584668
584732
584763
585186
585323
585553
585648
585781
585820
585949
586126
586292
586319
586349
586574
586597
586598
586656
586681
586742
586939
586943
586970
586999
587100
587145
587261
587282
587359
587400
587679
587807
587807
588007
588130
588190
588339
588403
588855
588926
588970
589119
589157
589562
589789
589837
589860
589877
590209
590265
590284
590401
590496
590771
590817
590845
590936
590942
591001
591241
591245
591272
591301
591377
591487
591733
591859
591871
591889
592081
592208
592288
592321
592391
592417
592534
592619
592628
592741
592832
592905
592974
592991
593080
593257
593329
593404
593410
593411
593437
593489
593847
593894
593954
593981
594145
594228
594276
594390
594633
594869
594988
595118
595214
595310
595347
595424
595435
595479
595770
595879
596051
596336
596484
596582
596728
596735
596786
596927
596944
597366
597738
597844
598093
598208
598376
598608
598710
598845
598888
598941
598982
599002
599183
599549
599799
599806
599867
599969
599991
600051
600108
600224
600254
600341
600460
600492
600525
600698
600824
600922
600935
600967
601121
601419
601548
601564
601631
601671
601718
602011
602086
602124
602132
602175
602215
602236
602387
602488
602518
602829
602880
602884
603197
603282
603297
603368
603568
603616
603620
603623
603625
603629
603851
603861
603890
603896
604036
604115
604178
604388
604608
604643
604714
605095
605110
605304
605315
605371
605686
605955
606021
606487
606615
606715
606759
606797
606818
606848
606849
606919
606972
606982
607073
607090
607119
607317
607356
607434
607527
607528
607656
607759
607759
607777
607954
608370
608608
608640
608661
608809
609091
609113
609141
609297
609355
609357
609594
609637
609680
609913
609934
609943
609974
610115
610139
610194
610456
610535
610547
610623
610678
610774
610962
611085
611166
611234
611465
611551
611867
611881
612027
612088
612192
612193
612250
612302
612351
612449
612541
612584
612587
612807
613102
613466
613595
613681
613902
613930
613951
614023
614044
614168
614432
614503
614620
614830
614956
615102
615406
615471
615546
615685
615762
615799
615819
615892
615914
615972
616356
616444
616512
616611
616615
616720
616739
616745
616781
617123
617129
617189
617205
617376
617410
617428
617535
617563
617651
617677
617682
617814
617959
618123
618200
618245
618282
618311
618371
618660
618692
618694
618814
618904
619027
619042
619156
619194
619356
619556
619889
620091
620354
620391
620597
620706
620730
620813
620860
620862
621041
621043
621149
621333
621409
621746
621750
621801
621953
622123
622235
622248
622264
622310
622360
622469
622477
622639
622761
622788
622990
623027
623040
623085
623274
623282
623322
623387
623508
623817
623894
624026
624149
624299
624384
624412
624417
624696
624725
624752
624809
624838
624901
624905
624975
625026
625175
625194
625220
625570
625574
625910
625919
625932
626164
626314
626575
626607
626699
626859
626889
626985
627133
627145
627203
627313
627357
627394
627522
627621
628093
628142
628159
628302
628309
628335
628421
628466
628595
628664
628674
628716
628831
628874
628913
629193
629200
629222
629391
629485
629494
629511
629576
629589
629619
629678
629759
629923
630089
630116
630118
630132
630171
630185
630198
630232
630278
630577
630829
630909
630913
630970
631024
631053
631053
631065
631095
631263
631272
631420
631483
631489
631496
631739
631886
631909
632206
632224
632239
632559
632699
632702
632725
632960
632980
633029
633510
633587
633688
633751
633868
633913
634077
634194
634448
634451
634793
634865
634875
634937
635096
635389
635458
635569
635597
636297
636320
636909
636940
636977
637338
637428
637513
637557
637702
637925
637930
637959
638007
638094
638540
638924
639132
639257
639277
639279
639321
639443
639591
639610
639627
639717
639729
639739
639790
639848
639876
639895
639900
639919
639945
639980
640037
640084
640146
640245
640631
640697
640820
640888
641133
641140
641227
641253
641356
641420
641422
641594
641594
641628
641775
641928
641955
641986
642127
642211
642233
642291
642370
642403
642434
642453
642520
642552
642586
642712
642733
642882
643030
643068
643148
643211
643236
643290
643499
643571
643585
643642
643704
644010
644115
644171
644222
644279
644453
644518
644602
644636
644706
644718
644802
644880
644889
645054
645068
645116
645138
645162
645223
645343
645399
645489
645594
645678
645720
645935
645954
646134
646179
646279
646290
646296
646602
646666
646695
646719
646849
646875
647019
647051
647147
647193
647254
647310
647330
647336
647357
647368
647387
647398
647403
647473
647586
647845
648014
648169
648233
648262
648267
648307
648746
648883
648964
649056
649181
649263
649445
649834
650082
650164
650193
650376
650382
650402
650570
650627
650658
650762
651084
651178
651337
651405
651622
651623
651670
651757
652093
652363
652423
652753
652757
652787
652789
653009
653042
653086
653136
653199
653234
653301
653411
653439
653660
653663
653701
653802
653862
654273
654305
654366
654502
654603
654683
654688
654732
654902
654952
655270
655296
655329
655346
655395
655463
655728
655817
655924
656079
656141
656238
656402
656563
656687
656721
656817
656848
657544
657556
657642
657861
658036
658136
658168
658230
658308
658360
658421
658450
658461
658466
658561
658646
658649
658887
658892
658960
659069
659150
659223
659286
659345
659357
659498
659498
659620
659706
659732
659742
659774
659863
659899
660006
660051
660074
660358
660473
660542
660543
660575
660580
660597
660670
660818
660835
660961
661117
661189
661238
661282
661338
661349
661366
661403
661585
662050
662176
662229
662316
662318
662496
662621
662860
662979
663022
663109
663399
663631
663800
664030
664036
664130
664191
664703
664823
664826
664827
664877
664883
664975
665080
665182
665245
665318
665507
665525
665570
665650
665715
665741
665760
665850
665902
666031
666055
666076
666544
666560
666573
666587
666843
666873
666925
666937
667227
667283
667331
667434
667461
667497
667589
667645
667648
667912
667970
668037
668066
668129
668287
668404
668465
668511
668559
668581
668598
668624
668677
668776
668985
669011
669240
669240
669272
669438
669443
669452
669463
669492
669539
669548
669696
669698
669757
669807
669936
670019
670232
670377
670398
670571
670627
670661
670707
670902
670967
671057
671132
671305
671347
671415
671480
671581
671772
671792
671953
672064
672308
672471
672532
672600
672617
672924
673050
673191
673295
673334
673761
673777
673970
674102
674305
674328
674547
674585
674791
674948
674976
675115
675168
675490
675521
675680
675742
675921
676059
676122
676277
676334
676348
676350
676375
676572
676595
676663
676705
676790
676790
676822
676848
676865
676889
677009
677305
677361
677795
677863
677939
677976
678012
678021
678024
678056
678094
678153
678175
678323
678340
678395
678402
678421
678591
678601
678719
678799
678885
678983
678992
679104
679266
679393
679577
679635
679686
679694
679966
680022
680118
680118
680386
680455
680485
680604
680607
680617
680618
680908
680994
681010
681099
681116
681188
681222
681237
681712
681927
681985
681999
682087
682166
682181
682292
682366
682404
682408
682513
682718
682847
683097
683129
683162
683217
683278
683333
683421
683550
683662
683732
683762
683818
683839
684078
684108
684161
684225
684456
684503
684657
684756
684771
684781
684794
684887
685065
685120
685141
685236
685241
685339
685347
685459
685697
685883
686016
686078
686137
686188
686313
686368
686481
686492
686819
686873
686975
687010
687201
687452
687558
687665
687823
687940
687961
687962
688043
688110
688299
688376
688391
688392
688399
688437
688469
688505
688544
688591
688616
688796
688827
689025
689108
689207
689338
689367
689545
689549
689550
689868
689890
689894
689909
689917
689939
689959
689973
690026
690028
690034
690039
690057
690244
690264
690332
690339
690471
690549
690560
690595
690598
690920
690921
690922
690968
691006
691258
691486
691564
691591
691616
691635
691711
691751
691824
691902
691956
692012
692341
692535
692954
693135
693169
693315
693418
693530
693553
693719
693817
693840
693889
693934
694044
694119
694266
694346
694569
694581
694584
694588
694655
694778
694851
694933
694937
695059
695210
695346
695472
695643
695747
695818
695864
695949
695978
696147
696343
696666
696864
697035
697153
697170
697261
697262
697549
697570
697662
697699
697796
698237
698267
698597
698732
698779
698945
698977
699026
699072
699187
699415
699551
699732
699757
699848
700086
700116
700164
700385
700417
700456
700545
700551
701062
701164
701221
701270
701420
701827
701903
702404
702550
702573
702669
702680
702717
703085
703375
703398
703487
703714
703783
703926
703971
704081
704192
704197
704361
704387
704440
704455
704716
704829
704888
704910
705002
705066
705108
705173
705208
705232
705358
705484
705517
705773
705979
706108
706186
706240
706347
706612
706762
706838
707195
707219
707222
707248
707266
707310
707342
707575
707590
707693
707755
707890
707917
708059
708175
708175
708207
708498
708597
708627
708643
708645
708777
708796
708866
708926
708952
709036
709152
709175
709182
709420
709547
709677
709734
709740
709746
709916
710014
710032
710080
710177
710317
710422
710534
710556
710596
710669
710711
710877
711093
711299
711309
711355
711446
711471
711584
711620
711713
711724
711726
711760
711868
711878
711943
712016
712020
712024
712180
712235
712334
712335
712371
712597
712617
712626
712662
712743
713101
713111
713236
713303
713333
713377
713402
713457
713518
713545
713633
713862
713889
713924
713988
714090
714279
714284
714316
714362
714413
714585
714587
714673
714691
714743
714819
714938
714967
715019
715034
715377
715470
715502
715675
715769
715803
715814
715904
715904
715968
716078
716169
716205
716268
716346
716539
716858
716868
716961
717065
717070
717226
717282
717300
717392
717413
717450
717556
717677
717688
717723
717753
717802
717840
717886
718176
718220
718227
718309
718373
718422
718596
718901
719012
719158
719208
719463
719492
719666
719705
719855
719873
719911
720115
720202
720277
720313
720360
720988
720993
721093
721117
721292
721396
721583
721593
721616
721865
721885
721923
722015
722288
722329
722354
722367
723011
723026
723077
723087
723104
723158
723265
723300
723330
723468
723551
723561
723866
724035
724119
724128
724323
724346
724397
724472
724577
724591
724845
724872
725251
725274
725304
725381
725422
725464
725496
725543
725638
725655
725818
725912
725916
725946
726006
726083
726131
726173
726221
726279
726396
726439
726467
726469
726492
726542
726678
726730
726794
726891
726912
727169
727331
727460
727526
727527
727567
727595
727744
727814
727838
727863
727879
727882
727968
727976
728095
728282
728419
728453
728474
728556
728769
729013
729040
729061
729070
729218
729282
729351
729362
729580
729650
729709
729894
730321
730324
730349
730438
730556
730607
730716
730772
730795
731054
731177
731237
731259
731317
731354
731491
731563
731645
731695
731907
731942
732022
732094
732161
732162
732239
732354
732448
732533
732578
732769
732812
733022
733065
733330
733442
733444
733563
733589
733657
733662
733891
734148
734157
734427
734678
734785
734859
734943
735031
735071
735269
735340
735346
735352
735607
735653
735654
735684
735725
735739
735746
735753
736147
736215
736264
736375
736524
736721
736808
736896
736914
737026
737161
737186
737200
737217
737235
737440
737633
737770
737801
737880
737905
737905
738005
738062
738102
738220
738236
738269
738310
738339
738362
738439
738460
738605
738828
738843
738976
739084
739086
739141
739173
739273
739305
739322
739371
739489
739651
739859
739876
739877
740004
740012
740087
740137
740244
740279
740298
740454
740472
740480
740480
740530
740623
740634
740643
740725
740775
741011
741076
741405
741488
741548
742002
742143
742278
742335
742380
742406
742453
742636
742648
742716
742859
742916
743012
743115
743333
743386
743783
743857
743907
743928
743963
744183
744290
744327
744363
744368
744461
744560
744665
744824
744872
744954
745071
745072
745339
745378
745402
745428
745529
745585
745632
745797
745869
746078
746157
746247
746250
746472
746671
746768
746789
746830
747118
747122
747481
747600
747628
747690
747817
747844
747909
748092
748182
748265
748327
748354
748405
748468
748500
748568
748585
748667
748774
748957
748966
748971
749126
749214
749322
749386
749438
749550
749570
749571
749678
749838
750208
750218
750361
750426
750600
750802
750836
750840
750951
750979
751381
751453
751545
751550
751615
751763
751921
752054
752251
752412
752492
752592
752622
752644
752657
752856
753059
753465
753499
753619
753658
753676
753732
753792
753809
754013
754117
754172
754173
754208
754225
754247
754295
754306
754327
754398
754421
754423
754487
754590
754736
754754
754929
755017
755037
755078
755139
755179
755259
755370
755408
755413
755455
755530
755592
755653
755750
755756
755819
755873
755996
756134
756203
756208
756210
756298
756327
756535
756623
756710
756716
756829
756917
756987
757047
757149
757310
757353
757787
757794
757904
757950
758396
758409
758485
758593
758594
759215
759269
759398
759548
759659
759764
759807
759875
759939
760030
760138
760357
760644
760651
760844
760880
760951
761037
761063
761082
761120
761257
761391
761430
761442
761451
761486
761579
761615
761623
761824
761956
762118
762222
762266
762461
762481
762550
762647
762747
762753
762792
762952
763189
763304
763381
763421
763453
763488
763547
763628
763731
763812
763882
763904
764002
764042
764057
764113
764164
764187
764249
764362
764448
764486
764526
764658
764863
765133
765155
765266
765435
765439
765467
765477
765496
765509
765617
765641
765697
765703
765789
765843
765968
766110
766165
766307
766320
766539
766704
766908
766928
766943
766970
767042
767069
767125
767161
767383
767428
767626
767783
767891
767895
767951
767976
768071
768246
768263
768301
768519
768578
768800
768921
769149
769214
769288
769439
769440
769571
769948
769993
770142
770404
770409
770439
770582
770687
770752
770768
770808
770837
770968
771104
771590
771690
771725
771853
771872
771971
771973
772034
772353
772382
772525
772666
772674
772804
772931
773003
773009
773171
773296
773440
773656
773878
773935
774030
774087
774226
774306
774645
774757
774779
774878
775010
775034
775083
775118
775221
775286
775479
775501
775557
775598
775691
775802
775949
775957
775973
776002
776085
776122
776184
776195
776211
776232
776460
776490
776645
776788
777278
777624
777955
777961
778014
778174
778215
778350
778408
778442
778659
778668
779044
779074
779096
779159
779178
779399
779517
779518
779705
779920
779971
780013
780118
780278
780333
780414
780549
780564
780572
780939
781018
781128
781186
781245
781279
781318
781322
781334
781405
781716
781886
781899
782118
782249
782253
782412
782704
782800
782891
782937
782985
783017
783030
783045
783281
783395
783465
783657
783795
783802
783858
784049
784148
784164
784223
784293
784438
784611
784922
784975
785117
785294
785353
785355
785399
785416
785477
785630
785634
785796
785909
785920
785951
785961
785992
786008
786133
786161
786242
786423
786529
786629
786734
786891
786899
787029
787163
787291
787304
787453
787470
787805
787826
787843
787988
787988
788086
788146
788239
788419
788445
788753
788896
789001
789018
789146
789325
789359
789364
789415
789982
790086
790134
790208
790504
790551
790581
790683
790733
790843
790978
791128
791191
791256
791381
791562
791973
791983
792195
792215
792253
792276
792532
792663
792770
792882
793223
793268
793466
793474
793517
793583
793867
794053
794066
794076
794159
794349
794505
794607
794724
794770
794853
794927
795079
795102
795134
795222
795512
795650
795656
795920
795996
796084
796162
796820
796821
797008
797147
797304
797307
797416
797444
797613
797640
797862
797870
797928
797961
798273
798528
798728
799119
799183
799201
799624
799651
799656
799677
799756
800037
800248
800462
800485
800790
800838
800851
800942
801073
801296
801416
801610
801687
801764
801931
801979
802016
802022
802177
802178
802283
802471
802501
802576
802583
802878
802941
802956
803282
803350
803370
803426
803466
803516
803762
803867
803941
804056
804192
804195
804264
804439
804452
804537
804543
804785
804831
804953
805223
805276
805323
805698
805711
805719
805729
805732
805805
805898
806089
806325
806465
806583
806605
806636
806660
806745
806804
806808
806900
806924
806959
806996
807015
807085
807148
807151
807222
807319
807333
807555
807695
807718
807934
808085
808184
808250
808305
808381
808454
808606
808614
808769
808780
808883
809002
809034
809155
809557
809627
809729
809735
809886
809938
810173
810432
810539
810661
810808
810850
810964
810978
811035
811066
811130
811465
811530
811551
811582
811642
811677
811731
811777
811813
811974
812078
812263
812311
812316
812342
812613
812627
812822
812872
812896
812962
813366
813389
813416
813446
813632
813771
813822
813894
814413
814562
814695
814854
814875
815006
815167
815189
815190
815284
815301
815313
815466
815690
815730
815935
816155
816210
816233
816351
816378
816433
816471
816481
816541
816586
816633
816729
816755
817057
817083
817113
817118
817460
817465
817470
817482
817497
817548
817624
817867
817954
817991
818050
818173
818238
818323
818418
818426
818434
818562
818567
818784
818836
818961
819070
819186
819201
819262
819368
819448
819758
819772
819819
819975
820077
820088
820216
820284
820287
820309
820371
820502
820561
820596
820597
820780
820785
821219
821246
821450
821627
821824
821887
822253
822265
822280
822630
822898
822918
822941
822989
823193
823215
823259
823461
823476
823577
823687
823763
823940
824005
824324
824415
824536
824724
824742
824749
824943
825132
825186
825193
825729
825828
825973
826177
826203
826433
826460
826563
826589
826605
826657
826724
826732
826754
826961
827064
827187
827533
828007
828075
828163
828202
828277
828303
828344
828476
828486
828547
828609
828632
828651
828687
828775
828894
828941
829061
829077
829134
829259
829493
829580
829700
829792
830035
830039
830225
830264
830384
830494
830776
830900
830908
830938
830942
830969
831185
831199
831272
831535
831637
831740
832104
832146
832446
832493
832659
832767
832885
832930
832970
833007
833060
833076
833116
833151
833327
833346
833416
833546
833672
833690
833696
833750
833917
833933
834015
834028
834256
834259
834320
834342
834452
834486
834536
834543
834636
834755
834883
835061
835076
835137
835228
835258
835292
835604
835626
835697
835765
836008
836041
836162
836175
836201
836246
836273
836307
836323
836337
836439
836454
836777
836891
836947
837073
837142
837232
837302
837323
837660
837783
837816
837990
838273
838417
838625
838744
838885
839015
839177
839272
839503
839532
839627
839712
839843
839866
840119
840218
840250
840410
840454
840578
840651
840771
840804
840914
841022
841487
841536
841578
841690
841769
841852
841929
842008
842129
842275
842375
842392
842442
842576
842647
842735
842887
842926
843104
843273
843289
843385
843433
843528
843660
843707
843835
843873
843878
843929
843980
844148
844617
844727
844890
845397
845402
845574
845785
845926
845935
845950
846125
846300
846310
846367
846561
846605
846649
846905
847069
847110
847276
847407
847475
847695
847764
847792
847941
848192
848254
848258
848321
848413
848707
848749
848867
848923
848956
848996
849123
849166
849368
849511
849515
849548
849604
849608
849609
849655
849807
850003
850048
850135
850214
850312
850580
850718
850914
851047
851193
851200
851239
851290
851318
851370
851578
851579
851654
851934
851940
852084
852257
852536
852922
852983
853054
853095
853122
853165
853180
853298
853431
853476
853610
853618
853763
853942
853979
854355
854495
854502
854558
854565
854567
854697
854850
854882
854905
854929
854966
855169
855197
855207
855327
855374
855443
855443
855779
855844
856260
856373
856513
856553
856613
856613
856692
856851
857209
857314
857422
857710
858146
858447
858447
858515
858526
858727
858935
859264
859373
859498
859616
859642
859708
859793
859919
859944
860164
860427
860481
860598
860616
860619
860699
860711
860801
860836
860935
861052
861107
861182
861370
861427
861452
861805
861886
861957
862111
862205
862530
862536
862569
862677
862731
862736
862788
862809
862862
862869
862988
863004
863072
863361
863385
863624
863636
863942
863962
864308
864452
864573
864702
865060
865251
865296
865386
865393
865452
865463
865482
865542
865567
865570
865702
865851
865855
866020
866042
866162
866308
866761
866931
866950
866985
867064
867138
867344
867353
867416
867627
867631
867655
867984
868009
868030
868209
868235
868271
868634
868649
868699
868872
869109
869166
869168
869235
869363
869428
869505
869626
869768
869873
870012
870012
870058
870100
870155
870173
870376
870424
870432
870445
870451
870518
870548
870922
871009
871068
871091
871099
871187
871190
871309
871360
871373
871659
871780
871862
871938
871939
871954
872068
872351
872465
872470
872517
872538
872822
872871
872896
873320
873616
873722
873723
873797
873906
873984
874059
874075
874272
874388
874444
874874
874920
874969
874996
875047
875132
875183
875319
875332
875557
875764
875775
876003
876130
876154
876273
876340
876460
876719
876796
876866
877262
877462
877568
877644
877667
877798
877826
877852
877878
877922
878034
878050
878076
878263
878470
878616
878733
878748
878757
878758
878841
879147
879305
879385
879387
879467
879489
879554
879645
879711
879746
879817
880223
880376
880381
880386
880393
880508
880556
880598
880693
880758
880858
880972
881150
881234
881384
881389
881415
881454
881520
881628
881767
881848
881850
881879
881988
882055
882407
882512
882717
882785
882821
882829
882852
882911
883145
883211
883278
883316
883350
883420
883765
883803
884019
884034
884083
884282
884296
884336
884393
884397
884426
884543
884666
884668
884851
884967
885428
885444
885709
885760
885865
886050
886053
886156
886178
886310
886374
886478
886584
886748
886940
886988
887012
887192
887247
887288
887290
887373
887408
887437
887650
887664
887685
887871
887875
888058
888143
888227
888504
888514
888526
888762
888981
889279
889319
889349
889426
889468
889533
889729
889759
889765
889852
889895
889908
889927
889970
890306
890326
890350
890633
890720
890763
890771
890913
890932
890989
891071
891179
891220
891362
891390
891410
891460
891659
891722
891923
891939
892038
892181
892347
892488
892530
892679
892697
892761
892778
892982
893025
893158
893265
893529
893582
893604
893651
893664
893817
893859
893866
893873
893890
893912
894090
894206
894318
894373
894557
894572
894617
894755
894782
894942
894988
895019
895365
895412
895467
895591
895701
895712
895753
895796
895855
895878
896213
896307
896335
896337
896382
896382
896558
896712
897080
897166
897382
897453
897623
897631
897698
897828
897952
898042
898052
898116
898356
898624
898658
898734
898758
898760
898923
898992
899044
899177
899271
899418
899514
899520
899567
899738
899770
899788
899804
899872
899954
900219
900281
900334
900477
900708
900775
900784
900815
900932
900958
901288
901338
901342
901392
901431
901512
902054
902098
902491
902529
902963
902976
903000
903027
903034
903078
903082
903280
903367
903451
903653
903691
903730
903816
903845
903963
904267
904288
904338
904640
904703
905129
905623
905676
905797
905836
905853
905859
906282
906287
906293
906601
906777
906855
907044
907091
907130
907175
907180
907658
907707
907734
907834
908236
908243
908267
908277
908279
908496
908641
908644
908740
908874
909092
909183
909272
909277
909335
909347
909358
909510
909733
910000
910015
910145
910258
910438
910443
910468
910515
910566
910572
910804
911049
911069
911209
911261
911304
911342
911459
911788
911804
911906
911941
912012
912068
912270
912273
912279
912348
912372
912417
912576
912600
912617
912693
912725
912810
912878
912921
913456
913467
913550
913566
913575
913622
913743
913855
913886
914062
914076
914107
914127
914158
914283
914458
914501
914508
914578
914592
914641
914695
914755
914769
914769
914880
914903
914917
915048
915163
915172
915197
915202
915495
915765
915920
915926
915931
916122
916341
916504
916520
916737
916843
916925
917231
917315
917365
917377
917405
917677
917717
917731
917802
917850
917883
917971
918209
918666
918974
919068
919110
919203
919244
919421
919566
919590
919740
919838
920389
920494
920633
920688
920699
920738
920804
920814
920830
920867
921008
921046
921059
921313
921500
921621
921659
921676
921731
921812
921949
922070
922093
922169
922287
922477
922587
922688
922700
923101
923624
923625
923909
924059
924060
924073
924077
924102
924113
924266
924302
924418
924490
924538
924550
924586
924728
924799
924816
924863
925001
925015
925089
925111
925142
925315
925458
925517
925685
925798
925844
925969
926014
926033
926040
926041
926130
926304
926315
926339
926419
926428
926598
926778
926949
926973
927076
927096
927127
927140
927222
927453
927536
928286
928452
928459
928562
928629
928921
928979
929079
929257
929504
929526
929585
929734
929945
929975
930125
930143
930291
930355
930358
930475
930553
930582
930640
930675
930697
930826
930837
930950
931008
931060
931114
931496
931521
931737
931848
932022
932102
932153
932366
932434
932729
933028
933181
933204
933257
933338
933399
933519
933541
933590
933617
933665
933684
933874
934005
934015
934022
934035
934264
934310
934410
934425
934507
934545
934761
934915
935000
935237
935331
935488
935578
935715
935718
935989
936159
936276
936584
936825
936869
936887
936938
936985
937012
937093
937162
937170
937175
937233
937363
937363
937419
937533
937550
937751
937760
937994
938004
938210
938523
938654
938709
938828
939336
939389
939560
939830
939914
940552
940554
940560
940771
940787
941016
941095
941443
941651
941741
941970
942053
942149
942218
942407
942446
942452
942541
942590
942944
943061
943123
943190
943217
943295
943379
943388
943388
943563
943621
943628
943733
943773
943901
944409
944567
944797
944801
944871
944883
945176
945207
945419
945491
946087
946105
946178
946198
946233
946363
946366
946520
946615
946750
946973
947026
947270
947311
947334
947755
947891
947991
948035
948057
948254
948258
948272
948412
948563
948820
948832
948860
948952
949005
949044
949085
949336
949354
949359
949415
949723
949742
949767
949849
949876
949896
949907
950067
950175
950237
950280
950287
950496
950534
950664
950719
950814
950846
950939
951166
951190
951216
951374
951728
951755
951773
951891
952060
952095
952182
952342
952345
952431
952558
952564
952712
952732
952734
952779
952804
953239
953278
953630
953740
953975
954538
954618
954703
954790
954790
954829
954843
954903
955149
955171
955293
955370
955446
955478
955508
955600
955843
955924
956130
956178
956421
956424
956446
956491
956507
956508
956524
956635
956705
956717
956775
956811
956863
956892
957054
957069
957094
957306
957345
957511
957570
957750
957882
957942
957983
957994
958012
958191
958197
958283
958303
958349
958423
958452
958464
958685
958791
958804
958894
958897
959120
959748
959811
959977
960154
960176
960199
960235
960238
960394
960540
960583
960588
960764
960875
961244
961247
961421
961543
961602
961696
961735
961765
961808
961897
961983
962009
962139
962178
962299
962373
962821
962823
962831
962957
962963
963051
963174
963184
963243
963323
963666
963691
963747
964071
964121
964170
964213
964214
964221
964242
964408
964687
964689
964754
964804
964985
965030
965181
965321
965324
965425
965425
965436
965448
965698
965867
966055
966241
966299
966302
966307
966312
966541
966570
966574
966692
966700
966764
966869
967013
967022
967038
967310
967384
967465
967510
967651
968066
968070
968077
968214
968225
968231
968313
968710
968871
968889
968902
968943
968945
968984
969168
969180
969204
969314
969361
969447
969697
969813
969820
970018
970071
970187
970255
970301
970377
970635
970748
970841
970976
971067
971348
971354
971392
971508
971574
971785
971805
971833
971916
972189
972240
972315
972327
972331
972339
972443
972481
972583
972926
973046
973180
973243
973337
973374
973402
973563
973687
973830
973842
973903
973916
974001
974134
974154
974163
974278
974547
974602
974643
974796
974994
975022
975033
975036
975040
975066
975430
975551
975642
975646
975669
975783
975820
975871
975933
975946
976333
976389
976401
976444
976464
976741
976840
976842
976872
976922
976948
976950
977413
977521
977722
977883
977947
978036
978175
978251
978333
978387
978412
978432
978494
978760
978778
978815
978871
978972
979247
979421
979481
979619
979711
979750
979983
980077
980337
980340
980392
980461
980542
980566
980607
980636
980775
981096
981179
981263
981294
981520
981529
981576
981644
981690
981798
981837
981993
982001
982156
982220
982286
982287
982333
982449
982648
982733
982958
982971
982990
983102
983104
983107
983208
983269
983293
983354
983389
983411
983444
983550
983565
983773
984017
984531
984561
984704
984917
985102
985325
985422
985609
985628
985887
985942
985983
986073
986148
986182
986295
986333
986573
986607
986641
986705
986712
986818
986828
986925
987096
987117
987139
987376
987677
987742
987773
987775
987785
987812
987902
987954
987957
987962
987976
987986
987992
988244
988304
988367
988724
988761
989226
989284
989546
989568
989760
989762
989823
990131
990294
990352
990404
990608
990645
990694
990728
990788
990823
990932
991000
991061
991070
991082
991193
991225
991368
991412
991428
991809
991973
992097
992328
992365
992381
992489
992520
992748
992770
992807
992864
992900
992925
992963
992969
992970
993160
993371
993407
993518
993702
993716
993772
993882
994036
994114
994228
994242
994334
994599
994781
994828
994865
994981
995003
995094
995355
995600
995716
995752
995869
995898
995989
996057
996259
996306
996338
996460
996473
996493
996504
996528
996896
996898
996956
997042
997111
997227
997248
997294
997490
997571
997801
997866
997870
997920
998157
998173
998251
998329
998351
998403
998493
998639
998695
999021
999028
999028
999215
999330
999338
999416
999420
999608
999633
999678
999708
999725
999772
999939
