169
206
470
570
789
1033
1177
1394
1413
1497
1793
1930
1959
1977
2086
2111
2235
2255
2337
2575
3006
3107
3176
3188
3246
3274
3279
3512
3690
3733
3798
3881
3900
4025
4028
4433
4656
4721
4774
4895
5110
5115
5136
5322
5367
5391
5526
5602
5870
6045
6087
6171
6428
6782
6887
7008
7038
7071
7656
7725
7839
7877
7935
8017
8137
8166
8238
8253
8281
8298
8316
8411
8432
8508
8533
8753
8837
9336
9355
9422
9494
9647
9767
9800
9939
10016
10098
10184
10353
10376
10386
10523
10768
10813
10828
10838
10907
11254
11261
11342
11396
11443
11494
11697
11826
11867
11913
11945
12009
12132
12331
12380
12456
12539
12620
12647
12764
12907
12926
12951
12978
13045
13331
13435
13499
13555
13610
13627
13938
13951
14040
14073
14110
14137
14244
14496
14506
14698
14835
14977
15010
15222
15311
15409
15574
15617
15740
15790
15898
16072
16142
16181
16332
16363
16391
16627
16691
16741
16746
16776
16779
16912
16920
17053
17139
17205
17214
17290
17374
17391
17425
17643
17699
17829
17952
17959
18010
18016
18124
18232
18256
18594
18608
18659
18677
18723
18772
18935
19012
19037
19207
19235
19275
19356
19478
19570
19571
19785
19870
19936
20088
20117
20173
20182
20369
20444
20450
20495
20582
20583
20738
20748
20921
21272
21275
21520
21596
21633
21722
21906
21927
22056
22065
22093
22117
22144
22297
22327
22569
22603
22650
22794
22857
22914
23027
23050
23101
23251
23256
23291
23371
23445
23526
23736
23785
23805
23887
24002
24109
24247
24266
24553
24676
24797
25003
25060
25423
25441
25600
26065
26087
26272
26277
26278
26327
26331
26474
26518
26527
26674
26971
27038
27050
27122
27159
27354
27433
27470
27490
27605
27704
27737
27815
27871
27892
27896
27929
27964
28073
28242
28387
28540
28689
28705
28759
28845
29172
29266
29448
29518
29586
29630
29666
29864
29872
29879
29949
30127
30169
30173
30314
30315
30497
30650
30692
30868
30915
30948
30983
31111
31147
31342
31484
31611
31667
31761
31808
31948
31971
32200
32230
32278
32281
32313
32332
32334
32418
32481
32772
32779
32819
32836
33101
33125
33152
33204
33277
33408
33425
33429
33435
33491
33661
33698
33717
34188
34493
34498
34585
34866
35019
35165
35231
35232
35358
35371
35490
35584
35616
35640
35653
35707
36061
36150
36194
36209
36455
36704
36781
36832
36924
37025
37106
37254
37279
37447
37485
37517
37547
37555
37617
37634
37767
37782
37817
37817
37886
37908
37934
38045
38079
38085
38121
38157
38430
38439
38522
38551
38611
38677
38686
38687
38811
38912
38933
39088
39095
39118
39121
39180
39339
39410
39508
39656
39756
39900
39937
39986
40054
40093
40197
40306
40321
40357
40396
40442
40760
40825
40850
40871
40910
40941
40953
41033
41280
41350
41363
41469
41485
41487
41539
41579
41723
41765
41804
41848
41858
42033
42165
42209
42284
42535
42855
42878
42948
43002
43097
43416
43569
43629
43629
43634
43743
43819
43825
44126
44134
44344
44394
44409
44415
44453
44512
44574
44596
44596
44692
44923
45174
45288
45361
45385
45571
45584
45602
45621
45712
45817
45879
45949
46126
46271
46806
46821
46970
47089
47156
47257
47298
47352
47462
47739
47746
47762
47973
48037
48305
48621
48727
48847
49015
49085
49155
49292
49386
49420
49459
49466
49604
49650
49659
49718
49858
49914
50030
50067
50113
50258
50405
50493
50514
50525
50600
50652
50740
50820
50830
50837
50982
50995
51091
51101
51111
51146
51159
51206
51415
51859
52064
52125
52190
52225
52277
52377
52398
52471
52536
52756
52859
52866
52872
52932
53027
53056
53244
53447
53560
53717
53879
54000
55233
55315
55344
55403
55526
55584
55668
55905
55979
56144
56244
56251
56321
56321
56373
56503
56505
56690
56806
56901
56965
57136
57248
57377
57468
57596
57690
57828
58012
58270
58360
58483
58522
58525
58556
58787
58793
58930
59132
59150
59203
59346
59353
59359
59409
59443
59455
59461
59756
59778
59873
59928
59966
59988
60129
60153
60378
60431
60540
60598
60743
60765
60794
60795
60973
60992
61038
61331
61446
61789
61900
61917
61918
61952
61957
62063
62090
62153
62178
62284
62350
62375
62381
62584
62795
62797
62855
62875
62944
62971
63050
63109
63124
63165
63603
64138
64236
64361
64430
64572
64717
64725
64904
65054
65113
65114
65181
65393
65749
65829
65966
66003
66125
66349
66368
66401
66404
66496
66530
66539
66655
66708
66729
66738
67185
67415
67422
67529
67556
67600
67976
68039
68108
68496
68529
68537
68650
68809
68838
68899
68969
69027
69103
69516
69525
69668
69728
69944
70057
70282
70290
70315
70441
70611
70691
71151
71284
71405
71474
71663
71777
71842
72238
72269
72279
72431
72701
72860
72961
73171
73565
73644
73678
73791
73850
73977
73983
74099
74142
74201
74323
74389
74391
74454
74491
74863
74967
74984
75070
75167
75290
75500
75508
75682
75802
75830
75889
76013
76141
76171
76485
76589
76702
76755
76920
76938
77100
77139
77144
77185
77259
77282
77320
77546
77764
77773
77937
78063
78100
78367
78401
78528
78542
78715
78994
79028
79304
79327
79524
79770
79782
79954
80112
80257
80344
80360
80508
80508
80567
80599
80828
80977
80979
81313
81321
81368
81644
81650
81714
81744
81845
82088
82174
82175
82361
82437
82738
82801
82822
82894
83006
83029
83087
83426
83511
83572
83673
83789
83894
83898
83901
83954
84047
84087
84153
84279
84349
84481
84499
84574
84648
84690
84746
84840
84840
84842
84860
85047
85205
85339
85350
85483
85695
85756
85843
85933
86129
86214
86223
86277
86337
86530
86546
86614
86852
87018
87116
87203
87232
87366
87421
87449
87473
87698
87712
87945
87959
88102
88150
88213
88373
88449
88556
88573
88638
88660
88669
88799
88884
88900
88978
89116
89219
89291
89450
89494
89938
89944
89954
90120
90199
90211
90251
90330
90410
90446
90507
90516
90552
90635
90763
90787
90820
91099
91133
91170
91234
91237
91291
91366
91431
91535
91562
91598
91634
91680
91686
91783
91806
91821
91964
91978
92035
92069
92123
92186
92303
92432
92625
92643
92871
93367
93461
93641
93692
93704
93938
93971
94213
94324
94366
94423
94450
94753
94769
94776
94922
94983
95394
95403
95485
95697
96033
96253
96336
96386
96393
96442
96574
96628
96790
96851
96891
96916
97054
97056
97518
97520
97532
97580
97587
97593
97639
97667
97689
97767
97846
97924
97954
98018
98028
98058
98286
98402
98474
98539
98680
98721
98900
98908
99060
99215
99266
99374
99448
99449
99535
99540
99665
99712
99737
99771
99784
99899
100086
100167
100176
100340
100398
100507
100554
100677
100690
100698
100893
100914
101207
101288
101480
101512
101580
101683
101804
102040
102046
102351
102427
102428
102514
102534
102556
102636
102688
102732
102766
102791
103088
103171
103278
103374
103428
103444
103448
103464
103466
103471
103570
103750
103798
103823
104026
104132
104163
104511
104743
104751
104763
104788
104798
104883
104977
105103
105146
105394
105618
105652
105668
106023
106132
106192
106404
106674
106718
106723
106765
106847
106975
106976
107059
107071
107100
107164
107178
107245
107293
107349
107556
107763
107872
107883
107928
108051
108060
108101
108105
108239
108251
108353
108447
108674
108882
109132
109158
109545
109591
109595
109784
109853
109999
110058
110181
110210
110224
110294
110297
110533
110544
110561
110625
110666
110747
110834
110904
111230
111404
111529
111803
112059
112120
112152
112751
112818
112832
112848
112974
113038
113074
113111
113220
113250
113266
113286
113407
113535
113648
113685
113760
113809
113864
113894
114145
114149
114304
114506
114665
114787
114911
114999
115109
115384
115397
115598
115751
116092
116216
116239
116318
116781
116949
116967
117118
117269
117270
117274
117450
117475
117543
117712
117752
117946
118155
118317
118331
118583
118664
118713
119056
119383
119400
119420
119459
119500
119537
119542
119550
119670
119753
119888
119949
120001
120039
120068
120224
120452
120757
120773
120931
121013
121018
121067
121146
121182
121349
121422
121635
121691
121747
121896
122015
122117
122237
122315
122446
122675
122720
123083
123139
123680
123704
123936
123981
124146
124406
124739
124765
124788
124938
125087
125090
125177
125177
125405
125455
125501
125675
125768
125769
126001
126190
126298
126338
126387
126413
127159
127245
127304
127307
127330
127495
127523
127580
127605
127626
127687
127763
127921
128012
128061
128235
128369
128379
128414
128616
128678
128714
128717
128760
128995
129105
129959
130020
130194
130353
130516
130534
130720
130795
130833
130869
130878
130955
131262
131268
131500
131640
131732
131820
131942
131957
132009
132066
132072
132304
132587
132947
132951
133010
133127
133128
133179
133196
133223
133290
133540
133621
133826
133914
134121
134134
134255
134342
134540
134559
134689
134803
134840
135108
135123
135153
135482
135601
135648
135649
135743
135774
135802
135817
135844
135957
136021
136022
136533
136681
136701
136795
136823
136829
136954
137062
137068
137286
137375
137503
137660
137776
137866
138009
138094
138113
138157
138174
138206
138236
138273
138536
138554
138664
138691
138751
138776
139064
139156
139165
139181
139471
139555
139643
139829
139884
139937
139963
140039
140067
140170
140208
140362
140439
140572
140689
140817
140851
140885
141077
141253
141266
141275
141348
141612
141757
141772
141859
141914
142352
142395
142537
142710
142765
142778
142869
142882
143026
143052
143186
143189
143306
143340
143381
143468
143469
143552
143581
143639
143946
144258
144378
144390
144626
144634
144684
144758
144930
145153
145226
145252
145277
145318
145330
145337
145859
145868
145896
145922
146005
146177
146291
146454
146461
146564
146647
146662
146757
146794
146913
147258
147354
147465
147560
147565
147714
147773
147844
147849
147933
148117
148156
148197
148215
148399
148426
148624
148755
148787
148858
148971
148984
148988
149029
149044
149068
149116
149219
149263
149332
149464
150122
150218
150220
150229
150280
150381
150431
150526
150540
150627
150831
150843
151104
151354
151368
151477
151626
151745
151856
151940
151978
151982
152148
152186
152266
152300
152360
152460
152784
152852
152942
153100
153209
153342
153417
153418
153431
153831
153849
154029
154080
154097
154104
154119
154303
154413
154817
154840
155066
155111
155187
155433
155554
155671
155683
155789
155849
155926
155937
156026
156206
156257
156282
156300
156488
156902
156958
157009
157071
157278
157302
157765
157794
157896
157977
157977
157985
158151
158163
158260
158476
158480
158547
158640
158804
158855
158902
158905
159042
159244
159305
159351
159422
159436
159592
159642
159693
159723
159810
159940
160181
160218
160238
160420
160471
160554
160648
160817
160834
160912
160941
161640
161708
161766
161926
161934
162083
162141
162149
162319
162373
162410
162413
162432
162439
162478
162514
162612
162630
162656
162667
162887
162910
162964
163014
163184
163255
163369
163507
163698
163734
163791
163930
164106
164310
164342
164447
164539
164810
164832
164975
165120
165376
165464
165475
165766
165772
165934
165998
166036
166200
166367
166458
166599
166607
166661
166752
166816
166865
166888
166964
166967
167022
167208
167331
167341
167412
167472
167513
167538
167554
167649
167700
167836
167850
167883
167951
167997
168018
168227
168269
168305
168516
168561
168731
168805
168807
168833
168909
169013
169068
169133
169186
169240
169254
169280
169313
169567
169748
169808
170241
170319
170415
170513
170555
170844
170913
170973
171108
171227
171361
171397
171460
171853
171925
171973
171987
172004
172088
172257
172377
172436
172578
172589
172848
173083
173112
173172
173230
173341
173360
173436
173584
173625
173671
173675
173799
173855
174075
174163
174211
174240
174318
174347
174482
174509
174799
174900
174911
174996
175128
175184
175355
175378
175561
175616
175633
175765
175879
176027
176133
176159
176231
176396
176527
176542
176701
176877
176991
177123
177211
177339
177391
177410
177432
177664
177767
177796
177991
177998
178034
178203
178337
178351
178573
178778
178796
178799
178859
179017
179043
179202
179204
179272
179311
179407
179456
179524
179848
179907
179975
179986
180209
180251
180272
180317
180404
180418
180461
180540
180717
180752
180821
180842
181183
181207
181309
181416
181666
181704
181843
182032
182059
182070
182079
182162
182296
182315
182681
182730
182746
182839
182978
182983
183049
183072
183251
183273
183298
183363
183375
183419
183442
183704
184122
184330
184371
184417
184429
184449
184588
184667
184674
184751
185094
185244
185256
185276
185343
185672
185687
185736
185753
185927
186121
186178
186364
186430
186475
186519
186645
186787
186827
186833
186971
187029
187081
187103
187131
187348
187456
187461
187484
187520
187610
187611
187799
187978
188175
188255
188301
188372
188423
188745
189068
189069
189122
189228
189589
189616
189699
189719
189884
189886
190039
190125
190154
190197
190368
190489
190635
190672
190750
190777
190821
191010
191028
191043
191049
191127
191223
191282
191283
191319
191456
191473
191494
191522
191700
191703
191755
191878
191968
192006
192043
192051
192059
192072
192311
192576
192591
192611
192632
192773
192859
193029
193081
193085
193123
193271
193301
193309
193401
193455
193462
193467
193503
193822
193917
193967
193974
193992
194048
194056
194235
194329
194356
194508
194614
194638
194775
194826
194957
194978
195032
195039
195119
195212
195324
195345
195413
195496
195682
195700
195707
195939
196051
196101
196231
196305
196429
196445
196528
196590
196625
196712
196726
196743
197172
197200
197217
197302
197321
197582
197599
197721
197764
197861
197985
198200
198450
198591
198600
198867
198936
199056
199078
199089
199103
199103
199375
199437
199488
199732
199737
199813
199894
200029
200099
200104
200142
200244
200568
200667
200774
200958
201155
201175
201367
201411
201432
201766
202075
202141
202214
202237
202303
202454
202544
202553
202642
202662
202788
202859
202884
202979
203046
203063
203117
203121
203152
203176
203240
203356
203382
203406
203575
203624
203702
203815
203831
203931
204126
204169
204174
204188
204235
204336
204368
204634
204713
204765
204810
204864
204948
205004
205047
205089
205102
205274
205390
205452
205497
205742
206153
206160
206382
206435
206647
206655
206741
206930
207048
207052
207063
207197
207246
207256
207448
207639
207681
207689
207755
207770
207838
207923
207997
208453
208617
208686
208692
208844
208901
208955
209128
209271
209385
209498
209554
209836
209989
210037
210241
210266
210268
210383
210416
210676
210739
210787
210794
210941
211019
211021
211026
211031
211179
211299
211431
211460
211521
211579
211965
211989
212023
212044
212059
212096
212189
212254
212475
212649
212804
213288
213294
213469
213709
213818
214028
214073
214166
214176
214302
214621
214649
214701
214758
214813
214945
215043
215060
215115
215169
215308
215382
215647
215683
215809
215886
215931
216097
216199
216212
216284
216306
216398
216935
216980
216991
217004
217008
217189
217217
217813
217895
217991
218179
218363
218677
218752
218921
219107
219249
219333
219373
219411
219611
219699
219942
220071
220188
220484
220574
220704
220879
220970
221018
221126
221338
221408
221464
221486
221645
221824
222041
222048
222075
222120
222214
222267
222360
222450
222463
222496
222562
222840
222881
222966
223107
223166
223487
223736
223794
224041
224170
224270
224392
224507
224628
224632
224659
224799
224862
224931
224988
225111
225236
225325
225431
225673
225686
225817
225856
226087
226173
226461
226490
226523
226841
226898
226993
227038
227162
227424
227526
227687
227799
227895
227965
227979
228070
228300
228324
228375
228514
228558
228605
228610
228638
228805
228851
228907
228986
229119
229156
229225
229279
229280
229386
229404
229511
229950
230043
230078
230128
230146
230148
230187
230278
230297
230318
230349
230593
230594
230662
231117
231197
231271
231306
231422
231451
231656
231741
231843
232055
232182
232211
232297
232346
232505
232619
232628
232752
232828
232830
232842
232880
232895
233044
233077
233160
233185
233201
233293
233346
233735
233768
233834
234064
234204
234305
234342
234405
234496
234806
235002
235059
235147
235155
235309
235401
235419
235435
235513
235518
235565
235652
235711
235792
235949
235991
236063
236086
236121
236149
236233
236330
236368
236591
236635
236664
236683
236700
236708
236944
236968
236977
237035
237088
237144
237148
237466
237486
237698
237774
237884
238103
238169
238236
238295
238441
238472
238636
238656
238684
238785
238870
239217
239489
239610
239785
239888
239922
239963
240081
240313
240498
240536
240657
240669
240716
240729
240808
241101
241122
241140
241169
241190
241325
241423
241539
241604
241618
241624
241721
241862
241971
241980
242017
242052
242362
242589
242656
242779
242858
242957
242980
243060
243117
243139
243148
243215
243382
243424
243431
243501
243526
243570
243777
243787
244253
244288
244448
244573
244735
244756
244806
244850
244863
245461
245468
245585
245725
245738
245818
245927
246133
246439
246456
246539
246589
246687
246739
246822
246850
246871
246948
247042
247121
247233
247341
247440
247461
247465
247640
247729
247813
247873
247899
247905
248042
248063
248107
248126
248185
248231
248503
248563
248659
248691
248745
248765
248989
249023
249041
249239
249303
249483
249504
249549
249587
249616
249646
249673
249676
249765
249825
249906
249915
249976
250094
250158
250271
250469
250518
250842
250901
250920
250970
251028
251056
251201
251217
251355
251672
251685
251779
251978
252053
252082
252109
252141
252362
252472
252563
252657
252689
252867
253036
253309
253329
253427
253621
253679
253723
253777
253833
253861
253897
253930
254212
254312
254358
254361
254414
254666
254692
254728
254796
254954
254975
255321
255389
255468
255558
255566
255609
255686
255717
256357
256411
256449
256513
256616
256642
257047
257107
257122
257218
257269
257513
257582
257683
257772
257926
257930
258028
258046
258087
258230
258411
258575
258580
258757
258821
258926
259240
259243
259251
259263
259418
259570
259767
260142
260204
260418
260439
260474
260514
260539
260619
260645
260764
260784
260862
260941
261028
261096
261185
261489
261763
261818
261863
261905
261926
261981
262080
262264
262286
262464
262570
262760
262774
262894
262942
262960
263110
263114
263117
263211
263282
263707
263709
263804
263851
263876
263877
263906
264228
264248
264380
264450
264495
264589
264647
264807
264930
265079
265193
265249
265279
265400
265418
265431
265753
265773
265831
265872
265900
266058
266239
266346
266395
266435
266502
266655
266679
266752
266769
266873
266957
267097
267212
267330
267379
267571
267623
267826
267879
267885
267895
267980
268113
268153
268248
268396
268500
268518
268566
268608
268742
269166
269239
269371
269392
269399
269428
269485
269724
269777
269866
269996
270005
270049
270057
270188
270257
270321
270414
270469
270517
270560
270627
270653
270654
270656
270683
270884
271033
271051
271051
271348
271349
271632
271701
271771
271775
271835
271882
272169
272470
272560
272715
272741
272887
273044
273140
273366
273377
273452
273566
274020
274145
274161
274278
274392
274405
274459
274683
274725
274749
274768
274926
274934
274967
274996
275050
275272
275312
275421
275555
275571
275703
275709
275866
276022
276028
276076
276164
276196
276803
276948
277058
277252
277292
277477
277563
277667
277689
277734
278121
278126
278142
278172
278278
278279
278390
278534
278587
278597
278824
278981
279114
279134
279137
279255
279560
279586
279650
279657
279762
279987
280099
280156
280195
280247
280310
280364
280409
280548
280549
280779
280967
281012
281070
281233
281427
281432
281435
281643
281705
281750
281762
281813
281868
281877
281958
281994
281995
281998
282212
282216
282237
282498
282788
283030
283079
283323
283436
283489
283498
283528
283745
283790
283911
283994
284007
284016
284017
284098
284104
284356
284427
284539
284550
284865
284997
285030
285152
285286
285298
285304
285342
285471
285518
285559
285602
285603
285761
286127
286151
286168
286278
286285
286351
286421
286580
286853
286939
286981
287011
287696
287759
287817
288121
288189
288257
288477
288647
288809
288985
289137
289402
289563
289827
289952
289981
290034
290405
290634
290729
290781
290878
290886
291028
291075
291097
291128
291209
291295
291352
291434
291530
291566
291796
291809
291809
291828
291840
292010
292063
292136
292137
292138
292180
292242
292279
292385
292604
292684
292695
292751
292792
292817
292906
292911
292915
292978
292988
293012
293379
293408
293442
293551
293628
294092
294372
294822
294937
294943
295011
295222
295238
295462
295558
295567
295989
296022
296160
296183
296261
296693
296873
296901
296923
296953
297194
297413
297473
297519
297581
297623
297957
297975
297988
298028
298046
298147
298150
298293
298371
298480
298554
298747
299025
299320
299382
299626
299757
299763
299775
299843
299854
299860
299870
299884
300322
300347
300370
300505
300670
300735
300789
300871
300911
300978
301032
301273
301292
301320
301379
301730
301796
301824
301906
302069
302140
302415
302652
302737
302764
302779
302842
302916
302958
303004
303025
303095
303113
303220
303495
303766
303771
303858
303869
304039
304144
304202
304206
304212
304386
304573
304623
304640
304791
304913
304932
304954
304959
305011
305018
305040
305222
305299
305311
305381
305491
305521
305648
305696
305779
305824
305985
306048
306082
306088
306268
306299
306305
306342
306424
306576
306762
306805
306884
306928
306989
307085
307221
307225
307294
307357
307362
307362
307375
307398
307399
307462
307573
307593
307700
307718
307864
307991
308225
308284
308331
308348
308380
308941
308990
309119
309124
309152
309281
309521
309552
309568
309569
309873
309884
309892
310218
310219
310458
310556
310749
311006
311101
311136
311272
311327
311371
311425
311429
311439
311557
311589
311613
311727
311865
311882
311887
312093
312113
312141
312270
312353
312368
312406
312432
312485
312556
312650
312706
312934
313013
313027
313082
313194
313409
313906
313936
313952
313984
314130
314258
314318
314439
314521
314558
314574
314743
314779
315085
315139
315189
315194
315210
315238
315271
315525
315581
315700
315826
316036
316205
316309
316323
316349
316481
316519
316661
316673
316739
316825
316842
316869
316916
317026
317129
317188
317450
317467
317486
317506
317521
317707
317809
317927
317929
318005
318006
318038
318131
318169
318242
318495
318655
318720
318846
318959
318992
319017
319026
319047
319092
319253
319291
319306
319347
319376
319473
319616
319690
319789
319900
319937
320013
320314
320345
320522
320527
320544
320562
320816
320875
320894
320956
321088
321092
321128
321147
321210
321391
321473
321499
321829
321966
322027
322202
322331
322523
322602
322637
322832
322870
322977
323066
323137
323308
323371
323424
323474
323500
323664
323788
323913
324141
324304
324429
324547
324723
324733
324985
325000
325059
325213
325226
325302
325318
325323
325367
325411
325418
325530
325598
325706
325747
325798
325999
326147
326226
326237
326313
326355
326581
326645
326740
326898
326938
326955
327070
327241
327267
327274
327623
327894
327939
327964
328133
328166
328207
328432
328686
328691
328713
328721
328823
328922
328970
329187
329244
329588
329661
329815
329885
329980
330000
330024
330025
330045
330144
330144
330186
330242
330454
330522
330712
330879
330890
330984
331153
331185
331313
331362
331432
331454
332024
332045
332053
332237
332351
332846
332952
333032
333139
333293
333299
333308
333345
333350
333476
333696
333754
333754
333799
333971
333986
334061
334061
334153
334233
334273
334310
334320
334449
334693
334767
334804
335200
335337
335437
335446
335728
336101
336361
336385
336737
336828
336873
336881
336891
336905
336966
337111
337130
337171
337178
337307
337352
337454
337508
337749
337794
338106
338484
338612
338650
338735
338765
338834
338889
339057
339343
339475
339716
339736
339830
339929
340108
340155
340190
340287
340513
340530
340568
340654
340805
340849
340946
341022
341098
341215
341426
341575
341789
341942
341973
342170
342440
342489
342515
342864
342970
342987
343091
343496
343512
343533
343835
344020
344097
344112
344351
344480
344499
344625
344813
344871
344883
344964
345013
345193
345530
345734
345912
345991
345992
346007
346048
346439
346491
346515
346566
346636
346802
346923
346925
346936
346939
346967
347145
347183
347184
347265
347307
347330
347336
347398
347604
347725
347733
347873
347903
348482
348498
348619
348667
348676
348871
348900
349076
349248
349485
349532
349569
349605
349689
349800
349816
349819
349964
350177
350232
350311
350529
350631
350654
350846
350846
350949
350976
351130
351199
351250
351312
351436
351454
351576
351607
351738
351815
352074
352145
352200
352218
352383
352391
352444
352638
352693
352722
352763
352782
352838
352958
353009
353028
353199
353202
353356
353412
353452
353460
353499
353702
353810
354002
354015
354697
354705
354747
354776
354885
355574
355757
355799
355826
355950
355957
355997
356034
356177
356190
356293
356417
356422
356422
356425
356513
356586
356633
356658
356705
356837
356902
356916
357365
357483
357514
357735
357850
358009
358024
358048
358124
358190
358206
358265
358435
358444
358565
358604
358708
358820
358837
358935
358982
359020
359071
359090
359099
359291
359589
359700
359704
359723
359887
360387
360544
360610
360712
360790
360856
360870
360975
360980
361046
361057
361094
361134
361164
361205
361240
361370
361420
361461
361478
361574
361614
361620
361671
361971
361989
362044
362487
362536
362564
362567
362686
362771
362853
362875
362911
362976
363039
363134
363175
363200
363359
363385
363512
363710
363794
363975
364149
364232
364567
364571
364678
364876
364912
364945
365120
365355
365391
365486
365567
365584
365730
365857
366044
366139
366351
366410
366494
366625
366675
366822
366885
366902
366969
367176
367221
367353
367472
367642
367643
367784
367880
367928
368025
368389
368457
368468
368498
368662
368719
368749
368761
368767
368843
368861
368867
369082
369334
369367
369435
369480
369556
369708
369721
369793
369804
370046
370271
370410
370761
370796
370863
370865
370899
370934
370939
371151
371224
371340
371461
371518
371719
371814
371843
371857
371978
371978
372111
372180
372467
372470
372667
372713
372756
372773
372941
373121
373138
373344
373478
373543
373818
373827
373832
373851
374027
374122
374168
374236
374352
374480
374660
374713
374815
374969
374973
375029
375215
375287
375395
375616
375648
375670
375747
375800
375820
375950
375966
375988
376136
376172
376326
376330
376381
376499
376520
376554
376572
376612
376733
376870
377022
377077
377101
377214
377555
377607
377743
377848
377891
378389
378479
378586
378587
378702
378833
378921
378978
378979
379039
379159
379435
379476
379485
379542
379550
379629
379692
379763
379812
380038
380069
380374
380442
380525
380750
380835
380908
380924
380990
381103
381151
381267
381313
381435
381585
381627
381628
381972
382046
382135
382142
382671
382891
382897
382904
382907
382984
383204
383230
383238
383420
383543
383570
383623
383631
383829
383844
383893
384039
384066
384142
384177
384363
384736
384821
384939
385018
385059
385293
385482
385534
385549
385584
385734
385793
386043
386265
386288
386502
386608
386656
386724
386883
387205
387402
387436
387484
387501
387851
387881
387988
388115
388138
388389
388559
388673
388776
388834
388857
388879
388893
389096
389124
389148
389201
389331
389389
389483
389536
389555
389744
389770
389773
389995
390211
390317
390648
390786
391089
391122
391226
391286
391529
391574
391725
392038
392281
392299
392461
392884
393217
393456
393655
393679
393987
394017
394086
394087
394194
394247
394273
394376
394450
394506
394508
394616
394683
394781
395039
395149
395294
395316
395548
395631
395730
395879
395907
395972
396051
396062
396238
396395
396448
396481
396487
396504
396577
396706
396774
396777
397002
397123
397140
397230
397566
397843
398248
398314
398318
398771
399166
399220
399428
399463
399536
399642
399674
400008
400166
400301
400394
400448
400837
400919
400953
401209
401436
401449
401455
401700
401716
401844
402044
402061
402119
402148
402311
402374
402400
402413
402431
402478
402504
402651
402821
402851
402872
402925
402968
403047
403087
403094
403125
403185
403198
403317
403392
403402
403478
403499
403796
403805
403939
403993
404185
404193
404223
404527
404533
404602
404692
404702
404768
404937
405192
405238
405476
405623
405676
405692
405806
405904
405924
405981
406052
406200
406251
406340
406413
406466
406609
406663
406689
406698
406982
406999
407038
407074
407331
407376
407428
407511
407583
407630
407638
407668
407708
407738
407843
407898
408012
408026
408225
408428
408506
408517
408693
408702
408889
408935
409072
409261
409412
409413
409522
409895
409925
410037
410086
410158
410307
410375
410407
410476
410571
410661
410698
410711
410736
410775
410817
410880
410943
410951
410965
411182
411216
411339
411351
411822
411901
412312
412330
412395
412422
412459
412497
412561
412750
412798
412815
412833
412837
412890
412924
413162
413204
413268
413411
413431
413545
413723
413823
413828
413997
414060
414124
414183
414346
414459
414572
414647
414723
414775
414855
415144
415203
415219
415701
415723
415889
415907
415970
416130
416137
416224
416250
416352
416388
416405
416653
416713
416834
417120
417478
417493
417568
417592
417620
417810
417864
418168
418219
418221
418316
418513
418560
418718
418721
418781
418869
418879
418897
418921
419016
419169
419331
419413
419543
419662
419915
419964
420037
420142
420475
420482
420566
420916
421057
421075
421167
421169
421225
421268
421526
421647
421885
421905
421965
422121
422235
422272
422421
422677
422724
422732
422765
422877
422920
423264
423457
423513
423702
423778
423810
424143
424410
424526
424867
424902
424932
424980
425095
425096
425319
425436
425446
425452
425495
425581
425718
425725
425775
426025
426053
426059
426093
426312
426520
426825
426917
426926
426994
427002
427121
427377
427387
427798
427916
428465
428504
428636
428726
428887
428887
428906
428937
428945
428971
429030
429067
429232
429305
429431
429655
429667
429681
429773
429812
429823
430077
430107
430209
430359
430389
430411
430544
430902
430910
431016
431040
431416
431777
431812
431891
432113
432128
432173
432220
432256
432303
432319
432409
432544
432615
432805
432824
432943
432964
433007
433123
433454
433507
433873
434105
434161
434196
434375
434502
434607
434782
434803
434925
434942
435066
435066
435198
435247
435298
435309
435519
435582
435595
435671
435717
435813
435856
436159
436228
436249
436330
436341
436472
436659
436666
436720
436811
436866
436881
436886
437075
437112
437258
437303
437309
437384
437446
437545
437586
437627
437787
438224
438244
438255
438350
438377
438667
438832
438852
438989
439023
439025
439122
439132
439197
439284
439300
439414
439461
439602
439715
439770
439779
439828
439896
440015
440108
440214
440234
440302
440466
440517
440889
441157
441174
441212
441303
441383
441400
441515
441609
441631
441784
442099
442156
442177
442369
442414
442577
442980
443006
443025
443044
443087
443145
443194
443242
443252
443311
443325
443340
443440
443533
443918
443957
444040
444293
444296
444380
444403
444582
444647
444762
444864
444867
444896
445071
445315
445385
445480
445780
445809
445823
446351
446433
446545
446634
446659
446706
446927
446957
446973
447014
447378
447405
447457
447562
447582
447593
447795
448040
448086
448167
448184
448187
448347
448355
448393
448508
448541
448581
448671
448767
448832
449213
449284
449336
449338
449512
449612
449891
449937
449957
450082
450104
450154
450213
450495
450542
450621
450642
450667
450806
450811
450858
451024
451114
451223
451352
451385
451422
451551
451564
451625
452216
452268
452298
452455
452518
452522
452606
452700
452796
452824
452849
452887
452970
453033
453124
453166
453205
453465
453591
453616
453654
453943
453949
454074
454078
454112
454144
454148
454323
454506
454716
454733
454792
454853
454912
454996
455178
455235
455242
455367
455557
455615
455719
455726
455769
455772
455856
455945
456013
456036
456205
456231
456271
456404
456509
456547
456587
456712
456794
456872
456890
456929
456977
457207
457330
457455
457655
457690
457747
457758
457952
458054
458096
458105
458172
458252
458311
458336
458356
458539
458637
458687
458726
458880
458983
459059
459276
459315
459353
459382
459391
459435
459480
459563
459581
459656
459803
459808
459891
459982
460160
460292
460342
460499
460548
460607
460813
461021
461059
461131
461331
461622
461635
461733
461876
461893
461967
462036
462101
462547
462556
462648
462719
462723
462761
462817
462856
462879
462900
462953
463039
463057
463137
463248
463266
463309
463519
463678
463714
463775
463866
463972
464005
464054
464106
464293
464513
464529
464935
465045
465098
465114
465507
465660
465764
465767
465919
466063
466122
466252
466374
466601
466653
466679
466742
466764
466779
466901
466936
467146
467209
467520
467533
467638
467730
467744
467816
467907
467994
468087
468164
468180
468197
468329
468444
468609
468711
468755
468812
469160
469238
469519
469597
469679
469737
470331
470364
470387
470518
470531
470565
470600
470691
470824
470858
470862
471085
471297
471334
471342
471344
471541
471987
472015
472230
472387
472609
472613
472642
472748
472879
473047
473159
473183
473348
473415
473523
473574
473666
473701
474005
474271
474305
474360
474397
474451
474678
474865
475177
475253
475332
475506
475880
475893
475970
476018
476186
476236
476320
476494
476783
476876
477028
477165
477185
477432
477575
477657
477674
477726
477787
477802
478072
478103
478315
478339
478361
478554
478627
478709
478898
478931
478947
478960
479016
479140
479183
479402
479710
479809
479912
479988
480261
480317
480323
480337
480468
480508
480564
480584
480757
481140
481810
481892
481910
481938
481963
482001
482097
482141
482388
482410
482514
482603
482652
482681
482742
482843
482856
482891
482963
482988
483195
483249
483329
483488
483623
484021
484041
484051
484163
484181
484275
484431
484437
484440
484653
484715
484760
484888
485042
485210
485254
485260
485262
485300
485350
485405
485438
485570
485745
485785
485908
485964
485971
486031
486260
486320
486455
486496
486504
486532
486580
486608
486654
486667
486705
486914
487103
487392
487852
487866
488059
488129
488152
488321
488364
488568
488592
488752
488815
488909
488976
489018
489257
489303
489464
489480
489499
489633
489797
489851
489855
489902
489957
490123
490158
490198
490393
490683
490730
490739
490807
490866
490875
491311
491397
491597
491674
491684
491695
491738
491776
491881
491884
492148
492203
492238
492448
492454
492514
492606
492661
492757
492772
492873
493071
493084
493216
493396
493509
493567
493633
493875
493955
494314
494469
494508
494547
494558
494570
494592
494638
494686
494716
494720
494767
494984
495111
495170
495324
495803
496067
496141
496200
496209
496400
496439
496495
496641
496663
496748
496765
496874
497081
497291
497366
497387
497490
497546
497555
497576
497607
497773
497859
498190
498192
498233
498266
498295
498513
498555
498636
498658
498847
498896
499337
499434
499582
499713
499742
499743
499803
500048
500176
500225
500381
500433
500437
500440
500658
500687
500749
500784
500842
500852
500861
500947
501269
501373
501453
501471
501588
501651
501681
501748
501908
502003
502048
502065
502278
502447
502566
502593
502600
502632
502643
502650
503060
503239
503493
503830
503866
504021
504023
504295
504450
504634
504829
505289
505298
505505
505536
505573
505889
505995
506115
506148
506195
506243
506309
506366
506480
506534
506612
506806
506897
506909
507171
507654
507709
507717
507875
507939
508017
508034
508045
508256
508266
508401
508645
509039
509109
509157
509191
509276
509372
509417
509592
509599
509603
510277
510382
510405
510433
510454
510473
510518
510531
510635
510635
510695
510780
510841
510901
510909
510912
510998
511012
511016
511029
511043
511090
511145
511227
511307
511365
511399
511481
511760
511817
511847
511944
512021
512059
512195
512269
512281
512410
512719
512777
512800
513051
513096
513143
513252
513303
513327
513399
513435
513618
513705
513788
513896
513961
513983
513999
514196
514203
514215
514510
514810
514853
514868
515271
515311
515392
515538
515632
516035
516047
516376
516415
516457
516504
516942
517005
517039
517171
517228
517334
517537
517618
517619
517650
517796
517820
517891
518041
518096
518379
518508
518625
518750
518829
518904
518939
519086
519158
519262
519332
519344
519367
519372
519422
519755
519781
519804
520123
520127
520420
520480
520497
520535
520656
520871
520904
520975
521001
521104
521143
521152
521289
521300
521410
521419
521543
521616
521687
521796
521874
521923
521998
522007
522010
522088
522367
522502
522689
522693
522802
522816
522932
522946
523052
523097
523129
523231
523261
523328
523362
523377
523416
523463
523607
523616
523712
523778
523797
523888
523982
524008
524022
524284
524411
524446
524571
524572
524602
524743
524778
524899
524910
524919
525089
525114
525218
525284
525345
525396
525653
525723
525725
525740
525809
525912
526158
526288
526441
526452
526453
526683
526726
526925
527032
527133
527156
527271
527407
527691
527771
527817
527829
527928
527985
527990
528138
528332
528362
528445
528693
528802
528905
529021
529368
529377
529509
529662
529729
529869
529876
529892
530040
530235
530272
530340
530455
530479
530565
530608
530713
530728
530803
530846
530947
530969
530974
531029
531113
531221
531599
531609
531725
531757
531878
531938
532054
532090
532139
532210
532310
532410
533052
533064
533194
533339
533358
533460
533474
533477
533572
533610
533620
533748
533817
533842
533878
533949
534205
534222
534397
534519
534565
534715
534920
534997
535049
535054
535120
535289
535403
535469
535470
535505
535542
535564
535598
535678
535740
535761
535860
535870
536254
536338
536555
536650
536840
536869
537188
537398
537465
537672
537993
538035
538094
538135
538212
538267
538417
538573
538580
538634
538694
538747
538885
538897
539018
539169
539189
539230
539457
539570
539700
539733
539744
539777
539898
539926
540178
540275
540465
540844
541079
541163
541296
541322
541349
541356
541392
541410
541423
541518
541609
541850
541914
541918
542003
542004
542020
542046
542054
542076
542110
542535
542571
542571
542653
542778
542782
542884
542943
542964
542977
543017
543231
543428
543457
543535
543585
543590
543653
543839
543881
543997
544323
544561
544589
544675
544735
544874
544876
545174
545374
545483
545561
545568
545599
545723
545730
545857
546066
546083
546130
546291
546398
546404
546404
546494
546547
546657
546756
546800
546805
546956
547011
547032
547100
547174
547351
547400
547553
547583
547683
547808
547834
547867
547890
547902
548151
548285
548480
548622
548802
549241
549301
549591
549646
550061
550233
550367
550375
550398
550497
550616
550620
550662
550733
551033
551050
551201
551244
551362
551459
551477
551499
551712
551932
552008
552016
552173
552203
552216
552281
552301
552388
552445
552739
553035
553342
553497
553772
554010
554209
554236
554255
554279
554388
554485
554506
554599
554649
554676
554799
554833
554908
554928
554975
555002
555034
555034
555085
555106
555138
555169
555215
555352
555447
555532
555558
555632
555738
555787
555800
555832
555934
556102
556371
556466
556499
556501
556527
556572
556573
556584
556712
556764
556897
557031
557040
557082
557192
557219
557367
557635
557708
557821
557839
557981
557982
557988
558170
558186
558235
558236
558412
558453
558587
558661
558949
559013
559151
559574
559909
560064
560093
560249
560313
560385
560401
560438
560439
560466
560514
560761
560765
560803
560888
560910
560989
561174
561307
561374
561392
561747
561843
561852
561878
561905
562280
562444
562512
562660
562725
563196
563226
563272
563321
563524
563549
563558
563613
563663
563858
563860
563894
564005
564015
564043
564126
564167
564189
564214
564364
564389
564525
564641
564655
564731
564981
565010
565145
565160
565243
565579
565618
565840
565914
566038
566042
566165
566223
566391
566479
566531
566594
566791
566914
566926
566946
566958
566965
567057
567059
567134
567256
567480
567525
567565
567702
567719
567727
567783
567812
568094
568312
568558
568580
568669
568793
569066
569177
569276
569357
569577
569614
569719
569859
569891
569998
570060
570081
570158
570212
570242
570254
570294
570612
570654
570731
570753
570814
570889
571038
571172
571262
571287
571388
571422
571473
571522
571603
571641
571678
571708
571730
571759
571842
571886
572027
572079
572131
572191
572231
572238
572487
572674
572684
572704
572719
572769
572891
573029
573095
573202
573251
573284
573321
573363
573452
573604
573895
574033
574130
574242
574486
574581
574811
574977
574979
575034
575092
575258
575389
575469
575507
575771
575823
575939
576206
576319
576341
576511
576685
576809
576903
577091
577140
577415
577426
577484
577688
577994
578041
578048
578091
578176
578230
578289
578332
578409
578430
578445
578477
578535
578640
578688
578702
578748
578929
578951
578976
579119
579239
579263
579284
579426
579488
579557
579574
579614
579726
579773
579926
580024
580156
580348
580368
580509
580716
580777
580805
580825
580926
581063
581190
581202
581205
581327
581359
581543
581650
581786
581817
582095
582354
582419
582663
582786
583114
583247
583358
583520
583699
583763
583812
583955
583980
584063
584082
584149
584571
584614
584667
584848
584953
584956
584986
585064
585244
585367
585425
585507
585522
585532
585599
585660
585794
585879
586225
586268
586446
586689
586756
587000
587225
587235
587262
587310
587440
587520
587567
587679
587731
587764
587787
587795
587805
587831
588045
588100
588203
588266
588341
588437
588778
588817
588940
588955
588975
589230
589259
589348
589435
589539
589578
589639
589789
589967
590036
590133
590239
590416
590422
590471
590521
590643
590760
590767
590803
590827
590951
590985
591044
591075
591128
591290
591383
591419
591460
591461
591498
591641
591714
591732
591735
591859
591914
591966
592016
592136
592235
592241
592345
592525
592605
592690
592698
592713
592769
592810
592815
593025
593119
593243
593361
594000
594281
594301
594305
594377
594426
594435
594662
594867
594951
595224
595339
595360
595647
595695
595699
595813
595907
595968
596103
596110
596272
596317
596649
596706
596771
596801
596883
596941
596968
597302
597329
597431
597432
597453
597485
597573
597587
597663
597707
597751
597847
597848
597865
598010
598116
598213
598217
598384
598390
598569
598590
598816
599045
599104
599154
599452
599590
599617
599627
599652
599662
599694
599735
599927
599937
599994
600012
600126
600308
600376
600446
600544
600557
600588
600667
600686
600767
600782
600817
600939
600942
601026
601037
601389
601413
601423
601512
601830
601893
601919
602200
602751
602756
603127
603321
603345
603345
603467
603539
603687
603753
603796
604145
604150
604216
604224
604502
604635
604796
604798
604877
604980
605063
605506
605511
605522
605624
605636
605644
605859
605881
605974
605996
606022
606121
606177
606182
606207
606393
606443
606457
606657
606772
606825
606836
606908
607088
607179
607195
607255
607307
607391
607441
607483
607677
607839
607841
607922
608265
608614
609009
609067
609194
609233
609234
609242
609577
609689
609824
609872
609899
609993
610023
610259
610265
610421
610474
610590
610684
610724
610877
611002
611005
611016
611055
611135
611279
611441
611502
611623
611813
611846
611965
612133
612225
612565
612647
612687
613051
613115
613306
613532
613867
613920
614256
614358
614399
614597
614619
614654
614814
614927
614951
615028
615029
615103
615128
615219
615585
615606
615892
615919
615948
616044
616131
616203
616416
616425
616503
616568
616599
616729
616770
617001
617056
617152
617227
617248
617334
617709
617794
617814
618184
618250
618270
618350
618454
618463
618594
618756
618765
618940
618997
619032
619121
619138
619331
619413
619527
619759
619880
619922
619949
620006
620037
620118
620165
620195
620255
620279
620416
620535
620574
620645
620730
621171
621389
621432
621738
621773
621947
622102
622342
622344
622503
622692
622941
623034
623269
623335
623398
623526
623529
623619
623779
623946
623972
623976
623998
624064
624069
624184
624307
624474
624533
624852
624888
624936
625038
625104
625178
625213
625636
625687
625715
625724
625739
625844
625909
626077
626111
626292
626653
626760
627008
627031
627045
627197
627321
627349
627419
627529
627618
627631
627791
627874
627925
627945
628016
628108
628139
628142
628241
628373
628401
628587
628783
628855
628878
628909
629215
629248
629325
629387
629472
629762
629821
629864
629888
629889
629923
630156
630176
630204
630460
630627
630694
630811
630813
630838
631043
631156
631409
631527
631537
631565
631628
631683
631793
631794
632162
632189
632256
632389
632524
632637
632663
632766
632786
632814
632832
632855
632900
632940
633018
633340
633561
633740
633948
634062
634136
634260
634282
634538
634723
634726
634730
634801
634899
634943
634981
635166
635187
635311
635378
635527
635784
635847
635899
635902
636242
636482
636519
636728
636736
636836
636867
636918
636933
636962
637130
637462
637623
637956
638044
638104
638133
638329
638367
638454
638628
638761
638954
639139
639170
639187
639357
639377
639432
639459
639612
639861
639983
639995
640068
640166
640171
640251
640598
640850
640949
641156
641182
641424
641507
641540
641599
641838
641888
641901
641926
641971
642002
642032
642063
642345
642372
642560
642655
642685
642839
642930
642931
642945
642951
643015
643288
643363
643462
643476
643714
643807
643853
644426
644443
644514
644537
645040
645226
645425
645525
645703
645770
645811
645904
646073
646225
646392
646492
646560
646582
646651
646663
647114
647155
647163
647271
647283
647294
647578
647582
647745
647800
647899
647980
648182
648295
648296
648398
648402
648433
648595
648659
648698
648707
648927
649076
649212
649330
649338
649374
649469
649527
649604
649606
649789
650292
650367
650422
650673
650844
651098
651429
651461
651600
651713
651760
652103
652519
652607
652645
652920
652924
653038
653040
653043
653193
653199
653217
653263
653333
653400
653439
653547
653740
653746
653787
654131
654160
654175
654204
654208
654367
654387
654457
654590
654750
655021
655111
655176
655265
655346
655380
655549
655640
655704
655741
655804
655854
656022
656144
656185
656226
656413
656479
656651
656660
656770
656807
656841
657408
657489
657785
657843
657847
657872
657929
658022
658158
658383
658743
658752
658756
658793
658857
658957
658984
659042
659113
659214
659235
659327
659333
659366
659395
659396
659428
659429
659658
659970
660054
660316
660367
660600
660651
660726
660799
660907
660913
660942
660991
661123
661192
661575
661814
661858
662073
662239
662361
662394
662434
662680
662701
662701
662717
662781
662925
662936
663082
663083
663339
663379
663463
663476
663755
663756
663790
663906
663923
663996
664101
664282
664474
664484
664664
664717
664895
665036
665182
665196
665308
665389
665788
665810
666272
666319
666347
666355
666355
666360
666411
666503
666638
666679
666683
666704
666713
666771
666777
666837
666839
666876
666910
667140
667296
667373
667577
667643
667723
667752
667777
667895
668021
668041
668126
668260
668302
668418
668436
668627
668812
668863
668864
669038
669246
669513
669561
669605
669642
669652
669687
669844
669976
670301
670543
670631
670895
671159
671211
671216
671218
671232
671412
671464
671602
671645
671680
671694
671737
671744
671799
671841
671949
672440
672492
672776
672784
672797
672838
672916
672947
673000
673009
673150
673204
673408
673419
673537
673654
673873
673958
674085
674275
674731
674742
674766
674875
674895
674950
675324
675362
675417
675417
675418
675467
675468
676013
676361
676499
676980
677046
677288
677476
677597
677830
677931
678079
678235
678306
678354
678357
678412
678649
678677
678706
678718
678726
678740
678961
678981
679186
679210
679268
679385
679412
679653
679977
680112
680244
680389
680654
680733
680894
680921
681085
681248
681390
681480
681529
681709
681719
681753
681897
682075
682098
682114
682274
682315
682418
682488
682509
682547
682600
682624
682653
682658
683029
683141
683192
683285
683310
683417
683645
683746
683751
683827
683892
683966
684285
684323
684582
684609
685188
685211
685244
685300
685351
685517
685685
685812
686032
686092
686129
686140
686199
686227
686251
686277
686469
686563
686629
687081
687143
687227
687277
687702
687739
687839
687943
687958
688018
688038
688092
688279
688458
688536
688553
688569
688711
689088
689184
689344
689454
689528
689586
689604
689644
689743
689877
689938
690019
690041
690117
690323
690482
690654
690865
690983
691051
691171
691204
691211
691489
691581
691713
691795
691804
691881
691932
691955
692312
692420
692428
692453
692456
692478
692487
692863
693016
693046
693047
693062
693072
693107
693562
693594
693973
694109
694156
694430
694450
694671
694691
694716
694798
694878
694953
694993
695322
695330
695435
695528
695644
695777
696160
696188
696190
696351
696358
696598
696619
696626
696693
696729
696757
696925
696940
697120
697137
697148
697153
697195
697503
697526
697713
697908
697992
698031
698048
698432
698533
698607
698636
698653
698734
698765
698843
698865
699017
699069
699210
699226
699291
699432
699483
699752
699758
699911
700013
700189
700200
700341
700492
700514
700562
700684
700786
700833
701044
701230
701230
701420
701728
701944
702706
702717
702777
702866
702997
703125
703208
703337
703402
703415
703671
703760
703895
704107
704109
704179
704345
704462
704507
704514
704526
704768
705050
705159
705388
705424
705462
705466
705488
705494
705562
705722
705753
705765
705811
705827
706094
706104
706175
706323
706325
706559
706648
706760
706793
707041
707095
707142
707202
707263
707269
707352
707464
707591
707650
707848
707884
707938
707952
708087
708137
708212
708358
708415
708425
708471
708496
708588
708654
708712
708724
708844
708845
708946
708974
709050
709128
709209
709237
709255
709324
709587
709769
709953
709967
710173
710186
710341
710424
710560
710739
710739
711055
711136
711143
711229
711300
711354
711400
711437
711517
711577
711707
711710
711731
711828
711848
711977
711981
712019
712084
712332
712578
712658
712720
712816
712923
713078
713586
713608
713830
713891
714046
714091
714094
714158
714357
714359
714577
714591
714648
714763
714837
714968
714991
715098
715143
715190
715386
715448
715490
715614
715660
715882
716264
716315
716468
716477
716493
716525
716557
716569
716974
716997
717016
717324
717331
717397
717508
717542
717551
717804
717897
718012
718012
718158
718218
718329
718372
718427
718473
718833
719115
719227
719648
719801
719821
719853
719935
720196
720432
720482
720767
720888
721002
721092
721181
721230
721340
721348
721745
721782
721835
721901
722035
722150
722317
722729
722735
722901
722952
723146
723172
723285
723294
723380
723433
723512
723547
723620
723692
723826
723846
723980
724032
724134
724224
724271
724401
724790
725017
725029
725030
725219
725301
725532
725542
725581
725604
725682
725761
725875
725942
725991
725999
726289
726319
726336
726368
726478
726520
727083
727246
727383
727465
727536
727647
727653
727767
727900
727997
728009
728070
728185
728252
728285
728362
728485
728532
728534
728620
728907
729064
729076
729193
729225
729336
729363
729429
729444
729539
729753
729784
729784
729859
730035
730139
730265
730541
730595
730773
730792
730852
730976
731069
731262
731377
731412
731507
731585
731713
731985
732165
732220
732322
732367
732521
732576
732649
732679
732684
732742
732919
732943
732996
733025
733058
733116
733242
733274
733458
733607
733651
734307
734322
734329
734360
734389
734597
734668
734691
734797
734853
735085
735112
735226
735248
735325
735556
735595
735900
735944
736060
736064
736105
736264
736500
736528
736542
736548
736687
736768
736830
736914
737070
737247
737314
737621
737748
737759
737788
737831
737848
737908
737946
737970
737977
738003
738072
738151
738361
738406
738850
739073
739168
739401
739591
739705
740023
740197
740273
740350
740477
740622
740720
740881
740888
740888
740889
740892
741019
741087
741128
741253
741461
741501
741646
741647
741961
742009
742015
742044
742119
742202
742235
742295
742435
742454
742454
742757
742800
742827
742853
742882
742892
742966
742974
743014
743229
743300
743315
743358
743361
743467
743487
743488
743589
743637
743757
743957
743983
744523
744858
744883
744993
745025
745046
745065
745119
745141
745339
745381
745400
745417
745459
745710
745832
745883
745889
745899
746026
746034
746158
746331
746387
746470
746583
746587
746591
746748
746765
746769
746825
746871
746939
746961
747107
747158
747159
747240
747532
747546
747741
747776
747931
747963
748005
748059
748110
748225
748350
748554
748716
748891
748899
748949
749287
749844
749892
750052
750111
750359
750656
750819
750892
750951
751046
751072
751074
751136
751193
751346
751391
751437
751478
751504
751694
751932
752034
752126
752221
752349
752467
752511
752520
752574
752608
752645
752650
752818
753048
753170
753247
753297
753307
753364
753379
753381
753398
753407
753464
753501
753589
753677
753703
753720
753830
753900
753915
754019
754103
754123
754168
754184
754221
754266
754379
754388
754542
754665
754868
754904
754905
754926
754955
755194
755203
755271
755290
755394
755397
755415
755530
755611
755628
755679
755840
756066
756087
756170
756173
756177
756283
756611
756643
756664
757309
757357
757410
757427
757515
757637
757672
757820
757978
757989
758019
758021
758077
758106
758137
758156
758229
758356
758409
758414
758718
759069
759107
759188
759195
759281
759374
759412
759573
759610
759711
759951
760044
760086
760120
760133
760387
760413
760421
760635
760674
760999
761203
761218
761260
761280
761392
761579
761639
761835
761956
762304
762309
762323
762413
762638
762738
763035
763052
763250
763310
763318
763360
763408
763428
763439
763472
763584
763585
763605
763644
763745
763980
764157
764197
764211
764263
764321
764498
764669
764748
764769
764774
764928
765025
765070
765125
765161
765186
765331
765342
765545
765555
765584
765783
765973
765977
766026
766179
766272
766786
766803
766806
766947
767012
767183
767235
767487
767582
767838
767917
768044
768104
768322
768323
768340
768416
768436
768583
768662
768692
768729
768852
768912
768939
768952
769129
769225
769252
769264
769413
769563
769577
769606
769609
769623
769667
769707
769804
769843
769845
769856
769874
770180
770217
770393
770399
770562
770646
770679
770783
770894
771059
771316
771421
771684
771912
772018
772107
772113
772541
772584
772822
773002
773018
773084
773371
773375
773470
773609
773701
773850
773878
773937
773979
773985
774461
774516
774638
774673
774905
774909
775069
775124
775126
775135
775148
775252
775469
775506
775696
775734
775912
776020
776231
776523
776565
776796
776840
776882
777111
777169
777388
777748
777758
777759
777816
777984
778017
778036
778039
778355
778498
778531
778631
778638
778723
778806
778884
778976
779243
779778
779878
779895
779928
779939
780094
780108
780127
780201
780381
780406
780445
780494
780529
780915
781159
781197
781219
781221
781228
781348
781572
781591
781890
781931
782163
782165
782267
782325
782491
782502
782544
782552
782683
783248
783318
783533
783557
783572
783669
783733
783737
783762
783905
784121
784257
784288
784320
784335
784390
784413
784475
784698
784927
785169
785310
785341
785582
785869
786013
786197
786267
786395
786435
786590
786619
786639
786701
786708
786829
787125
787193
787417
787490
787580
787836
787956
788004
788146
788151
788235
788318
788498
788524
788575
788969
788969
789025
789078
789082
789155
789281
789290
789595
789782
790283
790606
790644
790690
790717
790939
791003
791218
791227
791552
791669
791774
791812
792067
792243
792258
792434
792613
792890
793057
793243
793316
793345
793459
793495
793664
793790
793805
793855
793884
793921
793946
794138
794710
794824
794932
795010
795133
795443
795539
795543
795716
795732
795746
795804
795823
795889
795897
795947
796133
796189
796334
796420
796643
796686
796838
796871
796894
797102
797196
797810
798030
798078
798107
798194
798266
798323
798350
798444
798548
798571
798786
799401
799529
799591
799769
799781
799900
799926
799930
800065
800143
800187
800201
800239
800251
800349
800399
800401
800444
800534
800697
800776
801228
801289
801402
801763
801775
802090
802208
802228
802256
802361
802434
802519
802622
802646
802793
802801
802821
802855
803096
803141
803251
803288
803404
803629
803646
803662
803666
803736
804260
804276
804562
804766
804779
804838
805135
805164
805175
805183
805228
805305
805339
805578
805606
805631
805765
805788
805823
805933
806161
806203
806364
806467
806552
806632
806888
807070
807536
807547
807726
807825
807871
807909
807997
808145
808169
808234
808252
808484
808522
808633
808677
808867
809072
809133
809146
809164
809313
809442
809550
809552
809702
809796
810176
810211
810386
810394
810452
810632
810787
810812
810833
810925
810983
811062
811220
811266
811308
811748
811749
811824
811864
811890
811907
812039
812110
812113
812357
812381
812385
812387
812389
812635
812677
812733
812760
812928
812955
812966
813264
813361
813418
813920
814164
814186
814292
814452
814595
814661
814663
814732
814833
814950
814964
815034
815286
815437
815513
815580
815687
815814
816074
816204
816234
816250
816277
816374
816641
816665
816929
817073
817311
817481
817583
817734
817777
817811
818286
818347
818544
818567
818630
818682
818714
818761
818790
818793
818958
818975
819007
819088
819185
819213
819274
819359
819477
819591
819633
819895
820043
820043
820107
820111
820160
820223
820252
820315
820357
820402
820439
820489
820648
820660
820837
820856
820931
821007
821044
821299
821392
821535
821567
821605
821744
821856
821949
822646
822674
822802
822920
823010
823113
823270
823327
823460
823564
823636
823671
823673
823836
823911
824022
824065
824091
824519
824752
824933
824977
825077
825150
825328
825349
825491
825669
825728
825811
826096
826202
826259
826386
826406
826597
826615
826656
826932
826950
826986
827003
827299
827346
827586
827787
827981
828046
828214
828444
828450
828616
828770
828806
828817
829048
829188
829270
829408
829412
829417
829489
829501
829516
829525
829608
829985
830035
830057
830228
830391
830410
830414
830622
830877
831175
831200
831208
831283
831333
831358
831446
831652
831734
832132
832148
832203
832291
832507
832511
832928
832953
832980
833135
833279
833345
833359
833584
833656
833677
833744
833873
833920
833946
833971
834000
834105
834249
834273
834394
834415
834427
834499
834511
834621
834755
835048
835144
835158
835382
835425
835508
835510
835520
835565
835604
835678
835864
835898
835996
836007
836038
836169
836176
836311
836380
836392
836455
836467
836639
836679
836747
836864
836868
836870
837015
837027
837057
837069
837071
837130
837152
837259
837412
837460
837515
837661
837716
837725
837728
837891
837944
838027
838553
838553
838577
838680
838841
839002
839156
839334
839559
839640
839669
839752
839825
839874
839878
840091
840158
840472
840766
840767
840932
841028
841087
841294
841440
841463
841550
841571
841746
841758
841966
841983
842086
842189
842255
842334
842397
842537
842633
842668
842696
842797
842827
842923
842979
843135
843329
843335
843576
843604
843828
844210
844211
844262
844269
844270
844371
844445
844460
844556
844627
844694
844936
845021
845148
845825
845876
845917
846093
846200
846249
846430
846582
846850
846900
846945
847018
847248
847360
847389
847485
847597
847677
847737
847835
847888
848235
848252
848327
848525
848557
848628
848634
848733
848787
848866
848890
848995
849026
849048
849122
849176
849186
849262
849298
849314
849419
849550
849645
849807
849846
849866
849958
850073
850129
850217
850366
850472
850503
850558
850825
850879
851015
851290
851398
851437
851453
851710
851711
851825
851939
852079
852774
852926
852945
853041
853085
853210
853425
853436
853501
853688
853690
853806
853945
854193
854471
854638
854666
854689
854813
854881
854908
854972
855343
855517
855555
855614
855680
856039
856340
856380
856397
856471
856559
856692
856739
856814
856861
856943
856955
857225
857274
857311
857316
857442
857594
857626
857711
857781
857797
857830
857888
858011
858016
858502
858611
858703
858729
858775
858817
858942
858944
859057
859075
859097
859103
859130
859208
859367
859422
859681
859689
859710
860252
860310
860338
860614
860651
860801
860810
860999
861008
861087
861199
861771
862124
862194
862206
862637
862649
862696
862756
862983
863277
863409
863462
863519
863676
863764
863801
863836
864004
864029
864054
864298
864362
864602
864660
864815
864875
864892
864947
864973
865024
865091
865094
865422
865586
865660
865881
865961
866055
866059
866092
866093
866095
866180
866235
866281
866316
866340
866387
866446
866492
866566
866595
866802
866858
867044
867065
867136
867179
867220
867447
867539
867828
867847
867971
868131
868206
868206
868232
868255
868297
868336
868451
868464
868542
868562
868611
868649
868955
868963
868993
869451
869495
869537
869548
869694
869835
869987
870253
870292
870339
870930
870968
870980
871053
871074
871080
871106
871111
871117
871132
871324
871535
871664
871718
871784
871856
872185
872189
872325
872394
872628
872802
872831
872844
872875
872949
873220
873409
873543
873932
873968
874063
874112
874120
874149
874205
874386
874438
874584
874822
874858
874880
874884
875137
875170
875189
875275
875304
875627
875631
875715
875823
875833
875864
876078
876110
876250
876382
876487
876488
876617
876768
876869
876979
877042
877117
877258
877375
877429
877527
877609
877686
877688
877699
877800
878161
878428
878443
878853
878889
879140
879366
879462
879531
879623
879660
879782
879892
879920
880117
880223
880224
880332
880467
880488
880525
880839
880894
881215
881227
881335
881352
881396
881565
881673
881690
881818
882353
882439
882721
882747
882831
882948
883136
883139
883155
883241
883308
883333
883370
883524
883561
883572
883631
883781
883809
884074
884264
884455
884462
884482
884541
885112
885113
885141
885155
885395
885402
885410
885456
885504
885560
885637
885887
885929
885931
885987
886153
886385
886521
886557
886607
886723
886830
886927
887071
887169
887184
887238
887355
887358
887484
887636
887724
887760
887805
887943
887980
888062
888252
888256
888266
888587
888689
888794
888800
888817
888908
888991
889051
889224
889235
889304
889371
889425
889587
889699
889869
889998
890010
890033
890182
890373
890505
890796
890850
891043
891077
891107
891336
891798
892093
892235
892303
892356
892470
892529
892840
892867
893297
893354
893458
893633
893660
893844
893934
893958
894058
894074
894199
894390
894434
894735
894768
894796
894969
895067
895127
895143
895308
895719
895826
895888
895903
896013
896216
896332
896467
896560
896572
896682
896700
896871
896903
896958
897039
897042
897217
897246
897974
898024
898210
898350
898368
898422
898505
898650
898718
898731
898779
898792
898944
899216
899355
899420
899423
899557
899600
899672
899865
899929
899961
900088
900100
900300
900516
900568
900722
900960
901169
901266
901456
901550
901578
901626
901669
901789
901811
901971
901999
902136
902181
902250
902304
902380
902425
902616
902725
902843
902907
902957
902988
902990
902996
903176
903233
903349
903376
903506
903633
903713
903816
903858
903995
904168
904332
904389
904543
904562
904578
904661
904776
904777
904788
904910
905221
905272
905287
905428
905443
905479
905498
905542
905646
905710
905742
905762
905795
905981
906097
906163
906221
906341
906457
906728
906735
906796
906884
906904
907117
907205
907355
907387
907483
907518
907677
907684
907719
907800
907903
908091
908131
908203
908268
908303
908509
908641
908705
908762
908773
908849
909113
909120
909173
909196
909263
909445
909960
910144
910308
910361
910480
910655
910742
910763
910981
911034
911113
911303
911657
911676
911868
911945
912098
912368
912627
912720
912904
912946
912951
912994
913133
913185
913294
913376
913382
913419
913567
913595
913604
913669
913676
913728
913934
914336
914478
914480
914480
914564
914923
915113
915181
915568
915744
915761
915773
915830
916070
916087
916129
916159
916188
916307
916333
916424
916602
916704
916825
917077
917179
917224
917296
917325
917520
917645
917667
917804
918066
918073
918331
918405
918666
918864
918876
919036
919106
919117
919137
919140
919279
919337
919421
919495
919499
919751
920277
920383
920416
920418
920495
920694
920784
920824
920839
920953
920976
920989
921224
921229
921249
921310
921672
921797
921897
921949
922023
922055
922098
922180
922661
922974
923052
923082
923091
923141
923169
923273
923309
923333
923335
923382
923650
923748
923763
923777
923811
923829
924048
924087
924098
924180
924216
924232
924340
924439
924498
924511
924639
924912
924993
925092
925193
925206
925297
925351
925367
925443
925470
925742
925858
925870
926011
926011
926123
926133
926440
926630
926673
926854
927005
927306
927315
927439
927543
927581
927628
927682
927952
927998
928202
928340
928342
928369
928407
928545
928604
928652
928658
928687
928951
929081
929202
929209
929320
929398
929467
929502
929844
929934
930110
930174
930552
930576
930737
930745
930755
930861
931076
931107
931130
931164
931292
931314
931468
931490
931554
931564
931589
931599
931683
931693
931735
931767
931830
931947
932092
932129
932242
932320
932423
932526
932592
932926
932963
933047
933112
933395
933445
933462
933502
933582
933679
933851
933868
933936
934143
934277
934434
934435
934454
934573
934649
934757
934785
935024
935080
935189
935211
935350
935372
935395
935421
935542
935764
935926
936046
936112
936136
936436
936567
936685
936696
936838
936841
936877
937021
937378
937397
937451
937483
937512
937875
937881
937948
937980
938078
938111
938185
938186
938219
938311
938353
938360
938680
938834
938887
938891
938891
938921
939237
939250
939558
939897
939962
940047
940118
940268
940334
940553
940612
940662
940832
940847
940859
940971
940999
941012
941167
941191
941348
941488
941499
941579
941598
941600
941884
941902
941989
942267
942585
942823
943116
943211
943394
943515
943609
943739
943814
943941
944382
944432
944678
944867
945019
945082
945122
945207
945263
945342
945402
945455
945656
945729
945803
945873
945902
945922
945988
946043
946087
946090
946128
946232
946265
946498
946721
946779
946846
947105
947117
947128
947263
947317
947494
947659
947736
947780
947792
947828
948152
948215
948239
948493
948673
948853
949047
949098
949100
949230
949321
949439
949489
949611
949664
949725
950389
950532
950622
950790
951067
951276
951366
951562
951593
951713
951733
951827
951983
952010
952053
952081
952097
952103
952134
952241
952428
952441
952522
952524
952540
952679
952971
952991
953018
953058
953066
953146
953332
953578
953600
953635
953654
953934
954042
954102
954162
954285
954286
954487
954631
955013
955189
955249
955364
955450
955770
955986
955994
956000
956057
956266
956556
956590
956638
956720
956804
956958
957003
957011
957103
957177
957186
957336
957401
957578
957670
957870
958051
958071
958078
958103
958143
958164
958235
958296
958332
958391
958402
958478
958562
958607
958745
958765
958781
958804
958862
958977
959028
959188
959211
959519
959553
959632
959657
959756
959825
959840
959913
959965
960071
960267
960293
960306
960393
960418
960673
960808
960851
960971
961317
961382
961386
961429
961471
961522
961644
961828
961902
961923
962092
962207
962208
962265
962454
962488
962654
962834
963002
963128
963262
963266
963398
963518
963536
963560
963676
963786
963913
963913
963928
963945
963966
963995
964014
964087
964190
964196
964216
964288
964342
964523
964599
964620
964724
964771
964847
965211
965316
965363
965378
965400
965455
965553
965605
965643
965695
965713
966001
966025
966143
966232
966234
966383
966438
966475
966571
966575
966666
966677
966795
966916
966939
966958
967036
967037
967055
967109
967146
967249
967487
967528
967551
967557
967717
967852
967880
967894
967951
967968
968071
968159
968189
968341
968347
968402
968431
968448
968678
968823
968852
968958
968966
968984
969062
969202
969369
969452
969478
969509
969738
969881
969899
969964
969982
970049
970085
970137
970155
970297
970432
970627
970756
970779
970981
971085
971249
971269
971295
971349
971432
971475
971746
971865
971981
972107
972220
972282
972296
972428
972431
972451
972499
972881
972891
972964
973011
973125
973187
973269
973319
973330
973432
973464
974027
974145
974247
974293
974297
974416
974522
974561
974779
974803
974941
975047
975091
975165
975385
975438
975537
975735
975748
975959
976081
976131
976152
976188
976333
976543
976591
976692
976753
976779
977018
977278
977506
977829
977890
977997
978212
978221
978250
978375
978693
978966
979029
979200
979214
979449
979462
979612
979614
979778
979862
979915
980000
980010
980086
980227
980339
980385
980415
980451
980494
980614
980845
981035
981418
981455
981575
981739
982051
982138
982365
982619
982700
982721
982759
983008
983028
983169
983179
983220
983250
983449
983476
983481
983650
983690
983865
983906
983918
984073
984166
984300
984310
984316
984353
984520
984632
984664
984866
985025
985046
985091
985093
985118
985179
985373
985390
985398
985448
985493
985546
985610
986213
986407
986409
986464
986538
986649
986730
986802
986818
986842
987056
987508
987527
987552
987567
987659
987717
987763
987826
988001
988038
988048
988160
988207
988231
988237
988286
988332
988378
988526
988576
988620
988771
988940
988974
988982
989100
989160
989212
989353
989457
989515
989521
989550
990038
990181
990220
990363
990561
990601
990867
990884
991008
991012
991165
991509
991691
991907
991975
992001
992046
992065
992124
992385
992502
992785
992844
992894
992918
993480
993506
993612
993669
993729
993892
993943
994040
994041
994094
994202
994225
994250
994262
994443
994446
994631
994676
994731
994772
994888
994979
995353
995435
995450
995468
995578
995744
996116
996174
996339
996682
996711
996843
996956
997062
997341
997400
997515
997543
997630
997904
997910
998142
998166
998223
998302
998446
998519
998643
998989
999029
999031
999088
999286
999296
999299
999359
999457
999763
