3
68
96
236
323
396
510
864
898
1245
1293
1405
1478
1506
1573
1599
1646
1917
1983
2085
2085
2117
2248
2335
2367
2469
2732
2742
2834
2922
3032
3051
3066
3087
3106
3118
3189
3227
3288
3342
3343
3452
3886
4011
4039
4169
4170
4192
4283
4388
4451
4501
4638
5016
5184
5356
5472
5472
5557
5683
5706
5941
6201
6320
6347
6474
6610
6694
6823
6877
6937
7094
7181
7221
7534
7658
7719
7733
7738
8117
8193
8250
8272
8299
8321
8455
8653
8666
8674
8891
8969
9100
9130
9133
9399
9757
9875
9886
9956
10003
10069
10095
10347
10473
10868
10921
11082
11187
11424
11433
11468
11710
11983
12059
12132
12160
12208
12212
12217
12222
12338
12421
12445
12457
12751
12975
13021
13024
13126
13245
13310
13337
13458
13461
13478
13681
13936
13970
14027
14110
14127
14224
14309
14309
14373
14505
14557
14595
14989
14991
15045
15049
15185
15185
15215
15340
15390
15443
15507
15566
15730
15777
15869
16007
16107
16133
16159
16213
16263
16476
16525
16602
16655
16850
16935
16953
17148
17189
17397
17431
17463
17481
17857
17884
17943
18011
18177
18206
18217
18427
18645
18804
18805
19104
19185
19298
19340
19352
19439
19452
19477
19521
19525
19528
19618
19801
20127
20315
20360
20590
20768
20819
21054
21232
21584
22000
22024
22132
22227
22286
22306
22313
22327
22346
22355
22642
22668
22684
22730
22763
22780
22956
23304
23364
23502
23660
23727
23901
23925
24145
24204
24214
24268
24351
24356
24556
24626
24674
24797
24844
25081
25232
25367
25375
25391
25416
25447
25464
25542
25678
25695
25964
25973
26256
26499
26655
26715
26780
26942
26983
27160
27325
27526
27581
27703
27756
27990
28149
28202
28256
28306
28346
28401
28822
28856
28916
28936
28942
29065
29087
29094
29113
29121
29159
29214
29228
29383
29454
29507
29550
29562
29571
29653
29658
29932
29962
29980
29997
30099
30175
30324
30341
30554
30813
30841
31227
31267
31294
31425
31691
31719
31741
31825
31829
32324
32331
32577
32579
32759
32795
32858
32942
33157
33349
33477
33600
33814
34066
34356
34411
34535
34708
34777
34933
35023
35042
35050
35095
35100
35146
35258
35281
35309
35329
35420
35470
35494
35519
35593
35613
35710
35711
35787
35846
36138
36296
36312
36374
36374
36684
36763
36835
36913
36925
36996
37017
37022
37216
37358
37570
37585
37615
37761
37988
38032
38198
38381
38708
38731
38840
38846
39289
39440
39490
39623
40116
40132
40334
40393
40485
40585
40610
40631
40719
40762
40782
40891
41053
41135
41405
41418
41450
41564
41676
41741
41790
41865
42083
42095
42132
42212
42254
42347
42460
42461
42511
42582
42616
42657
42671
42741
42834
42923
42960
42980
43019
43048
43287
43341
43375
43420
43454
43504
43653
43762
43921
43956
43974
44060
44098
44284
44306
44335
44344
44617
44634
44642
44713
44733
44782
44846
45136
45265
45433
45441
45499
45592
45620
45802
45856
45981
45984
45994
46193
46239
46260
46304
46401
46449
46485
46563
46838
46910
46931
46972
46984
47056
47355
47437
47444
47465
47493
47506
47649
47696
47756
48110
48167
48336
48407
48456
48533
48610
48611
48978
49226
49228
49241
49261
49424
49441
49485
49494
49538
49554
49557
49604
50061
50134
50175
50228
50647
50666
50707
50903
50936
51084
51214
51231
51295
51365
51446
51483
51554
51608
51661
51691
51867
51939
51964
52147
52254
52305
52411
52468
52497
52616
52652
52654
52749
52808
52829
52897
52912
52913
53079
53167
53172
53275
53379
53536
53569
53767
53832
54247
54374
54489
54562
54855
55028
55088
55184
55223
55273
55382
55435
55440
55447
55586
55623
55755
55784
55854
55904
55980
56136
56138
56245
56295
56346
56479
56774
56818
56862
56952
57026
57030
57036
57461
57496
57502
57564
57581
57801
57853
57891
57931
58015
58026
58053
58229
58251
58278
58365
58605
58697
58923
59021
59118
59206
59342
59617
59958
60040
60146
60349
60651
60800
60828
61021
61037
61095
61195
61263
61321
61385
61565
61594
61730
61803
61888
62009
62052
62240
62332
62366
62387
62389
62665
62803
63040
63040
63085
63286
63370
63404
63637
63678
63746
63762
63829
64278
64347
64364
64421
64530
64879
65166
65198
65297
65444
65573
65793
66022
66036
66135
66188
66653
66738
66831
66889
66925
67035
67112
67154
67358
67552
67628
67708
67743
68049
68130
68166
68471
68540
68702
68729
68737
68788
68862
68909
68956
68997
69497
69520
69603
69661
69766
69786
69801
69882
69883
70079
70220
70269
70392
70637
70711
70716
70719
70765
70859
70873
71027
71029
71149
71277
71565
71697
71729
71785
71829
71909
71911
71949
72144
72235
72344
72613
72660
72713
72759
72954
73066
73117
73198
73259
73269
73426
73517
73665
73666
73745
73786
73927
73964
73975
74238
74316
74326
74455
74591
74738
74795
74865
74988
75058
75099
75212
75288
75315
75527
75651
75685
75786
75863
76038
76061
76063
76071
76403
76442
76452
76490
76704
76706
76790
76896
77301
77437
78048
78144
78162
78180
78260
78419
78431
78616
78634
78731
78763
78863
79066
79128
79169
79385
79562
79776
79898
80082
80284
80346
80488
80700
80814
80880
81005
81148
81164
81173
81182
81411
81416
81489
81514
81583
81636
81766
81771
81779
81940
82038
82106
82250
82262
82267
82323
82517
82531
82531
82673
82969
83000
83093
83111
83115
83200
83368
83437
83528
83564
83618
83627
83721
83892
83947
83982
84204
84261
84319
84358
84362
84378
84465
84682
84828
84875
85080
85143
85267
85369
85458
85676
85999
86292
86480
86551
86571
86633
86796
86819
86980
87018
87099
87106
87271
87298
87302
87502
87577
87577
87611
87688
87701
87728
87779
87919
88052
88065
88135
88194
88328
88405
88456
88495
88509
88510
88547
88581
88614
88616
88624
88665
88835
88868
88875
88985
89082
89434
89652
89839
89890
89958
89971
89972
90238
90293
90476
90844
90874
91132
91591
91714
91809
91958
91971
92033
92043
92390
92415
92472
92677
92683
92845
92854
92959
93036
93168
93312
93359
93461
93492
93506
93688
93690
93694
93715
93745
93940
93963
93971
94214
94243
94370
94626
94799
94812
94853
94901
94966
94982
95075
95089
95134
95348
95377
95510
95673
95687
95904
95977
95997
96007
96149
96352
96751
97259
97264
97280
97302
97439
97827
97909
98255
98271
98383
98453
98505
98519
98595
98608
98628
98830
98865
98878
99108
99128
99218
99240
99406
99457
99661
99810
99881
99920
99923
100092
100160
100173
100228
100402
100484
100537
100672
100710
101266
101340
101786
101819
102076
102094
102217
102425
102504
102532
102874
102947
103102
103403
103434
103446
103535
103547
103807
103877
104055
104195
104292
104311
104314
104447
104448
104595
104717
104722
104775
104823
104868
104928
104941
105067
105170
105202
105341
105344
105395
105536
105544
105562
105654
105674
105694
105782
106059
106155
106231
106609
106692
106718
106780
106840
107160
107230
107271
107274
107308
107439
107449
107563
107737
107801
107833
107961
108002
108231
108255
108402
108422
108462
108550
108560
108653
108695
109112
109172
109245
109426
109507
109516
110230
110482
110490
110663
110686
110706
110716
110812
110897
111181
111351
111416
111577
111597
111660
111777
111791
112013
112142
112188
112397
112463
112507
112809
112869
112927
113230
113240
113415
113420
113495
113659
113769
113870
113920
113939
113999
114058
114113
114225
114390
114519
114522
114643
114872
114876
114950
114971
115003
115015
115033
115148
115261
115273
115310
115385
115467
115555
115556
115623
115854
115983
116040
116040
116079
116228
116239
116292
116423
116446
116537
116580
116597
116601
116847
116954
117070
117219
117427
117682
117768
117769
117900
118092
118100
118238
118247
118255
119038
119099
119144
119210
119339
119393
119428
119504
119517
119555
119620
119631
119799
119913
120168
120224
120310
120743
120841
120897
120921
121269
121382
121412
121632
121731
121798
121809
121884
122029
122051
122079
122079
122546
122621
122700
122734
122790
122927
123040
123102
123176
123178
123204
123321
123334
123686
124034
124322
124399
124422
124651
124673
124747
124793
124862
124954
124996
125167
125242
125253
125409
125479
125539
125710
126071
126112
126615
126761
126772
126857
126947
127022
127033
127077
127191
127389
127646
127811
127849
127897
128287
128405
128470
128518
128563
128618
128689
128700
128839
128868
129047
129064
129287
129551
129583
129621
129648
129729
129801
129826
129998
130264
130316
130360
130508
130523
130526
130573
130685
130758
130976
131090
131261
131379
131394
131450
131593
131730
131743
131858
131939
132102
132124
132150
132184
132233
132277
132312
132806
133111
133126
133257
133350
133797
133813
133980
133995
134110
134129
134282
134420
134514
134533
134660
134690
134888
134970
135229
135577
135855
135915
136012
136017
136047
136248
136257
136285
136301
136472
136902
136977
137051
137082
137126
137153
137165
137192
137209
137250
137271
137279
137355
137384
137612
137820
137870
138122
138247
138260
138291
138308
138343
138347
138374
138418
138437
138586
138615
138647
138741
138803
138884
138952
139014
139061
139070
139247
139254
139366
139381
139397
139428
139488
139537
139562
139638
139642
139761
139775
140042
140102
140221
140253
140435
140584
140603
140624
140790
140794
140847
141075
141160
141292
141340
141508
141622
141728
141857
141922
142240
142241
142270
142436
142486
142516
142667
142723
142735
142973
142994
143003
143164
143209
143274
143287
143408
143630
143709
143762
143908
144022
144070
144125
144223
144265
144359
144473
144474
144846
144955
144962
144997
145142
145372
145522
145559
145635
145712
145771
145815
145946
146445
146690
146726
146754
146803
146875
146890
146915
146919
147178
147203
147269
147328
147475
147528
147538
147704
147755
147794
147994
148053
148119
148477
148487
148639
148712
148804
148948
148951
149196
149287
149339
149529
149546
149604
149792
149933
150067
150164
150181
150242
150287
150436
150528
150675
150749
150822
150883
150915
150957
151106
151136
151143
151164
151329
151365
151454
151528
151638
151655
152002
152073
152184
152471
152588
152692
152747
152809
152891
152966
153069
153112
153154
153183
153340
153509
153548
153601
153701
153958
154070
154091
154519
154551
154599
154704
154752
154868
155039
155057
155334
155527
155793
155965
155976
156242
156433
156515
156625
156714
156917
156928
157071
157238
157383
157764
157771
157818
157839
157900
157937
158170
158215
158292
158296
158356
158692
158751
158947
159038
159162
159182
159220
159240
159408
159435
159535
159623
159862
159967
160007
160221
160491
160542
160673
160753
160768
160848
160969
161125
161214
161337
161585
162143
162177
162316
162320
162370
162374
162456
162466
162529
162723
162881
162968
163043
163067
163093
163156
163173
163176
163225
163328
163357
163364
163482
163508
163646
163680
163893
164021
164117
164180
164211
164279
164287
164291
164485
164577
165283
165320
165584
165589
165634
165662
165822
166023
166050
166122
166273
166361
166534
166542
166645
166932
166951
167266
167289
167351
167367
167791
167834
167841
167883
167924
168221
168224
168253
168292
168305
168445
168494
168547
168739
168758
168859
168903
169166
169173
169275
169323
169354
169497
169534
169671
169810
169867
169935
170022
170104
170140
170297
170379
170419
170580
170646
170747
170808
170932
170948
171113
171265
171717
171736
171754
171916
172180
172209
172217
172271
172296
172351
172371
172381
172573
172596
172632
172733
172784
172977
173014
173093
173118
173213
173216
173325
173591
173960
174036
174240
174371
174398
174503
174585
174658
174853
174954
175028
175079
175090
175143
175168
175573
175720
175775
175845
175953
176146
176172
176324
176340
176374
176389
176408
176466
176487
176520
176705
176713
176835
176854
176928
177151
177355
177398
177403
177426
177464
177465
177620
177727
177730
177762
177853
177861
177882
177908
178794
179015
179078
179093
179327
179437
179514
179565
179898
180181
180200
180316
180345
180465
180691
180961
181001
181037
181137
181164
181339
181350
181373
181380
181506
181586
181643
181649
182018
182054
182135
182292
182472
182562
182633
182846
183006
183138
183204
183469
183538
183805
183966
184154
184422
184440
184442
184496
184504
184535
184567
184867
184911
184987
185124
185142
185299
185300
185364
186205
186281
186562
186624
186727
186918
187032
187047
187251
187262
187341
187490
187518
187607
187641
187763
187856
187888
187921
188220
188233
188264
188532
188661
188815
189174
189389
189633
189860
189983
190260
190318
190500
190526
190542
190644
190975
191304
191582
191739
191839
191850
191976
192113
192201
192615
192646
192999
193024
193025
193047
193056
193075
193121
193131
193152
193175
193451
193458
193649
193751
193790
193982
194026
194127
194185
194236
194255
194291
194310
194506
194531
194938
195117
195313
195325
195390
195487
195738
195873
195948
195984
195988
196056
196072
196126
196692
197420
197427
197449
197579
197679
197899
197915
198072
198087
198112
198346
198578
198606
198767
198862
198887
198916
198976
199010
199038
199081
199089
199134
199207
199447
199449
199456
199525
199588
199674
199782
199783
199830
199854
200068
200160
200256
200635
200716
200768
200854
200952
200954
201038
201049
201376
201546
201592
201832
201874
202001
202093
202096
202115
202136
202427
202464
202549
202552
202649
202651
202762
202896
203014
203068
203073
203117
203240
203333
203527
203646
203721
203799
203888
203948
203949
204254
204542
204635
204701
204879
204982
204984
205186
205188
205393
205594
205705
205752
205846
205896
205986
206135
206173
206268
206332
206393
206435
206613
206742
206794
206811
206889
206933
207194
207351
207481
207488
207508
207616
207665
207755
207934
207995
208114
208183
208223
208599
208872
208954
208983
209185
209300
209584
209657
209964
209978
209994
210178
210251
210539
210817
210857
210964
211165
211335
211410
211993
212029
212130
212375
212689
212848
212927
212928
213041
213080
213143
213289
213413
213494
213548
213586
213725
213875
213933
214052
214147
214207
214226
214467
214500
214571
214938
214987
215048
215106
215163
215261
215329
215379
215491
215997
216230
216306
216314
216363
216885
216891
217225
217249
217264
217410
217459
218356
218509
218631
218691
218704
219180
219437
219653
219689
219713
219743
219838
220024
220143
220185
220513
220564
220614
220660
220761
220809
220921
221011
221230
221361
221509
221705
221758
221882
222025
222032
222069
222226
222231
222303
222384
222403
222430
222445
222852
222919
223059
223108
223322
223324
223367
223378
223397
223416
223548
223565
223589
223716
223766
223897
223932
223974
223986
224006
224348
224352
224482
224540
224927
224953
224955
225018
225020
225164
225192
225225
225467
226084
226354
226366
226419
226564
226645
226662
226713
226768
226957
227220
227312
227347
227365
227461
227537
227605
227630
227734
227743
227833
227882
227939
228010
228352
228379
228647
228794
229058
229066
229093
229132
229220
229255
229300
229418
229490
229498
229681
229715
229781
229921
229978
230007
230226
230402
230547
230956
231030
231091
231109
231186
231379
231494
231509
231793
232022
232413
232426
232541
232641
232653
232658
232719
232720
232965
233015
233025
233146
233163
233191
233200
233221
233300
233325
233464
233667
233687
233714
233729
233785
233890
233890
234085
234134
234149
234177
234234
234263
234435
234546
234550
234662
234750
234752
234821
234954
234954
234994
235115
235149
235230
235673
236084
236114
236312
236510
236544
236659
236677
236709
236761
236783
236904
236910
236911
236919
236966
237071
237327
237417
237537
237572
237712
237808
237893
238004
238093
238267
238379
238418
238443
238459
238467
238599
238675
238789
238911
238976
238997
239080
239232
239464
239543
240630
240631
240647
240729
240737
240748
240755
241206
241595
241646
241684
241784
241846
241869
242002
242002
242151
242261
242563
242588
242663
242673
242766
242778
242815
242833
243354
243635
243694
243733
243874
243957
244010
244150
244186
244297
244320
244339
244392
244624
244778
244889
244908
244919
244959
245017
245051
245440
245922
245996
246023
246113
246240
246262
246276
246326
246347
246598
246629
246885
247184
247192
247299
247317
247361
247458
247468
247547
247838
247946
248293
248326
248366
248411
248687
249022
249066
249220
249231
249232
249260
249369
249414
249608
249844
249924
250156
250290
250393
250616
250635
250940
251024
251222
251232
251427
251602
251774
251907
251989
252038
252116
252204
252359
252550
252890
253128
253196
253519
253532
253713
253816
253835
253840
253958
253987
254085
254145
254190
254192
254194
254210
254393
254408
254448
254511
254534
254631
254721
254831
254851
255046
255307
255400
255411
255540
255716
255717
255832
255997
256100
256171
256198
256199
256245
256266
256348
256467
256559
256616
256655
256663
256663
256718
256859
256974
257041
257227
257386
257518
257654
258046
258158
258173
258239
258408
258524
258528
258603
258697
258721
258725
258763
259172
259199
259301
259512
259522
259687
259926
260033
260101
260132
260141
260417
260431
260517
260526
260564
260575
260968
261371
261570
261573
261663
261746
261776
261995
262110
262434
262539
262750
262777
262798
262982
263038
263130
263199
263233
263242
263290
263298
263428
263557
263670
263939
263956
263956
264118
264284
264314
264452
264660
264706
265013
265023
265079
265314
265345
265551
265599
265614
265684
265787
265824
265870
266024
266215
266239
266258
266308
266534
266581
266587
266627
266659
267185
267218
267288
267457
267507
267514
267573
267729
267741
267777
268126
268276
268373
268451
268662
268662
268727
268775
268863
268877
269124
269194
269369
269380
269580
269647
269736
269910
270350
270463
270533
270695
270810
270822
270896
270927
270949
271054
271123
271143
271210
271212
271428
271465
271618
271653
271697
271837
271891
272014
272208
272398
272403
272545
272636
272678
272713
272805
272844
272976
272995
273038
273237
273449
273582
273587
273643
273746
273764
273836
273859
273888
273891
274036
274188
274369
274651
274695
274932
274952
275046
275062
275088
275126
275190
275245
275262
275511
275513
275579
275628
275663
275665
275744
275897
275958
276090
276140
276170
276194
276275
276279
276434
276450
276469
276587
276625
276644
276645
276712
276740
276840
276849
276931
277030
277170
277263
277630
277701
277768
277770
277822
277959
278039
278123
278169
278213
278214
278413
278460
278460
278531
278556
278801
278813
279051
279072
279122
279230
279405
279462
280109
280149
280292
280300
280349
280606
280950
280969
281063
281136
281235
281295
281446
281465
281580
281628
281969
282148
282208
282529
282565
282586
282776
282940
283034
283035
283066
283110
283203
283236
283308
283369
283431
283506
283711
283717
283830
283999
284012
284037
284138
284161
284187
284271
284318
284512
284543
284603
284637
284811
284984
285095
285209
285450
285602
285810
285866
285982
286089
286100
286250
286396
286788
286877
286899
287188
287322
287345
287441
287476
287609
287809
287860
287951
288099
288102
288110
288178
288357
288405
288571
288586
288656
288724
288746
288750
288793
289225
289298
289335
289531
289535
289800
289916
290109
290318
290490
290501
290660
290765
291011
291083
291210
291427
291550
291816
291819
291852
291873
291873
291887
292039
292147
292258
292277
292328
292452
292579
292625
292684
292765
292841
292933
292999
293007
293224
293311
293567
293592
293614
293656
293712
293762
293766
293931
294027
294071
294106
294108
294285
294444
294476
294567
294578
294670
294742
294983
295035
295144
295173
295273
295521
295727
295773
295843
296007
296133
296194
296258
296466
296501
296637
296643
296669
296682
296694
296718
296996
297143
297389
297493
297533
297618
297630
297680
297890
297926
298016
298046
298097
298107
298119
298264
298373
298453
298603
298681
298702
298840
299097
299101
299289
299295
299547
299585
299608
299706
299737
299944
299956
299959
299986
300024
300056
300085
300126
300374
300430
300453
300804
300947
300950
301002
301038
301051
301098
301138
301205
301251
301327
301444
301569
301655
301725
301992
302010
302151
302241
302410
302533
302647
302765
302766
302853
302935
302987
303036
303069
303227
303266
303481
303525
303649
303679
303752
303808
303820
303993
304045
304046
304063
304137
304299
304444
304474
304765
304789
304952
304965
304992
305003
305096
305143
305465
305677
305893
305921
305986
306031
306126
306134
306389
306415
306471
306587
306605
306850
306855
306970
307251
307313
307406
307472
307578
307702
307748
307871
307883
308058
308139
308218
308443
308471
308680
308689
308723
308813
308865
308893
309136
309400
309497
309516
309612
309657
309822
309942
309948
310000
310065
310066
310128
310166
310290
310643
310678
310793
310813
311019
311049
311063
311119
311304
311321
311574
311655
311774
312010
312127
312223
312253
312385
312476
312518
312613
312742
312758
312884
313002
313078
313092
313204
313333
313383
313527
313697
313920
313941
313952
314005
314148
314437
314727
314782
315147
315152
315183
315228
315291
315313
315332
315362
315415
315607
315615
315621
315689
315731
315741
315846
315968
316136
316168
316320
316341
316627
316770
316844
316853
316916
316981
317111
317133
317416
317442
317533
317557
317834
317847
317980
318132
318143
318163
318336
318428
318439
318564
318591
318737
319023
319026
319064
319082
319120
319176
319196
319493
319580
319584
320081
320096
320125
320217
320302
320361
320366
320382
320483
320559
320745
320780
320869
321160
321183
321289
321484
321490
321608
321793
321801
322252
322300
322308
322330
322529
322565
322629
322870
323138
323270
323346
323383
323447
323700
323707
323860
323892
324003
324010
324038
324162
324289
324336
324407
324459
324696
324732
324774
324842
324845
325063
325307
325354
325664
325729
325904
325964
326375
326447
326724
326908
326974
326978
327055
327137
327143
327174
327235
327438
327548
327581
327954
328006
328018
328056
328116
328218
328281
328336
328460
328461
328501
328556
328616
328744
328789
328883
328909
329001
329356
329460
329612
329684
329692
329935
330016
330024
330041
330096
330492
330738
330838
330989
331250
331380
331386
331479
331638
331664
331701
331768
331779
331826
331984
331992
332009
332074
332126
332360
332707
332775
332893
332974
333014
333090
333102
333491
333500
333521
333706
333762
333794
333937
333998
334230
334492
334618
334709
334727
334800
334823
334837
334935
334966
335592
335631
335809
335830
335849
335881
336105
336151
336221
336304
336409
336639
336656
336770
336944
337119
337141
337251
337711
337719
337796
337837
337958
338100
338136
338295
338333
338429
338452
338547
338571
338612
338909
338913
338919
338965
338977
339059
339078
339178
339335
339374
339380
339539
339597
339925
339959
339973
340070
340315
340435
340459
340568
340739
340781
340847
340944
340968
341003
341049
341107
341272
341411
341432
341701
341733
341777
341956
342038
342112
342113
342369
342449
342471
342534
342617
342631
342642
342723
342765
342833
342973
343182
343257
343278
343298
343451
343452
343464
343533
343566
343783
343795
343936
343939
343982
344158
344202
344348
344601
344622
344691
344727
344768
344910
344986
345025
345110
345316
345628
345669
345792
345820
345824
345924
346135
346138
346150
346184
346385
346438
346463
346581
346753
346842
346965
346996
347039
347148
347289
347376
347566
347591
347610
347639
347673
347784
347813
347882
347889
347927
347983
348005
348043
348147
348376
348416
348530
348650
348719
348845
349241
349330
349438
349456
349538
349539
349575
349633
349958
350070
350132
350338
350402
350456
350811
350825
350868
351037
351363
351759
351868
351869
351939
352124
352188
352267
352346
352457
352492
352503
352520
352591
352602
352735
352766
352802
352811
352829
352989
353065
353086
353118
353347
353400
353733
353769
354052
354301
354346
354429
354445
354452
354602
354727
354739
354853
355026
355049
355079
355132
355197
355309
355384
355467
355712
355757
355770
355887
355905
355944
355971
356012
356054
356104
356166
356260
356613
356735
356789
356801
356811
356831
356917
356927
356980
357267
357611
357865
358028
358177
358239
358278
358282
358451
358515
358570
358607
358647
358658
358783
358823
358851
359204
359319
359322
359361
359430
359543
359566
359700
359711
359904
359973
359990
360050
360221
360222
360256
360481
360490
360591
360765
360802
360890
360987
361106
361190
361211
361297
361306
361467
361493
361609
361884
361886
361989
362032
362054
362239
362324
362327
362382
362388
362421
362723
362775
362975
363109
363399
363412
363581
363640
363705
363847
363934
364026
364036
364170
364192
364328
364729
364772
364798
364903
365014
365052
365138
365422
365444
365642
365751
365821
365907
366059
366185
366214
366413
366415
366484
366613
366652
366790
366904
367244
367395
367699
367730
367840
367905
367948
368011
368078
368080
368215
368248
368330
368448
368599
368614
368617
368695
368711
368844
368966
369139
369155
369227
369330
369487
369601
369708
369894
369924
370046
370047
370186
370481
370498
370640
370767
370866
370886
370960
370985
370986
371290
371329
371340
371542
371582
371853
371911
372038
372055
372059
372137
372186
372356
372491
372608
372876
372939
373182
373372
373394
373418
373724
373738
373745
373823
373830
373960
374036
374247
374314
374333
374485
374678
374770
374778
375006
375050
375192
375244
375441
375491
375493
375500
375623
375629
375694
375861
375863
376128
376170
376342
376553
376563
376578
376687
376776
376896
376897
377154
377191
377263
377341
377840
377844
377856
377892
377906
378009
378197
378211
378427
378487
378700
378854
378941
379043
379052
379138
379152
379380
379559
379650
379735
380033
380066
380258
380400
380434
380507
380680
380797
380895
380949
380957
381106
381343
381363
381446
381608
381614
382071
382238
382389
382519
382666
382771
383176
383256
383344
383375
383407
383464
383492
383520
383544
383620
383784
383918
383944
383950
384282
384360
384478
384736
384975
384982
385051
385052
385057
385058
385134
385299
385338
385365
385538
385729
385760
385924
386144
386410
386534
386589
386590
386850
386918
386966
386977
387230
387300
387416
387513
387595
387596
387643
387845
388086
388096
388260
388282
388426
388434
388504
388546
388573
388742
388973
389039
389121
389138
389234
389336
389448
389509
389533
389572
389716
389724
389741
389888
389932
390010
390091
390159
390191
390203
390207
390669
390742
390744
390767
390957
391260
391303
391355
391369
391485
391616
391618
391691
391814
391924
392000
392004
392010
392050
392264
392331
392455
392495
392625
392653
392683
392701
392719
392852
392925
392937
392961
393058
393093
393102
393125
393140
393177
393260
393349
393354
393530
393615
393648
393722
393726
393781
394002
394007
394012
394040
394055
394135
394165
394419
394442
394584
394641
394716
394821
395102
395135
395205
395251
395406
395445
395691
395767
395814
395835
395976
395978
396014
396254
396427
396473
396509
396737
396765
396782
396858
396872
397016
397039
397185
397249
397299
397433
397450
397507
397720
397734
397873
398011
398124
398285
398405
398628
398930
398979
399224
399438
399471
399736
399881
399951
399980
400165
400255
400386
400399
400429
400638
400652
400681
400731
400768
400949
401053
401365
401409
401433
401509
401584
401585
401666
401695
401712
401883
401977
402207
402210
402396
402518
402526
402553
402813
403014
403031
403045
403102
403127
403194
403368
403595
403810
403943
404169
404194
404258
404377
404577
404604
404673
404708
404776
405165
405341
405431
405527
405565
405586
405601
405689
405746
405797
405895
405928
405947
406027
406038
406074
406152
406186
406281
406401
406418
406487
406546
406699
406753
406764
406771
406804
406828
406830
406848
406945
407106
407177
407303
407379
407406
407410
407481
407518
407585
407703
407737
407868
407918
407957
407971
407997
408082
408106
408120
408142
408150
408167
408173
408185
408229
408230
408248
408252
408321
408362
408447
408447
408548
408813
408918
408940
409025
409080
409327
409473
409486
409766
409839
409999
410269
410277
410316
410478
410705
410724
410776
410903
411010
411076
411092
411120
411205
411478
411608
411630
411705
412128
412138
412152
412209
412513
412607
412634
412716
412727
412805
412871
412986
413053
413228
413653
413716
413721
413766
413795
413857
413861
414092
414152
414218
414284
414350
414486
414536
414573
414626
414673
414688
414857
414910
414911
415055
415150
415166
415170
415263
415376
415499
415537
415567
415755
415955
416109
416195
416199
416243
416247
416256
416391
416525
416614
416627
416719
416728
416739
416781
416817
416820
417114
417129
417150
417180
417244
417268
417317
417436
417457
417538
417542
417622
417749
417775
417777
417780
417946
417977
418281
418600
418681
418779
418798
418943
419376
419564
419564
419694
420123
420163
420195
420417
420474
420552
420576
420747
421008
421036
421052
421136
421354
421594
421678
421749
421834
422060
422153
422178
422178
422470
423021
423051
423088
423161
423429
423599
423712
423768
423855
424382
424548
424611
424679
424729
424866
424932
425133
425148
425158
425319
425632
425794
425850
425880
425974
426219
426256
426287
426684
427265
427302
427331
427408
427460
427557
427758
427966
427985
428050
428102
428102
428153
428154
428485
428501
428649
428993
429287
429294
429443
429572
429582
429591
429639
429699
429893
429904
430358
430400
430455
430457
430486
430512
430530
430559
430619
430703
430720
430727
430779
431075
431122
431310
431394
431448
431453
431454
431616
431827
431836
431868
431918
431925
431941
431992
432060
432065
432224
432228
432298
432471
432482
432504
432791
432893
432989
433082
433102
433164
433220
433222
433266
433273
433390
433512
433582
433603
433663
433702
434034
434136
434512
434653
434917
434956
435021
435061
435091
435130
435206
435245
435264
435287
435320
435333
435362
435429
435569
435780
435792
435898
435904
435925
435932
435962
436066
436104
436116
436226
436312
436466
436545
436649
436802
436917
437014
437021
437024
437171
437176
437207
437290
437482
437504
437875
437966
438320
438445
438562
438790
438814
438870
438966
439022
439201
439253
439289
439313
439332
439363
439432
439548
439647
439848
439942
440010
440090
440233
440257
440261
440441
440572
440849
440891
440905
441290
441388
441417
441454
441617
441863
441887
441943
442499
442613
442662
442841
443237
443257
443408
443414
443502
443792
444096
444197
444216
444297
444369
444375
444399
444648
444673
444704
444795
444817
444859
444959
445051
445058
445084
445135
445136
445172
445187
445201
445399
445700
445776
446116
446174
446196
446443
446653
446997
447149
447233
447502
447512
447553
447570
447621
447749
447890
448074
448092
448161
448191
448291
448322
448356
448392
448515
448563
448655
448814
448827
448957
449008
449045
449068
449212
449291
449422
449555
449849
449879
450167
450221
450466
450610
450691
450814
450879
450920
451138
451262
451377
451451
451491
451637
451692
451747
451803
451875
451945
452035
452037
452365
452514
452538
452650
452959
453164
453194
453266
453399
453685
453698
453829
454085
454127
454327
454351
454467
454475
454538
454625
454663
454758
454783
454821
454876
454905
454918
455003
455006
455020
455043
455094
455430
455490
455492
455889
456089
456537
456651
457026
457077
457100
457154
457214
457289
457452
457524
457536
457546
457640
457719
457730
457978
458092
458097
458145
458251
458255
458367
458422
458450
458457
458483
458619
458800
458844
458975
459036
459045
459126
459150
459201
459260
459459
459753
459768
459877
459991
459996
460016
460021
460178
460291
460535
460655
460817
460975
461045
461171
461199
461387
461500
461650
461674
461691
461692
461770
461936
461938
461988
462185
462218
462220
462233
462267
462330
462538
462641
462642
462822
462903
463009
463038
463121
463169
463183
463198
463252
463623
463743
463826
463914
463968
464140
464264
464269
464323
464337
464366
464480
464552
464661
464674
464699
464814
464854
464927
464945
464951
465030
465106
465186
465232
465264
465274
465583
465844
465865
465914
466083
466304
466391
466394
466447
466500
466510
466522
466674
466762
467022
467028
467076
467207
467337
467341
467745
467769
467792
467857
467883
467932
468088
468118
468267
468363
468399
468441
468470
468500
468571
468674
468734
468958
469196
469224
469238
469288
469305
469353
469381
469683
469764
470065
470228
470388
470594
470856
470934
470938
470961
471253
471331
471401
471470
471527
471540
471599
471636
471706
471865
471900
472154
472178
472287
472822
472833
473128
473138
473471
473520
473748
473761
473867
473969
473998
474012
474280
474287
474337
475011
475110
475206
475258
475411
475415
475487
475528
475576
475617
475839
475881
475884
475994
476054
476125
476206
476255
476306
476352
476457
476563
476608
476835
476964
476999
477032
477206
477243
477264
477385
477583
477596
477939
478015
478126
478248
478347
478364
478488
478974
479002
479019
479262
479674
479735
479788
479818
479935
480709
480717
480720
481376
481436
481535
481693
481725
481749
481893
482086
482183
482228
482340
482580
482667
482763
482921
482933
482950
483000
483086
483128
483146
483212
483642
483682
484164
484269
484281
484300
484394
484564
484574
484579
484680
484807
484903
484978
485087
485318
485330
485404
485680
485759
485954
485993
486054
486087
486106
486142
486246
486360
486400
486525
486572
486589
486685
486762
486871
486897
486938
486968
487132
487149
487362
487379
487667
487707
487719
487898
488054
488088
488181
488371
488473
488565
488638
488825
488872
488887
488949
489320
489337
489414
489441
489450
489540
489580
489697
489787
489792
489852
489975
489994
490042
490147
490293
490327
490432
490540
490592
490623
490784
490900
491141
491229
491249
491314
491431
491469
491532
491537
491773
491856
492039
492100
492181
492267
492286
492291
492364
492662
492674
492795
492833
492902
492927
493032
493035
493159
493181
493441
493463
493522
493543
493582
493664
493735
494133
494324
494449
494658
495043
495188
495391
495405
495607
495632
495713
495780
495793
495804
495815
495905
496163
496373
496466
496590
496742
496814
496948
497108
497346
497678
497879
498236
498319
498319
498528
498563
498639
498762
498890
499271
499360
499483
499533
499587
499753
499879
500053
500115
500184
500543
500570
500743
500857
500944
500989
501025
501087
501117
501255
501258
501309
501344
501352
501371
501499
501595
501850
501856
501859
501869
501926
501960
502081
502116
502254
502375
502531
502840
503032
503051
503063
503109
503137
503168
503776
503947
503951
504184
504215
504420
504471
504602
504784
504941
505111
505150
505231
505316
505348
505353
505354
505428
505448
505847
505850
506059
506154
506416
506460
506535
506561
506594
506654
506654
506729
506789
506897
507140
507165
507176
507583
507645
507666
507690
507742
507749
507811
507888
508023
508053
508128
508242
508266
508343
508345
508406
508494
508595
508822
509020
509063
509108
509137
509152
509240
509469
509545
509676
509724
509738
509739
509761
509844
509909
509976
509993
510059
510140
510556
510860
510977
510977
511121
511314
511401
511450
511478
511554
511634
511691
511731
511778
511800
511885
511938
511964
511976
512000
512075
512127
512162
512235
512344
512400
512407
512588
512649
512792
513024
513031
513271
513286
513498
513574
513586
513689
513790
513793
513821
513843
513846
513952
514038
514114
514269
514358
514595
514841
514867
514868
514931
515079
515095
515356
515461
515479
515540
515620
515676
515739
516056
516598
516605
516666
516717
516831
516972
517004
517085
517103
517183
517207
517262
517278
517345
517418
517545
517742
517801
517904
517993
518096
518123
518129
518173
518242
518270
518289
518544
518734
518815
518863
518973
518977
519084
519116
519150
519251
519474
519680
519810
520007
520105
520153
520374
520420
520426
520555
520561
520609
520915
520979
521094
521149
521176
521230
521622
521634
521860
521989
522004
522172
522173
522198
522237
522256
522334
522356
522360
522410
522432
522535
522792
522792
522829
522864
522954
522964
523026
523207
523333
523364
523365
523434
523451
523523
523628
523639
523687
523704
523706
523713
523847
523986
524067
524079
524129
524319
524345
524434
524471
524646
524876
524953
524996
525061
525072
525089
525246
525324
525346
525360
525508
525563
525738
525802
525881
525930
525978
526000
526207
526253
526276
526410
526423
526425
526452
526548
526553
526839
527168
527269
527289
527335
527379
527432
527639
527697
527938
528052
528269
528290
528314
528398
528420
528448
528558
528604
528704
528837
528970
529089
529104
529161
529209
529213
529250
529265
529395
529425
529492
529718
529777
529852
529921
530020
530103
530127
530153
530164
530346
530366
530419
530450
530543
530544
530618
530780
531237
531255
531271
531336
531460
531510
531527
531578
531599
531641
531896
531940
532118
532226
532257
532471
532480
532530
532551
532779
532823
532888
533101
533328
533392
533461
533528
533616
534313
534380
534401
534415
534762
535103
535167
535187
535422
535457
535480
536009
536389
536462
536501
536511
536762
536773
536823
536863
537035
537123
537210
537304
537530
537743
537774
537783
537989
538018
538099
538143
538202
538374
538407
538744
538755
538942
538981
539036
539074
539106
539270
539324
539329
539384
539506
539621
539786
539873
539908
540437
540489
540536
540742
540747
540798
540953
541017
541156
541401
541433
541501
541518
541554
541646
541974
542007
542075
542099
542332
542568
542650
542752
542846
542876
542985
543025
543453
543526
543566
543602
543682
543772
543806
543858
544129
544167
544331
544435
544520
544744
544834
544880
545168
545331
545457
545473
545615
545887
546063
546064
546242
546582
546653
546737
546742
546784
547202
547365
547404
547522
547545
547598
547603
547759
547801
547875
547938
548063
548750
548828
548838
549032
549038
549139
549158
549215
549237
549248
549276
549379
549436
549498
549614
549877
550019
550316
550398
550448
550496
550575
550661
550689
550715
550772
550921
550947
551012
551072
551078
551085
551409
551532
551552
551675
551705
551804
552070
552351
552391
552400
552542
552562
552566
552680
552725
552747
552988
553135
553144
553318
553357
553461
553545
553803
553836
554017
554039
554123
554161
554195
554228
554229
554232
554274
554294
554356
554438
554466
554500
554605
554846
554964
555022
555047
555092
555144
555387
555438
555655
555661
555884
556192
556256
556283
556319
556338
556349
556443
556480
556749
556757
556867
557139
557236
557239
557252
557282
557304
557386
557466
557486
557488
557583
557640
557761
558035
558139
558266
558308
558341
558403
558553
558583
558851
558934
559164
559182
559188
559351
559403
559432
559583
559757
559809
560014
560032
560034
560051
560134
560398
560473
560607
560658
560704
561002
561168
561252
561273
561495
561745
561795
561896
562198
562218
562443
562489
562538
562649
562788
562854
562880
563070
563123
563266
563332
563373
563374
563456
563484
563549
563625
563880
563932
564073
564152
564319
564478
564527
564711
564740
564774
564847
564852
564886
565042
565074
565230
565346
565386
565472
565593
565626
565765
565848
565890
565934
566143
566175
566245
566356
566726
566906
566907
566944
566983
567164
567237
567278
567377
567385
567395
567406
567447
567463
567472
567485
567567
567582
567591
567746
567803
567912
568076
568225
568378
568379
568516
568555
568625
568707
568718
568917
569403
569581
569664
569837
569908
570038
570072
570134
570514
570557
570562
570824
570844
570868
571061
571121
571140
571236
571242
571272
571377
571401
571421
571652
571662
571705
571771
571878
572063
572181
572357
572374
572398
572442
572533
572540
572617
572667
572846
572855
572863
573023
573059
573354
573370
573484
573485
573508
573843
573878
573897
573945
574039
574101
574253
574733
574760
574813
574886
574973
574993
575061
575074
575078
575154
575200
575347
575375
575434
575453
575664
575884
575900
575909
575958
576383
576394
576512
576579
576619
576800
577047
577063
577149
577156
577185
577344
577427
577459
577482
577560
577943
577954
577984
577992
578093
578277
578309
578631
578700
578779
578796
578908
578936
578989
579016
579128
579169
579180
579211
579276
579321
579416
579500
579570
579594
579729
580016
580126
580178
580393
580520
580535
580645
580656
580697
581364
581471
581628
581642
581660
581683
581916
581932
582061
582257
582399
582492
582578
582702
582711
582712
582735
582752
582782
582865
583178
583189
583228
583314
583430
583505
583570
583646
583879
584365
584428
584520
584651
584696
584708
584747
584873
584913
584921
584965
585067
585256
585348
585382
585401
585565
585635
585740
585855
585984
586019
586032
586206
586248
586273
586306
586464
586476
586565
586788
587173
587261
587274
587302
587349
587431
587686
587756
587855
587991
588009
588026
588551
588558
588577
588617
588982
589054
589055
589205
589450
589628
589815
589915
589973
589974
590013
590101
590187
590236
590323
590330
590490
590534
590539
590599
590743
590781
590875
591068
591154
591651
591786
592355
592399
592498
592498
592909
592923
593195
593224
593268
593459
593562
593575
593584
593812
593943
593947
594174
594222
594227
594403
594480
594581
594681
595343
595429
595444
595565
595630
595713
595769
595833
595955
595976
596042
596107
596368
596523
596593
596602
596711
596712
596827
596853
596863
596965
597030
597060
597116
597151
597181
597371
597383
597399
597428
597475
597541
597546
597678
597720
597738
597875
598040
598053
598062
598217
598262
598366
598459
598598
598631
598890
599041
599043
599194
599214
599393
599531
599676
599814
599890
600144
600188
600214
600395
600414
601012
601023
601036
601379
601522
601603
601642
601742
601787
601819
601851
601888
602049
602242
602308
602478
602515
602638
602764
602778
603021
603161
603183
603469
603774
603784
603919
603933
604244
604401
604526
604619
604746
604747
604827
604857
604938
605025
605063
605099
605301
605348
605448
605548
605602
605694
605706
605710
605737
605773
606065
606479
606484
606490
606589
606739
606789
606955
606995
607023
607261
607438
607444
607485
607648
607651
607689
607792
607856
608143
608162
608435
608546
608614
608679
608710
608766
608807
608824
608854
608868
608944
609012
609118
609154
609214
609337
609365
609474
609579
609699
609797
609901
609913
610104
610323
610323
610323
610386
610456
610575
610614
611217
611492
611511
611530
611839
611938
612016
612212
612213
612218
612295
612308
612430
612449
612471
612671
612743
612816
612931
612963
613088
613875
614098
614105
614322
614408
614558
614560
614678
614772
614774
614864
614928
614985
614991
615008
615056
615073
615436
615622
615700
615726
615994
616059
616100
616110
616319
616392
616401
616878
616900
617012
617018
617162
617398
617590
617658
617694
617724
617898
617922
617941
618021
618034
618111
618323
618410
618412
618499
618619
618749
619036
619135
619154
619245
619314
619332
619405
619447
619543
619685
619873
619887
620012
620068
620181
620278
620305
620485
620513
620569
620592
620639
620654
620714
620813
620941
620992
621008
621150
621306
621345
621479
621547
621849
621893
622082
622116
622313
622578
622592
622677
622731
622831
622868
622998
623091
623314
623332
624063
624137
624440
624455
624547
624576
624611
624693
624858
624876
625152
625250
625288
625357
625551
625584
625590
625670
625933
625990
626212
626283
626304
626355
626608
626662
626770
627058
627149
627168
627185
627197
627202
627269
627321
627620
627801
627915
627915
627956
627995
628241
628294
628312
628398
628429
628444
628456
628578
628578
628640
628672
629011
629087
629111
629160
629236
629282
629304
629374
629522
629711
629809
629810
630036
630147
630524
630553
630589
630651
630876
630900
631019
631064
631402
631497
631505
631556
631563
631565
631722
632018
632044
632252
632253
632279
632336
632380
632637
632647
632689
632738
632814
632843
632920
632964
633032
633089
633184
633543
633640
633698
633770
633966
634108
634382
634542
634922
634983
635026
635196
635267
635372
635449
635456
635624
635631
635854
635859
635914
635953
636123
636146
636255
636411
636508
636521
636644
636770
637092
637094
637146
637571
637671
637733
637741
637773
637845
637872
637962
637983
638092
638206
638333
638697
638735
638854
639098
639164
639243
639250
639340
639394
639465
639666
639789
639818
639888
640040
640089
640160
640176
640335
640368
640496
640760
640884
640909
640969
641168
641294
641365
641477
641608
641628
641830
641884
642073
642079
642268
642359
642435
642571
642697
642802
642976
642977
643018
643065
643213
643258
643462
643471
643481
643613
643789
643791
644048
644283
644326
644380
644413
644559
644732
644941
645130
645345
645352
645416
645507
645527
645620
645748
645791
645819
645825
645870
645872
645983
646054
646075
646114
646144
646173
646324
646340
646385
646431
646487
646601
646676
646739
647029
647073
647339
647343
647424
647470
647484
647511
647581
647581
647597
647764
647863
647963
648006
648224
648492
648533
648540
648619
648669
648841
648852
649118
649302
649351
649541
649543
649648
649711
649769
649844
650220
650433
650462
650598
650605
650611
650629
650662
650678
650691
650880
651062
651105
651167
651279
651656
651663
652087
652113
652217
652235
652293
652380
652416
652454
652611
652691
652784
652850
652850
652923
652954
652977
653142
653421
653805
654019
654147
654283
654305
654337
654414
654717
654746
654751
655207
655382
655403
655439
655478
655502
655522
655624
655717
655751
655869
655936
656134
656231
656261
656278
656373
656595
656620
656652
656821
656960
657024
657242
657287
657563
657571
657658
657698
657843
657932
657972
658109
658129
658264
658510
658516
658923
659105
659309
659424
659514
659582
659688
659730
659787
659878
659888
659944
659967
660059
660070
660101
660155
660469
660508
660676
660946
661180
661192
661277
661304
661387
661410
661582
661603
661723
661823
661855
661863
661992
662030
662046
662203
662257
662467
662606
662744
662826
662933
662954
663077
663112
663115
663153
663178
663273
663331
663363
663513
663752
663766
663789
663815
663819
663842
664236
664692
664718
664789
664866
664903
664994
664997
665401
665431
665476
665792
665960
666026
666067
666125
666245
666350
666664
666911
666971
667237
667281
667354
667562
667607
667648
667731
668165
668258
668302
668314
668585
668618
668832
668845
668939
668973
669106
669117
669366
669393
669396
669601
669691
669726
669740
669753
669769
669797
669841
669865
669917
670011
670016
670246
670476
670496
670504
670593
670679
670725
670736
671002
671130
671289
671314
671415
671470
671649
671697
672070
672082
672217
672230
672250
672441
672583
672712
672737
672916
673139
673143
673221
673359
673564
673665
673759
673786
673931
674013
674184
674312
674324
674362
674410
674469
674537
674574
674579
674672
674773
674854
675042
675076
675103
675138
675271
675279
676013
676087
676380
676865
676904
676975
677004
677017
677023
677157
677236
677266
677326
677368
677413
677461
677550
677733
677759
677826
677926
677966
678050
678171
678181
678182
678263
678315
678350
678491
678544
678596
678733
678845
678860
678918
678937
679189
679210
679214
679275
679408
679438
679482
679564
680003
680044
680056
680193
680301
680333
680402
680410
680489
680903
680923
680925
681150
681367
681390
681405
681420
681502
681514
681701
681801
681868
681872
682021
682030
682133
682176
682489
682586
682636
682641
682725
682754
682812
682849
682936
682944
682975
682975
683067
683322
683556
683603
683694
683853
683990
684081
684112
684230
684447
684468
684478
684592
684611
684616
684643
684665
684666
684689
684709
684718
684748
684760
684793
684920
684993
685008
685279
685307
685414
685418
685490
685615
685616
685617
685755
685950
686056
686083
686145
686155
686507
686907
687038
687066
687141
687156
687174
687211
687261
687352
687593
687666
687963
688225
688263
688426
688647
688687
688708
688709
688765
688775
689263
689310
689372
689417
689536
689667
689732
689794
689856
689864
689886
689969
690032
690094
690148
690264
690439
690609
690737
690778
690975
691404
691404
691701
692054
692114
692119
692161
692195
692224
692302
692569
692597
692606
692690
693116
693131
693526
693600
693725
693936
693971
694151
694299
694355
694359
694390
694513
694571
694605
694820
694986
695015
695118
695164
695211
695336
695753
695918
696114
696193
696297
696305
696524
696585
696642
696781
696814
697020
697059
697234
697272
697386
697561
697647
697712
697796
697889
697899
697930
698086
698130
698322
698541
698551
698561
698784
699020
699081
699171
699525
699535
699566
699613
699688
699822
699860
699861
700033
700047
700131
700239
700244
700362
700677
700782
700871
700910
700999
701007
701118
701298
701400
701446
701527
701643
701660
701679
701759
701780
701832
701848
701922
701982
702104
702200
702264
702268
702333
702360
702566
702588
702641
702825
702898
702903
702971
702978
703026
703093
703104
703242
703287
703348
703398
703452
703550
703675
704083
704216
704232
704280
704362
704649
704737
704803
704816
705042
705108
705436
705516
705610
705631
705648
705729
706067
706088
706109
706289
706410
706439
706781
706891
706993
707389
707428
707470
707512
707751
707757
707819
708032
708114
708172
708377
708625
708632
708829
708851
708976
709043
709085
709099
709135
709152
709219
709503
709523
709531
709587
709702
709831
709846
709894
709917
709966
710084
710120
710196
710219
710354
710391
710535
710710
710806
710819
710836
710879
711072
711201
711226
711259
711365
711407
711501
711502
711605
711608
711676
711679
711787
711881
711953
711958
712116
712195
712263
712370
712560
712602
712622
712654
712722
712767
712809
712963
713087
713089
713164
713194
713264
713291
713409
713445
713629
713649
713709
713792
714111
714313
714333
714505
714678
714759
714768
714933
714939
714983
714983
715108
715187
715406
715456
715700
715818
715858
716240
716318
716338
716374
716379
716412
716424
716603
716640
716699
716793
716802
716848
716944
717179
717327
717478
717505
717829
718161
718477
718690
719080
719117
719188
719223
719383
719582
719590
719675
719722
719741
719943
720433
720699
720770
721117
721153
721157
721175
721390
721390
721436
721506
721722
721826
721914
722229
722338
722424
722435
722520
722535
722681
722837
722908
722940
723068
723169
723171
723397
723567
723747
723806
723810
723833
723834
723881
723912
723932
724057
724334
724355
724806
724860
724875
724895
725003
725191
725209
725411
725565
725619
725628
725628
725656
725717
725742
725861
725991
726280
726343
726494
726563
726670
726773
726832
726860
726895
727095
727098
727165
727183
727256
727394
727483
727488
727818
727852
727891
727902
728013
728192
728228
728245
728365
728365
728394
728402
728443
728508
728555
728725
728736
728759
728790
728871
729125
729182
729390
729775
729823
729881
729892
730271
730272
730346
730388
730389
730421
730443
730615
730650
730912
730957
731051
731201
731247
731357
731364
731447
731451
731549
731648
731720
731742
731754
731756
731841
731861
732255
732263
732367
732388
732472
732568
732747
732938
732957
732973
733095
733185
733322
733440
733612
733673
733675
733689
733690
733801
733998
734109
734124
734128
734183
734278
734287
734331
734345
734384
734636
734646
734690
734761
734841
734899
735052
735125
735612
735647
735690
735729
735833
735843
735883
735979
736143
736188
736287
736432
736522
736538
736628
736693
736735
736752
736810
736812
737024
737151
737168
737221
737628
737670
737856
737947
738045
738136
738170
738213
738361
738459
738649
738714
738859
738977
738987
739135
739148
739178
739294
739318
739332
739347
739419
739420
739559
739821
739828
739904
740035
740146
740241
740358
740366
740451
740633
740644
740646
740666
740707
740829
740983
741025
741308
741349
741392
741595
741775
741784
741997
742027
742060
742127
742251
742327
742351
742480
742613
742700
742786
742795
742834
742880
742910
743000
743015
743066
743085
743254
743388
743459
743485
743855
744101
744807
744914
744986
744997
745216
745259
745273
745505
745528
745722
745787
746104
746157
746220
746382
746383
746413
746554
746606
746761
746884
746896
746953
747036
747108
747124
747247
747251
747304
747396
747529
747579
747602
747617
747691
748058
748078
748126
748157
748165
748335
748442
748677
748737
748886
748909
749011
749051
749159
749518
749562
749649
749693
749738
749929
750002
750052
750250
750448
750585
750807
750817
750904
750944
751142
751238
751268
751528
751589
751599
751719
751784
751884
751949
751950
752060
752083
752272
752285
752508
752604
752705
752716
752812
752877
753344
753405
753431
753744
753845
753902
753939
753993
754135
754181
754301
754459
754561
754702
754912
755070
755094
755101
755311
755353
755386
755591
755761
755826
755920
756086
756197
756376
756480
756579
756879
756973
757039
757085
757086
757150
757165
757213
757311
757376
757726
757871
758007
758050
758160
758381
758481
758503
758750
758848
758850
758871
758941
759051
759108
759162
759207
759590
759614
759677
759878
759942
759943
759998
760072
760083
760351
760368
760389
760588
761001
761004
761035
761051
761070
761174
761253
761253
761278
761428
761537
761618
761623
761642
761777
761832
761930
762062
762449
762715
762765
762820
762948
762978
763025
763059
763149
763263
763284
763392
763397
763653
763697
763766
763853
763887
763895
763952
764079
764124
764174
764296
764360
764560
764797
764802
764827
764953
764974
765102
765220
765395
765397
765489
765499
765549
765558
765665
765855
765895
765899
765921
765928
766123
766135
766146
766312
766317
766524
766901
767043
767221
767401
767421
767567
767630
767705
768137
768232
768241
768251
768409
768413
768600
768739
768865
768886
769053
769116
769251
769492
769823
769895
769912
769982
770000
770024
770183
770198
770312
770347
770359
770362
770436
770473
770563
770611
770697
770698
770757
770905
771075
771424
771427
771711
771879
771908
771953
772083
772133
772209
772245
772556
772604
772630
772648
772659
772667
772904
772926
772973
772985
773389
773452
773532
773554
773662
773807
773823
773880
773919
773926
774152
774285
774300
774373
774495
774526
774636
774985
775423
775544
775676
775817
776034
776078
776116
776167
776179
776213
776290
776307
776332
776397
776403
776474
776500
776526
776611
776705
776863
776892
776969
777005
777026
777131
777209
777441
777472
777646
777784
777870
777915
778150
778188
778289
778367
778466
778786
778819
779059
779150
779230
779375
779394
779591
779740
779921
779959
780031
780053
780077
780237
780263
780341
780351
780362
780424
780526
780601
780722
780996
781051
781109
781130
781541
781876
781890
781905
781927
781957
781989
782380
782511
782568
782749
782905
782992
783027
783031
783031
783130
783154
783242
783403
783643
783678
783901
783932
784112
784142
784333
784343
784396
784418
784446
784488
784492
784550
784672
785000
785008
785055
785065
785088
785156
785174
785276
785279
785429
785443
785483
785528
785610
785629
785652
785702
785942
785954
786419
786505
786623
786709
786750
786806
786840
787472
787493
787544
787569
787625
787631
787683
787938
788098
788196
788225
788360
788458
788488
788498
788546
788775
788831
788919
788951
788986
789095
789136
789225
789324
789481
789483
789610
789624
789651
789651
789669
789889
790043
790248
790630
790740
790802
790829
791116
791358
791517
791658
791692
792031
792051
792069
792420
792514
792519
792532
792553
792728
792830
792923
792988
793014
793081
793153
793193
793323
793382
793387
793391
793410
793548
793623
793705
793825
793877
793923
794043
794089
794199
794740
794794
794848
794924
794969
795095
795197
795241
795266
795391
795399
795489
795632
795670
795829
796064
796317
796388
796424
796436
796687
796770
797119
797319
797416
797500
797691
797776
797780
797783
797941
797952
797967
797974
797995
798055
798129
798213
798237
798389
798440
798717
798736
798888
798936
799042
799083
799096
799208
799261
799361
799509
799656
799690
799762
799853
799854
799904
799920
799971
800017
800662
801030
801040
801121
801136
801230
801420
801456
801714
801714
801757
801781
801872
801956
802007
802029
802121
802189
802245
802246
802291
802447
802489
802504
802580
802697
802877
803042
803365
803449
803641
803694
803706
803738
803797
803900
803939
803962
804048
804098
804383
804482
804674
804721
804893
804952
804981
805192
805210
805296
805330
805408
805543
805623
805879
805953
806013
806075
806258
806460
806707
806710
806759
806765
806878
807089
807136
807262
807439
807490
807615
807811
808098
808148
808167
808225
808235
808274
808335
808407
808415
808421
808599
808654
808654
808698
808740
808821
808836
808857
808926
809062
809208
809260
809281
809380
809420
809784
809935
809937
810076
810279
810330
810383
810615
810671
810779
810837
811064
811120
811218
811271
811312
811588
811783
811952
812042
812136
812301
812312
812364
812371
812410
812411
812413
812469
812504
812518
812539
812655
812742
812790
812810
812838
812990
812992
813180
813193
813234
813287
813556
813622
813726
813824
813831
813871
813944
814066
814092
814225
814291
814332
814462
814670
814749
814868
814888
815011
815542
816228
816351
816351
816409
816585
816630
816631
816641
816739
816885
817023
817230
817245
817312
817379
817418
817542
817613
817618
817664
817668
817758
817786
817846
817882
817951
818011
818033
818304
818350
818367
818443
818953
819095
819103
819200
819319
819472
819697
819723
819765
819930
820104
820182
820197
820289
820303
820355
820624
820829
820849
820926
820982
821090
821105
821129
821140
821204
821264
821275
821332
821405
821574
821788
822074
822219
822295
822309
822390
822547
822812
822971
823072
823090
823164
823216
823230
823455
823522
823539
823710
824020
824023
824123
824232
824271
824291
824307
824309
824439
824502
824593
824732
824827
824877
825023
825313
825436
825459
825607
825608
825609
825703
825994
826166
826264
826333
826395
826511
826523
826563
826610
826620
826644
826656
826662
826772
826784
826834
826835
826863
826924
826973
827049
827065
827201
827356
827414
827428
827532
827544
828048
828105
828227
828244
828548
828975
829142
829259
829501
829514
829515
829556
829560
829816
829975
830558
830629
830669
830669
830992
831021
831155
831226
831381
831381
831831
831854
831859
831878
832141
832166
832180
832355
832377
832539
832546
832666
832697
832734
832748
833008
833156
833338
833464
833474
833665
833723
833871
833897
834011
834121
834179
834339
834348
834576
834696
834831
835091
835179
835236
835259
835282
835331
835524
835599
835772
835845
835901
836139
836160
836399
836542
836585
836938
836960
837038
837064
837101
837157
837228
837301
837310
837467
837522
837565
837634
837932
837966
838096
838406
838428
838465
838745
838757
838961
839142
839350
839417
839430
839644
839662
839906
840030
840068
840137
840147
840193
840219
840655
840746
840766
841009
841056
841185
841336
841389
841493
841596
841617
841845
841864
842340
842492
842544
842750
843000
843236
843257
843272
843471
843489
843496
843546
843551
843611
843658
843711
843745
843901
843982
844091
844103
844170
844488
844541
844555
844560
844620
844706
844901
844918
844930
845115
845154
845181
845225
845240
845418
845553
845575
845638
845663
845881
845939
846036
846036
846290
846354
846659
846725
846823
846956
846975
847005
847288
847359
847412
847420
847763
847915
847933
848195
848311
848750
848775
848891
849023
849046
849127
849135
849563
849575
849575
849691
849698
849731
849751
849792
849843
849856
849949
850036
850171
850304
850320
850323
850393
850461
850480
850730
850732
850818
850875
851092
851185
851615
851633
851675
851930
852016
852023
852059
852150
852243
852281
852350
852363
852458
852688
852876
852884
853048
853150
853153
853442
853643
853692
853713
853865
853923
853988
854058
854097
854100
854209
854257
854298
854478
854513
854612
854763
854813
854921
854978
855187
855189
855330
855354
855368
855379
855521
855535
855599
855680
855737
855848
855867
856027
856081
856096
856100
856141
856401
856488
856562
856616
856768
856884
857143
857189
857207
857226
857253
857443
857729
858059
858096
858116
858170
858216
858234
858265
858343
858460
858568
858593
858619
858655
858660
858699
858940
859031
859246
859260
859484
859521
859561
859614
859714
859765
859770
859915
859938
859953
859984
860064
860066
860148
860212
860249
860297
860430
860438
860551
860607
860873
861009
861039
861063
861091
861202
861228
861267
861319
861379
861443
861465
861646
861709
861778
861801
861816
861871
861882
861896
861896
861971
862031
862303
862540
862547
862584
862661
862772
862917
862954
863055
863076
863116
863198
863390
863443
863494
863501
863503
863574
863606
863609
863618
863630
863646
863722
863775
863817
863819
864079
864260
864598
864940
864979
865141
865204
865254
865280
865542
865543
865584
865751
865760
865866
865873
866413
866579
866623
866762
866762
866825
866915
866927
867156
867208
867216
867316
867553
867564
867859
867990
868014
868180
868256
868290
868321
868385
868788
868969
868987
869006
869009
869031
869209
869215
869245
869298
869406
869492
869608
869773
870060
870108
870180
870286
870303
870519
870553
870679
870731
870757
870885
870977
871133
871200
871205
871228
871362
871414
871450
871649
871679
871818
871905
871943
872390
872395
872572
872613
872631
872693
872775
872872
872911
873112
873197
873273
873343
873360
873421
873442
873698
873821
873922
874000
874211
874231
874499
874515
874755
875191
875264
875366
875543
875638
875771
875800
875899
876127
876328
876340
876663
876777
876940
877080
877127
877379
877518
877629
877646
878060
878370
878690
878690
878715
878720
878883
878913
878956
879023
879213
879321
879329
879373
879441
879479
879479
879585
879588
879589
879621
879725
879770
880039
880178
880349
880564
880583
880606
880622
880674
880904
880942
880993
881017
881192
881198
881315
881389
881463
881493
881546
881759
881792
881793
881804
881920
881964
882004
882063
882113
882168
882254
882478
882563
882701
882864
883016
883016
883108
883682
883805
883937
883966
884310
884686
884766
884907
885013
885017
885023
885050
885170
885211
885222
885239
885432
885498
885596
885817
885943
885952
885953
886321
886345
886424
886583
886700
886717
886743
887022
887246
887613
887629
887714
887727
887845
887908
887929
888162
888207
888262
888332
888460
888581
888651
888686
888711
888768
888959
889179
889351
889438
889476
889557
889722
889759
889899
890095
890102
890169
890230
890401
890407
890421
890539
890804
890869
891031
891091
891206
891219
891235
891282
891370
891606
891627
891643
891778
891793
891919
892120
892158
892263
892273
892275
892300
892550
892557
892575
892658
892694
892926
893014
893026
893254
893326
893546
893755
893897
893899
893945
893948
893950
893950
893992
894003
894059
894071
894243
894295
894360
894906
894954
895250
895278
895379
895741
895809
895844
895970
895983
896008
896010
896297
896541
896554
896718
896733
897079
897197
897399
897436
897503
897521
897583
897593
897627
897646
897668
897679
897689
897798
897917
897934
898000
898004
898197
898206
898216
898232
898348
898412
898423
898652
898756
898828
898990
899100
899124
899249
899274
899383
899818
899860
899876
899951
899980
900033
900066
900075
900102
900143
900193
900303
900422
900473
900559
900647
900816
900963
901257
901476
901597
901732
901750
901774
902180
902354
902387
902533
902639
902645
902714
902716
902729
902819
902822
903183
903210
903296
903546
903672
903786
903982
904032
904047
904121
904140
904320
904443
904488
904604
904707
904888
904983
905033
905110
905258
905394
905572
905606
905782
905800
905941
906060
906162
906429
906532
906765
906799
906866
907236
907244
907259
907288
907291
907464
908182
908405
908583
908639
908708
908803
908844
908845
909022
909073
909313
909323
909492
909498
909568
909627
909654
909683
909689
909731
909850
909877
909902
909934
910040
910061
910250
910284
910308
910620
910701
910784
911163
911382
911431
911780
911860
912049
912122
912137
912243
912249
912255
912260
912374
912446
912450
912537
912597
912613
913203
913203
913476
913519
913543
913561
913563
913672
914355
914357
914452
914473
914481
914622
914694
914853
914891
914948
914970
915166
915313
915407
915482
915630
915660
915800
915853
915986
916008
916048
916164
916165
916320
916457
916584
916609
916645
916707
916754
916788
916797
916863
916884
917024
917086
917115
917158
917276
917331
917365
917384
917436
917490
917694
917759
917767
917780
917811
917956
917982
918051
918078
918092
918160
918522
918580
918602
918715
918729
919094
919162
919231
919499
919567
919696
919812
919959
919977
920021
920052
920086
920264
920500
920730
920774
920796
920809
920885
920983
921127
921237
921329
921436
921622
921690
922216
922400
922606
922947
923292
923631
923669
923758
923872
924071
924263
924380
924658
924725
924746
924826
924912
924920
924924
925017
925213
925331
925352
925356
925495
925504
925516
925531
925555
925691
925701
925912
925919
925925
925926
925953
926119
926466
926498
926822
926849
926916
927013
927087
927270
927342
927357
927434
927435
927437
927633
927691
927755
927768
927772
927782
927833
927851
928183
928210
928245
928246
928270
928301
928329
928522
928524
928566
928611
928679
928762
928871
928913
928944
929104
929859
929981
930125
930155
930608
930628
930664
930737
930749
930749
930794
930832
930992
931152
931161
931257
931434
931562
931726
931932
932460
932473
932481
932522
932524
932542
932649
932695
932701
932711
932752
932864
933061
933197
933237
933276
933350
933395
933488
933551
933552
933690
933720
933720
933966
934085
934097
934198
934372
934591
934697
934897
934941
934966
935117
935605
935607
935646
935732
935839
936021
936026
936113
936124
936275
936335
936508
936513
936528
936575
936678
936768
936807
936823
936857
937000
937014
937049
937208
937346
937365
937408
937419
937518
937648
937885
938000
938031
938050
938134
938146
938285
938418
938464
938466
938552
938577
938877
939054
939067
939339
939361
939361
939522
939581
939649
939760
939814
939919
939943
939957
940050
940173
940437
940455
940557
940569
940763
940765
940798
940840
940891
941052
941054
941693
941752
941812
941839
941952
941971
942019
942247
942304
942577
942623
942705
942715
942768
942995
943007
943013
943031
943152
943268
943382
943445
943522
943641
943646
943690
943911
943918
943958
944061
944082
944186
944234
944310
944373
944455
944486
944568
944656
944701
944716
944890
944904
944956
945001
945067
945117
945214
945334
945409
945452
945459
945564
945896
946017
946042
946222
946239
946615
946658
946994
947169
947494
947535
947602
947608
947629
947635
947867
947882
947899
947907
948061
948096
948124
948165
948283
948308
948378
948379
948382
948623
948863
948902
948919
949034
949149
949357
949409
949480
949500
949504
949518
949555
949630
949858
949895
950016
950041
950199
950311
950330
950424
950524
950598
950706
950713
950773
950807
950881
950966
950988
951017
951047
951330
951556
951599
951599
951768
951778
951843
952006
952180
952216
952274
952489
952626
952729
952742
952898
952911
952994
953111
953147
953184
953227
953250
953308
953377
953553
953554
953711
953796
953865
954139
954216
954332
954367
954388
954424
954592
954680
954750
954792
954825
954831
954956
955007
955053
955257
955468
955476
955647
955684
955743
955801
955803
955812
956022
956034
956041
956229
957003
957023
957135
957228
957250
957338
957379
957387
957527
957637
957676
957858
957977
958008
958080
958162
958186
958298
958418
958450
958484
958752
958889
959004
959089
959483
959567
959675
959693
959702
959889
959964
960019
960028
960092
960290
960310
960340
960348
960353
960642
961206
961244
961384
961413
961484
961638
961850
961914
962083
962156
962184
962570
962600
962949
962967
963067
963295
963412
963413
963427
963912
963936
963961
964115
964271
964329
964464
964615
964685
964757
964929
965231
965422
965449
965585
965726
966263
966291
966291
966385
966445
966496
966734
966793
966832
967234
967569
967609
967656
967792
967927
968027
968033
968068
968117
968169
968306
968426
968592
968639
968717
968807
968821
968833
968850
968977
969171
969273
969412
969430
969459
969504
969542
969749
969966
970202
970230
970366
970682
970910
970985
971027
971072
971090
971288
971383
971485
971728
971821
971837
971867
971898
972096
972267
972283
972435
972458
972575
972704
972707
972861
972985
973136
973202
973300
973356
973390
973528
973547
973553
973744
973759
973851
973989
974103
974136
974176
974176
974329
974384
974402
974466
974476
974594
974640
974825
974918
975014
975063
975380
975415
975460
975498
975593
975700
975825
975837
975861
976185
976211
976213
976220
976314
976472
976522
976637
976673
976892
976948
977212
977600
977770
977792
977830
977881
978079
978101
978268
978279
978594
978641
978642
978662
978739
978839
979286
979575
979576
979732
979868
979964
980020
980089
980640
980644
980844
981008
981422
981463
981469
981489
981508
981566
981578
981687
981755
981787
981899
982080
982181
982338
982359
982401
982404
982523
982556
982571
982942
983351
983370
983374
983447
983612
983756
983863
984125
984569
984653
984727
984792
984796
984874
984923
984977
985235
985347
985377
985449
985452
985474
985586
985893
985962
986009
986042
986094
986130
986296
986307
986342
986688
986709
986866
987207
987245
987299
987300
987572
987645
987745
987985
988110
988141
988251
988484
988509
988675
988788
988802
988824
988849
989005
989061
989079
989130
989265
989289
989360
989387
989433
989467
989613
989760
989812
990131
990132
990148
990371
990458
990934
991004
991022
991031
991111
991155
991256
991332
991333
991366
991498
991680
991771
991805
991922
991947
992220
992280
992336
992511
992634
993039
993045
993222
993260
993424
993493
993847
994100
994117
994196
994284
994322
994386
994468
994480
994654
994705
994733
994769
994982
994997
995079
995114
995189
995326
995366
995701
995835
996003
996048
996135
996453
996550
996631
996649
996650
996776
996785
996912
996928
997170
997176
997301
997712
997712
998005
998016
998066
998158
998253
998311
998410
998465
998534
998580
998818
998947
999139
999189
999251
999600
999627
999649
999727
999803
999978
999988
999995
999997
